!PiCaSsO! version Alpha 0.01 Copyright (C) 2006 by !PiCaSsO! Developer team
08/20/2006 21:39:17: Loading account TEST...
08/20/2006 21:39:17: Loading account 1+2+3+4+5+6...
08/20/2006 21:39:17: Loading account 1 2 3 4 5 6...
08/20/2006 21:39:17: Loading account T E S T...
08/20/2006 21:39:17: Loaded all accounts from database!
08/20/2006 21:39:17: Building external C# scripts, please wait...
08/20/2006 21:39:17: Global scripts successfully loaded!
08/20/2006 21:39:17: HTTPServer listening on port 8080
08/20/2006 21:39:18: Worldserver listening on port 8085
08/20/2006 21:39:18: AuthServer listening on port 1234
08/20/2006 21:39:18: Waiting for incoming connections...
08/20/2006 21:39:32: Incoming connection!
08/20/2006 21:39:32: Recieved Logon Challenge!
08/20/2006 21:39:32: Cient version accepted: 1.11.2, ID = 22549!
08/20/2006 21:39:32: Recieved AUTH_CHALLENGE from user: TEST
08/20/2006 21:39:32: Logon proof!
08/20/2006 21:39:32: Client requested realmlist!
08/20/2006 21:39:32: Client Redirected to Worldserver!
08/20/2006 21:39:32: Challenged client to auth again.
08/20/2006 21:39:32: Recieved 2nd auth from client!
08/20/2006 21:39:32: Account found: TEST
08/20/2006 21:39:32: Temporair message: string account = TEST
08/20/2006 21:39:32: Temporair message: int ClientSeed = -1573742565
08/20/2006 21:39:32: Temporair message: int ServerSeed = 3735927486
08/20/2006 21:39:32: Temporair message: byte[] digest = 3323571200601330582136218701911686728821933119
08/20/2006 21:39:35: Client requested realmlist!
08/20/2006 21:39:35: Client Redirected to Worldserver!
08/20/2006 21:39:35: Challenged client to auth again.
08/20/2006 21:39:35: Recieved 2nd auth from client!
08/20/2006 21:39:35: Account found: TEST
08/20/2006 21:39:35: Temporair message: string account = TEST
08/20/2006 21:39:35: Temporair message: int ClientSeed = 1861401524
08/20/2006 21:39:35: Temporair message: int ServerSeed = 3735927486
08/20/2006 21:39:35: Temporair message: byte[] digest = 635314815321813318311710324459122212871331520223416912
