!PiCaSsO! version Alpha 0.01 Copyright (C) 2006 by !PiCaSsO! Developer team
08/20/2006 18:56:46: Loading account TEST...
08/20/2006 18:56:46: Loaded all accounts from database!
08/20/2006 18:56:46: Building external C# scripts, please wait...
08/20/2006 18:56:46: Global scripts successfully loaded!
08/20/2006 18:56:46: HTTPServer listening on port 8080
08/20/2006 18:56:46: Worldserver listening on port 8085
08/20/2006 18:56:47: AuthServer listening on port 1234
08/20/2006 18:56:47: Waiting for incoming connections...
08/20/2006 18:57:16: Incoming connection!
08/20/2006 18:57:16: Recieved Logon Challenge!
08/20/2006 18:57:16: Cient version accepted: 1.11.2, ID = 22549!
08/20/2006 18:57:16: Recieved AUTH_CHALLENGE from user: TEST
08/20/2006 18:57:16: Logon proof!
08/20/2006 18:57:16: Client requested realmlist!
08/20/2006 18:57:16: Client Redirected to Worldserver!
08/20/2006 18:57:16: Challenged client to auth again.
08/20/2006 18:57:16: Recieved 2nd auth from client!
08/20/2006 18:57:16: Temporair message: string account = 54455354
08/20/2006 18:57:20: Client requested realmlist!
08/20/2006 18:57:20: Client Redirected to Worldserver!
08/20/2006 18:57:20: Challenged client to auth again.
08/20/2006 18:57:20: Recieved 2nd auth from client!
08/20/2006 18:57:20: Temporair message: string account = 54455354
08/20/2006 18:57:50: Recieve unknown OPCode: 77
08/20/2006 18:58:20: Recieve unknown OPCode: 248
08/20/2006 18:58:50: Recieve unknown OPCode: 131
08/20/2006 18:59:20: Recieve unknown OPCode: 142
