!PiCaSsO! version Alpha 0.01 Copyright (C) 2006 by !PiCaSsO! Developer team
08/20/2006 19:07:53: Loading account TEST...
08/20/2006 19:07:53: Loaded all accounts from database!
08/20/2006 19:07:53: Building external C# scripts, please wait...
08/20/2006 19:07:53: Global scripts successfully loaded!
08/20/2006 19:07:53: HTTPServer listening on port 8080
08/20/2006 19:07:53: Worldserver listening on port 8085
08/20/2006 19:07:53: AuthServer listening on port 1234
08/20/2006 19:07:53: Waiting for incoming connections...
08/20/2006 19:08:33: Incoming connection!
08/20/2006 19:08:33: Recieved Logon Challenge!
08/20/2006 19:08:33: Cient version accepted: 1.11.2, ID = 22549!
08/20/2006 19:08:33: Recieved AUTH_CHALLENGE from user: TEST
08/20/2006 19:08:33: Logon proof!
08/20/2006 19:08:37: Incoming connection!
08/20/2006 19:08:37: Recieved Logon Challenge!
08/20/2006 19:08:37: Cient version accepted: 1.11.2, ID = 22549!
08/20/2006 19:08:37: Recieved AUTH_CHALLENGE from user: TEST
08/20/2006 19:08:37: Logon proof!
08/20/2006 19:08:37: Client requested realmlist!
08/20/2006 19:08:37: Client Redirected to Worldserver!
08/20/2006 19:08:37: Challenged client to auth again.
08/20/2006 19:08:37: Recieved 2nd auth from client!
08/20/2006 19:08:37: Temporair message: string account = TEST
08/20/2006 19:08:37: Temporair message: int ClientSeed = -2136986503
08/20/2006 19:08:43: Incoming connection!
08/20/2006 19:08:43: Recieved Logon Challenge!
08/20/2006 19:08:43: Cient version accepted: 1.11.2, ID = 22549!
08/20/2006 19:08:43: Recieved AUTH_CHALLENGE from user: TEST
08/20/2006 19:08:43: Logon proof!
08/20/2006 19:08:43: Client requested realmlist!
08/20/2006 19:08:43: Client Redirected to Worldserver!
08/20/2006 19:08:43: Challenged client to auth again.
08/20/2006 19:08:43: Recieved 2nd auth from client!
08/20/2006 19:08:43: Temporair message: string account = TEST
08/20/2006 19:08:43: Temporair message: int ClientSeed = 1462376393
