!PiCaSsO! version Alpha 0.01 Copyright (C) 2006 by !PiCaSsO! Developer team
08/23/2006 12:30:36: Loading account TEST...
08/23/2006 12:30:36: Loading account 1+2+3+4+5+6...
08/23/2006 12:30:36: Loading account 1 2 3 4 5 6...
08/23/2006 12:30:36: Loading account T E S T...
08/23/2006 12:30:36: Loaded all accounts from database!
08/23/2006 12:30:36: Building external C# scripts, please wait...
08/23/2006 12:30:36: Global scripts successfully loaded!
08/23/2006 12:30:36: HTTPServer listening on port 8080
08/23/2006 12:30:36: Worldserver listening on port 8085
08/23/2006 12:30:36: AuthServer listening on port 1234
08/23/2006 12:30:36: Waiting for incoming connections...
08/23/2006 12:34:07: Incoming connection!
08/23/2006 12:34:07: Recieved Logon Challenge!
08/23/2006 12:34:07: Cient version accepted: 1.11.2, ID = 22549!
08/23/2006 12:34:07: Recieved AUTH_CHALLENGE from user: TEST
08/23/2006 12:34:07: Logon proof!
08/23/2006 12:34:07: Client requested realmlist!
08/23/2006 12:34:07: Client Redirected to Worldserver!
08/23/2006 12:34:07: Challenged client to auth again.
08/23/2006 12:34:07: Recieved 2nd auth from client!
08/23/2006 12:34:07: Account found: TEST
08/23/2006 12:34:38: Temp-Msg(for debugging purposes): Synchronized to Client...
08/23/2006 12:35:08: Temp-Msg(for debugging purposes): Synchronized to Client...
08/23/2006 12:35:38: Temp-Msg(for debugging purposes): Synchronized to Client...
