!PiCaSsO! version Alpha 0.01 Copyright (C) 2006 by !PiCaSsO! Developer team
08/23/2006 12:21:51: Loading account TEST...
08/23/2006 12:21:51: Loading account 1+2+3+4+5+6...
08/23/2006 12:21:51: Loading account 1 2 3 4 5 6...
08/23/2006 12:21:51: Loading account T E S T...
08/23/2006 12:21:51: Loaded all accounts from database!
08/23/2006 12:21:51: Building external C# scripts, please wait...
08/23/2006 12:21:51: Global scripts successfully loaded!
08/23/2006 12:21:51: HTTPServer listening on port 8080
08/23/2006 12:21:51: Worldserver listening on port 8085
08/23/2006 12:21:51: AuthServer listening on port 1234
08/23/2006 12:21:51: Waiting for incoming connections...
08/23/2006 12:22:55: Incoming connection!
08/23/2006 12:22:55: Recieved Logon Challenge!
08/23/2006 12:22:55: Cient version accepted: 1.11.2, ID = 22549!
08/23/2006 12:22:55: Recieved AUTH_CHALLENGE from user: TEST
08/23/2006 12:22:56: Logon proof!
08/23/2006 12:22:56: Client requested realmlist!
08/23/2006 12:22:56: Client Redirected to Worldserver!
08/23/2006 12:22:56: Challenged client to auth again.
08/23/2006 12:22:56: Recieved 2nd auth from client!
08/23/2006 12:22:56: Account found: TEST
08/23/2006 12:22:56: Recieved CMSG_CHAR_ENUM
08/23/2006 12:23:02: Client requested realmlist!
08/23/2006 12:23:06: Recieved CMSG_CHAR_ENUM
08/23/2006 12:23:06: Client requested realmlist!
08/23/2006 12:23:06: Client Redirected to Worldserver!
08/23/2006 12:23:06: Challenged client to auth again.
08/23/2006 12:23:06: Eine bestehende Verbindung wurde softwaregesteuert
durch den Hostcomputer abgebrochen
08/23/2006 12:23:11: Client requested realmlist!
08/23/2006 12:23:11: Client Redirected to Worldserver!
08/23/2006 12:23:11: Challenged client to auth again.
