!PiCaSsO! version Alpha 0.01 Copyright (C) 2006 by !PiCaSsO! Developer team
08/20/2006 18:54:12: Loading account TEST...
08/20/2006 18:54:12: Loaded all accounts from database!
08/20/2006 18:54:12: Building external C# scripts, please wait...
08/20/2006 18:54:12: Global scripts successfully loaded!
08/20/2006 18:54:12: HTTPServer listening on port 8080
08/20/2006 18:54:12: Worldserver listening on port 8085
08/20/2006 18:54:13: AuthServer listening on port 1234
08/20/2006 18:54:13: Waiting for incoming connections...
08/20/2006 18:54:34: Incoming connection!
08/20/2006 18:54:34: Recieved Logon Challenge!
08/20/2006 18:54:34: Cient version accepted: 1.11.2, ID = 22549!
08/20/2006 18:54:34: Recieved AUTH_CHALLENGE from user: TEST
08/20/2006 18:54:34: Logon proof!
08/20/2006 18:54:42: Incoming connection!
08/20/2006 18:54:42: Recieved Logon Challenge!
08/20/2006 18:54:42: Cient version accepted: 1.11.2, ID = 22549!
08/20/2006 18:54:42: Recieved AUTH_CHALLENGE from user: TEST
08/20/2006 18:54:42: Logon proof!
08/20/2006 18:54:43: Client requested realmlist!
08/20/2006 18:54:43: Client Redirected to Worldserver!
08/20/2006 18:54:43: Challenged client to auth again.
08/20/2006 18:54:43: Recieved 2nd auth from client!
