!PiCaSsO! version Alpha 0.01 Copyright (C) 2006 by !PiCaSsO! Developer team
08/23/2006 13:27:35: Loading account TEST...
08/23/2006 13:27:35: Loading account 1+2+3+4+5+6...
08/23/2006 13:27:35: Loading account 1 2 3 4 5 6...
08/23/2006 13:27:35: Loading account T E S T...
08/23/2006 13:27:35: Loaded all accounts from database!
08/23/2006 13:27:35: Building external C# scripts, please wait...
08/23/2006 13:27:35: Global scripts successfully loaded!
08/23/2006 13:27:35: HTTPServer listening on port 8080
08/23/2006 13:27:35: Worldserver listening on port 8085
08/23/2006 13:27:35: AuthServer listening on port 1234
08/23/2006 13:27:35: Waiting for incoming connections...
08/23/2006 13:28:03: Incoming connection!
08/23/2006 13:28:03: Recieved Logon Challenge!
08/23/2006 13:28:03: Cient version accepted: 1.11.2, ID = 22549!
08/23/2006 13:28:03: Recieved AUTH_CHALLENGE from user: TEST
08/23/2006 13:28:03: Logon proof!
08/23/2006 13:28:03: Client requested realmlist!
08/23/2006 13:28:03: Client Redirected to Worldserver!
08/23/2006 13:28:03: Challenged client to auth again.
08/23/2006 13:28:03: Recieved 2nd auth from client!
08/23/2006 13:28:03: Account found: TEST
08/23/2006 13:28:03: Received CMSG_CHAR_ENUM
08/23/2006 13:28:05: Client requested realmlist!
08/23/2006 13:28:11: CMSG_CHAR_CREATE
08/23/2006 13:28:11: Created char:  :)
08/23/2006 13:28:33: Synchronized to Client...
