!PiCaSsO! version Alpha 0.01 Copyright (C) 2006 by !PiCaSsO! Developer team
08/20/2006 19:22:23: Loading account TEST...
08/20/2006 19:22:23: Loading account 1+2+3+4+5+6...
08/20/2006 19:22:23: Loading account 1 2 3 4 5 6...
08/20/2006 19:22:23: Loaded all accounts from database!
08/20/2006 19:22:23: Building external C# scripts, please wait...
08/20/2006 19:22:23: Global scripts successfully loaded!
08/20/2006 19:22:23: HTTPServer listening on port 8080
08/20/2006 19:22:23: Worldserver listening on port 8085
08/20/2006 19:22:23: AuthServer listening on port 1234
08/20/2006 19:22:23: Waiting for incoming connections...
08/20/2006 19:22:28: Socket Type Stream
08/20/2006 19:22:28: Client Connected!
08/20/2006 19:22:28: ==================
08/20/2006 19:22:28: Client IP 127.0.0.1:3471
08/20/2006 19:22:28: Directory Requested : http\
08/20/2006 19:22:28: File Requested : http\account.htm
08/20/2006 19:22:28: Number of bytes sent 110
08/20/2006 19:22:28: Total Bytes : 1547
08/20/2006 19:22:28: Number of bytes sent 1547
08/20/2006 19:22:36: Socket Type Stream
08/20/2006 19:22:36: Client Connected!
08/20/2006 19:22:36: ==================
08/20/2006 19:22:36: Client IP 127.0.0.1:3473
08/20/2006 19:22:36: HTTPServer: method = POST
08/20/2006 19:22:36: Created new account. Username: t e s t Password: ****
08/20/2006 19:22:36: Reloaded accounts!
08/20/2006 19:22:36: Directory Requested : http\
08/20/2006 19:22:36: File Requested : http\accountcreated.htm
08/20/2006 19:22:36: Number of bytes sent 110
08/20/2006 19:22:36: Total Bytes : 1156
08/20/2006 19:22:36: Number of bytes sent 1156
