!PiCaSsO! version Alpha 0.01 Copyright (C) 2006 by !PiCaSsO! Developer team
08/23/2006 12:39:21: Loading account TEST...
08/23/2006 12:39:21: Loading account 1+2+3+4+5+6...
08/23/2006 12:39:21: Loading account 1 2 3 4 5 6...
08/23/2006 12:39:21: Loading account T E S T...
08/23/2006 12:39:21: Loaded all accounts from database!
08/23/2006 12:39:21: Building external C# scripts, please wait...
08/23/2006 12:39:21: Global scripts successfully loaded!
08/23/2006 12:39:21: HTTPServer listening on port 8080
08/23/2006 12:39:22: Worldserver listening on port 8085
08/23/2006 12:39:22: AuthServer listening on port 1234
08/23/2006 12:39:22: Waiting for incoming connections...
08/23/2006 12:39:28: Incoming connection!
08/23/2006 12:39:28: Recieved Logon Challenge!
08/23/2006 12:39:28: Cient version accepted: 1.11.2, ID = 22549!
08/23/2006 12:39:28: Recieved AUTH_CHALLENGE from user: TEST
08/23/2006 12:39:29: Logon proof!
08/23/2006 12:39:29: Client requested realmlist!
08/23/2006 12:39:29: Client Redirected to Worldserver!
08/23/2006 12:39:29: Challenged client to auth again.
08/23/2006 12:39:29: Recieved 2nd auth from client!
08/23/2006 12:39:29: Account found: TEST
08/23/2006 12:39:29: Recieved CMSG_CHAR_ENUM
08/23/2006 12:40:00: Client requested realmlist!
08/23/2006 12:40:00: Temp-Msg(for debugging purposes): Synchronized to Client...
08/23/2006 12:40:03: Recieved CMSG_CHAR_ENUM
08/23/2006 12:40:03: Client requested realmlist!
08/23/2006 12:40:03: Client Redirected to Worldserver!
08/23/2006 12:40:03: Challenged client to auth again.
08/23/2006 12:40:03: Eine bestehende Verbindung wurde softwaregesteuert
durch den Hostcomputer abgebrochen
