!PiCaSsO! version Alpha 0.01 Copyright (C) 2006 by !PiCaSsO! Developer team
08/21/2006 19:14:44: Loading account TEST...
08/21/2006 19:14:44: Loading account 1+2+3+4+5+6...
08/21/2006 19:14:44: Loading account 1 2 3 4 5 6...
08/21/2006 19:14:44: Loading account T E S T...
08/21/2006 19:14:44: Loaded all accounts from database!
08/21/2006 19:14:44: Building external C# scripts, please wait...
08/21/2006 19:14:44: Global scripts successfully loaded!
08/21/2006 19:14:44: HTTPServer listening on port 8080
08/21/2006 19:14:45: Worldserver listening on port 8085
08/21/2006 19:14:45: AuthServer listening on port 1234
08/21/2006 19:14:45: Waiting for incoming connections...
08/21/2006 19:15:06: Incoming connection!
08/21/2006 19:15:06: Recieved Logon Challenge!
08/21/2006 19:15:06: Cient version accepted: 1.11.2, ID = 22549!
08/21/2006 19:15:06: Recieved AUTH_CHALLENGE from user: TEST
08/21/2006 19:15:07: Logon proof!
08/21/2006 19:15:07: Client requested realmlist!
08/21/2006 19:15:07: Client Redirected to Worldserver!
08/21/2006 19:15:07: Challenged client to auth again.
08/21/2006 19:15:07: Recieved 2nd auth from client!
08/21/2006 19:15:07: Account found: TEST
08/21/2006 19:15:19: Client requested realmlist!
08/21/2006 19:15:19: Client Redirected to Worldserver!
08/21/2006 19:15:19: Challenged client to auth again.
08/21/2006 19:15:19: Recieve unknown OPCode: 4
08/21/2006 19:15:20: Client requested realmlist!
08/21/2006 19:15:20: Client Redirected to Worldserver!
08/21/2006 19:15:20: Challenged client to auth again.
