!PiCaSsO! version Alpha 0.01 Copyright (C) 2006 by !PiCaSsO! Developer team
08/20/2006 22:26:52: Loading account TEST...
08/20/2006 22:26:52: Loading account 1+2+3+4+5+6...
08/20/2006 22:26:52: Loading account 1 2 3 4 5 6...
08/20/2006 22:26:52: Loading account T E S T...
08/20/2006 22:26:52: Loaded all accounts from database!
08/20/2006 22:26:52: Building external C# scripts, please wait...
08/20/2006 22:26:52: Global scripts successfully loaded!
08/20/2006 22:26:52: HTTPServer listening on port 8080
08/20/2006 22:26:52: Worldserver listening on port 8085
08/20/2006 22:26:52: AuthServer listening on port 1234
08/20/2006 22:26:52: Waiting for incoming connections...
08/20/2006 22:27:47: Incoming connection!
08/20/2006 22:27:47: Recieved Logon Challenge!
08/20/2006 22:27:47: Cient version accepted: 1.11.2, ID = 22549!
08/20/2006 22:27:47: Recieved AUTH_CHALLENGE from user: TEST
08/20/2006 22:27:47: Logon proof!
08/20/2006 22:27:47: Client requested realmlist!
08/20/2006 22:27:47: Client Redirected to Worldserver!
08/20/2006 22:27:47: Challenged client to auth again.
08/20/2006 22:27:47: Recieved 2nd auth from client!
08/20/2006 22:27:47: Account found: TEST
08/20/2006 22:27:47: Temporair message: string account = TEST
08/20/2006 22:27:47: Temporair message: int ClientSeed = 221871556
08/20/2006 22:27:47: Temporair message: int ServerSeed = 3735927486
08/20/2006 22:27:47: Temporair message: byte[] digest = 133222210211107252209998156162281119418618915760124225
