!PiCaSsO! version Alpha 0.01 Copyright (C) 2006 by !PiCaSsO! Developer team
08/26/2006 19:47:44: Loading account TEST...
08/26/2006 19:47:44: Loaded all accounts from database!
08/26/2006 19:47:44: Building external C# scripts, please wait...
08/26/2006 19:47:44: Global scripts successfully loaded!
08/26/2006 19:47:44: HTTPServer listening on port 8080
08/26/2006 19:47:44: Worldserver listening on port 8085
08/26/2006 19:47:44: AuthServer listening on port 1234
08/26/2006 19:47:44: Waiting for incoming connections...
08/26/2006 19:48:20: Incoming connection!
08/26/2006 19:48:20: Recieved Logon Challenge!
08/26/2006 19:48:20: Wrong client version 56085. Excpected is 1.11.2, ID = 22549!
08/26/2006 19:48:20: Recieved AUTH_CHALLENGE from user: TEST
08/26/2006 19:48:20: Logon proof!
08/26/2006 19:48:20: Client requested realmlist!
08/26/2006 19:48:20: Client Redirected to Worldserver!
08/26/2006 19:48:20: Challenged client to auth again.
08/26/2006 19:48:20: Recieved 2nd auth from client!
08/26/2006 19:48:20: Account found: TEST
08/26/2006 19:48:22: Client requested realmlist!
08/26/2006 19:48:22: Client Redirected to Worldserver!
08/26/2006 19:48:22: Challenged client to auth again.
08/26/2006 19:48:26: Client requested realmlist!
08/26/2006 19:48:26: Client Redirected to Worldserver!
08/26/2006 19:48:26: Challenged client to auth again.
08/26/2006 19:48:34: Incoming connection!
08/26/2006 19:48:34: Recieved Logon Challenge!
08/26/2006 19:48:34: Wrong client version 56085. Excpected is 1.11.2, ID = 22549!
08/26/2006 19:48:34: Recieved AUTH_CHALLENGE from user: TEST
08/26/2006 19:48:34: Logon proof!
08/26/2006 19:48:34: Client requested realmlist!
08/26/2006 19:48:34: Client Redirected to Worldserver!
08/26/2006 19:48:34: Challenged client to auth again.
08/26/2006 19:48:35: Client requested realmlist!
08/26/2006 19:48:35: Client Redirected to Worldserver!
08/26/2006 19:48:35: Challenged client to auth again.
