!PiCaSsO! version Alpha 0.01 Copyright (C) 2006 by !PiCaSsO! Developer team
08/20/2006 17:53:55: Loading account TEST...
08/20/2006 17:53:55: Loaded all accounts from database!
08/20/2006 17:53:55: Building external C# scripts, please wait...
08/20/2006 17:53:55: Global scripts successfully loaded!
08/20/2006 17:53:55: HTTPServer listening on port 8080
08/20/2006 17:53:56: Worldserver listening on port 8085
08/20/2006 17:53:56: AuthServer listening on port 1234
08/20/2006 17:53:56: Waiting for incoming connections...
08/20/2006 17:53:58: Incoming connection!
08/20/2006 17:53:58: Recieved Logon Challenge!
08/20/2006 17:53:58: Cient version accepted: 1.11.2, ID = 22549!
08/20/2006 17:53:58: Recieved AUTH_CHALLENGE from user: BBB
08/20/2006 17:53:58: Wrong login.
08/20/2006 17:54:01: Incoming connection!
08/20/2006 17:54:01: Recieved Logon Challenge!
08/20/2006 17:54:01: Cient version accepted: 1.11.2, ID = 22549!
08/20/2006 17:54:01: Recieved AUTH_CHALLENGE from user: BBB
08/20/2006 17:54:01: Wrong login.
08/20/2006 17:54:04: Incoming connection!
08/20/2006 17:54:04: Recieved Logon Challenge!
08/20/2006 17:54:04: Cient version accepted: 1.11.2, ID = 22549!
08/20/2006 17:54:04: Recieved AUTH_CHALLENGE from user: BBB
08/20/2006 17:54:04: Wrong login.
08/20/2006 17:54:49: Incoming connection!
08/20/2006 17:54:50: Recieved Logon Challenge!
08/20/2006 17:54:50: Cient version accepted: 1.11.2, ID = 22549!
08/20/2006 17:54:50: Recieved AUTH_CHALLENGE from user: TEST
08/20/2006 17:54:50: Logon proof!
08/20/2006 17:54:50: Client requested realmlist!
08/20/2006 17:54:53: Client requested realmlist!
08/20/2006 17:55:22: Client requested realmlist!
08/20/2006 17:55:34: Client requested realmlist!
08/20/2006 17:55:35: Client requested realmlist!
