!PiCaSsO! version Alpha 0.01 Copyright (C) 2006 by !PiCaSsO! Developer team
08/21/2006 18:57:42: Loading account TEST...
08/21/2006 18:57:42: Loading account 1+2+3+4+5+6...
08/21/2006 18:57:42: Loading account 1 2 3 4 5 6...
08/21/2006 18:57:42: Loading account T E S T...
08/21/2006 18:57:42: Loaded all accounts from database!
08/21/2006 18:57:42: Building external C# scripts, please wait...
08/21/2006 18:57:42: Global scripts successfully loaded!
08/21/2006 18:57:42: HTTPServer listening on port 8080
08/21/2006 18:57:42: Worldserver listening on port 8085
08/21/2006 18:57:43: AuthServer listening on port 1234
08/21/2006 18:57:43: Waiting for incoming connections...
08/21/2006 18:58:05: Incoming connection!
08/21/2006 18:58:05: Recieved Logon Challenge!
08/21/2006 18:58:05: Cient version accepted: 1.11.2, ID = 22549!
08/21/2006 18:58:05: Recieved AUTH_CHALLENGE from user: TEST
08/21/2006 18:58:05: Logon proof!
08/21/2006 18:58:05: Client requested realmlist!
08/21/2006 18:58:05: Client Redirected to Worldserver!
08/21/2006 18:58:05: Challenged client to auth again.
08/21/2006 18:58:05: Recieved 2nd auth from client!
08/21/2006 18:58:05: Account found: TEST
08/21/2006 18:58:09: Client requested realmlist!
08/21/2006 18:58:09: Client Redirected to Worldserver!
08/21/2006 18:58:09: Challenged client to auth again.
