!PiCaSsO! version Alpha 0.01 Copyright (C) 2006 by !PiCaSsO! Developer team
08/27/2006 11:03:26: Loading account TEST...
08/27/2006 11:03:26: Loaded all accounts from database!
08/27/2006 11:03:26: Building external C# scripts, please wait...
08/27/2006 11:03:26: Global scripts successfully loaded!
08/27/2006 11:03:26: HTTPServer listening on port 8080
08/27/2006 11:03:26: Worldserver listening on port 8085
08/27/2006 11:03:27: AuthServer listening on port 1234
08/27/2006 11:03:27: Waiting for incoming connections...
08/27/2006 11:03:48: Incoming connection!
08/27/2006 11:03:48: Recieved Logon Challenge!
08/27/2006 11:03:48: Wrong client version 59925. Excpected is 2.0.0, ID = 56085!
08/27/2006 11:03:48: Recieved AUTH_CHALLENGE from user: TEST
08/27/2006 11:03:48: Logon proof!
08/27/2006 11:03:49: Client requested realmlist!
08/27/2006 11:03:49: Client Redirected to Worldserver!
08/27/2006 11:03:49: Challenged client to auth again.
08/27/2006 11:03:49: Recieved 2nd auth from client!
08/27/2006 11:03:49: Account found: TEST
08/27/2006 11:03:54: Client requested realmlist!
08/27/2006 11:03:59: Client requested realmlist!
08/27/2006 11:04:04: Client requested realmlist!
08/27/2006 11:04:09: Client requested realmlist!
08/27/2006 11:04:14: Client requested realmlist!
08/27/2006 11:04:19: Synchronized to Client...
08/27/2006 11:04:19: Client requested realmlist!
08/27/2006 11:04:24: Client requested realmlist!
