!PiCaSsO! version Alpha 0.01 Copyright (C) 2006 by !PiCaSsO! Developer team
08/22/2006 10:06:01: Loading account TEST...
08/22/2006 10:06:01: Loading account 1+2+3+4+5+6...
08/22/2006 10:06:01: Loading account 1 2 3 4 5 6...
08/22/2006 10:06:01: Loading account T E S T...
08/22/2006 10:06:01: Loaded all accounts from database!
08/22/2006 10:06:01: Building external C# scripts, please wait...
08/22/2006 10:06:01: Global scripts successfully loaded!
08/22/2006 10:06:01: HTTPServer listening on port 8080
08/22/2006 10:06:01: Worldserver listening on port 8085
08/22/2006 10:06:01: AuthServer listening on port 1234
08/22/2006 10:06:01: Waiting for incoming connections...
08/22/2006 10:06:20: Incoming connection!
08/22/2006 10:06:20: Recieved Logon Challenge!
08/22/2006 10:06:20: Cient version accepted: 1.11.2, ID = 22549!
08/22/2006 10:06:20: Recieved AUTH_CHALLENGE from user: TEST
08/22/2006 10:06:21: Logon proof!
08/22/2006 10:06:21: Client requested realmlist!
08/22/2006 10:06:21: Client Redirected to Worldserver!
08/22/2006 10:06:21: Challenged client to auth again.
08/22/2006 10:06:21: Recieved 2nd auth from client!
08/22/2006 10:06:21: Account found: TEST
