!PiCaSsO! version Alpha 0.01 Copyright (C) 2006 by !PiCaSsO! Developer team
08/22/2006 10:03:41: Loading account TEST...
08/22/2006 10:03:41: Loading account 1+2+3+4+5+6...
08/22/2006 10:03:41: Loading account 1 2 3 4 5 6...
08/22/2006 10:03:41: Loading account T E S T...
08/22/2006 10:03:41: Loaded all accounts from database!
08/22/2006 10:03:41: Building external C# scripts, please wait...
08/22/2006 10:03:41: Global scripts successfully loaded!
08/22/2006 10:03:41: HTTPServer listening on port 8080
08/22/2006 10:03:41: Worldserver listening on port 8085
08/22/2006 10:03:41: AuthServer listening on port 1234
08/22/2006 10:03:41: Waiting for incoming connections...
08/22/2006 10:04:34: Incoming connection!
08/22/2006 10:04:34: Recieved Logon Challenge!
08/22/2006 10:04:34: Cient version accepted: 1.11.2, ID = 22549!
08/22/2006 10:04:34: Recieved AUTH_CHALLENGE from user: TEST
08/22/2006 10:04:34: Logon proof!
08/22/2006 10:04:35: Client requested realmlist!
08/22/2006 10:04:35: Client Redirected to Worldserver!
08/22/2006 10:04:35: Challenged client to auth again.
08/22/2006 10:04:35: Recieved 2nd auth from client!
08/22/2006 10:04:35: Account found: TEST
08/22/2006 10:04:39: Client requested realmlist!
08/22/2006 10:04:39: Client Redirected to Worldserver!
08/22/2006 10:04:39: Challenged client to auth again.
08/22/2006 10:04:44: Client requested realmlist!
08/22/2006 10:04:44: Client Redirected to Worldserver!
08/22/2006 10:04:44: Challenged client to auth again.
08/22/2006 10:04:44: Recieve unknown OPCode: 16
