!PiCaSsO! version Alpha 0.01 Copyright (C) 2006 by !PiCaSsO! Developer team
08/20/2006 22:20:43: Loading account TEST...
08/20/2006 22:20:43: Loading account 1+2+3+4+5+6...
08/20/2006 22:20:43: Loading account 1 2 3 4 5 6...
08/20/2006 22:20:43: Loading account T E S T...
08/20/2006 22:20:43: Loaded all accounts from database!
08/20/2006 22:20:43: Building external C# scripts, please wait...
08/20/2006 22:20:43: Global scripts successfully loaded!
08/20/2006 22:20:43: HTTPServer listening on port 8080
08/20/2006 22:20:43: Worldserver listening on port 8085
08/20/2006 22:20:43: AuthServer listening on port 1234
08/20/2006 22:20:43: Waiting for incoming connections...
08/20/2006 22:21:18: Incoming connection!
08/20/2006 22:21:19: Recieved Logon Challenge!
08/20/2006 22:21:19: Cient version accepted: 1.11.2, ID = 22549!
08/20/2006 22:21:19: Recieved AUTH_CHALLENGE from user: TEST
08/20/2006 22:21:19: Logon proof!
08/20/2006 22:21:19: Client requested realmlist!
08/20/2006 22:21:19: Client Redirected to Worldserver!
08/20/2006 22:21:19: Challenged client to auth again.
08/20/2006 22:21:19: Recieved 2nd auth from client!
08/20/2006 22:21:19: Account found: TEST
08/20/2006 22:21:19: Temporair message: string account = TEST
08/20/2006 22:21:19: Temporair message: int ClientSeed = 1725212485
08/20/2006 22:21:19: Temporair message: int ServerSeed = 3735927486
08/20/2006 22:21:19: Temporair message: byte[] digest = 103551404911011522919315128184631571423775129163188241
08/20/2006 22:21:25: Client requested realmlist!
08/20/2006 22:21:25: Client Redirected to Worldserver!
08/20/2006 22:21:25: Challenged client to auth again.
08/20/2006 22:21:25: Recieved 2nd auth from client!
08/20/2006 22:21:25: Account found: TEST
08/20/2006 22:21:25: Temporair message: string account = TEST
08/20/2006 22:21:25: Temporair message: int ClientSeed = -573811610
08/20/2006 22:21:25: Temporair message: int ServerSeed = 3735927486
08/20/2006 22:21:25: Temporair message: byte[] digest = 10156250254696323578114196243194105150208237211121581
