!PiCaSsO! version Alpha 0.01 Copyright (C) 2006 by !PiCaSsO! Developer team
08/22/2006 10:40:09: Loading account TEST...
08/22/2006 10:40:09: Loading account 1+2+3+4+5+6...
08/22/2006 10:40:09: Loading account 1 2 3 4 5 6...
08/22/2006 10:40:09: Loading account T E S T...
08/22/2006 10:40:09: Loaded all accounts from database!
08/22/2006 10:40:09: Building external C# scripts, please wait...
08/22/2006 10:40:09: Global scripts successfully loaded!
08/22/2006 10:40:09: HTTPServer listening on port 8080
08/22/2006 10:40:09: Worldserver listening on port 8085
08/22/2006 10:40:10: AuthServer listening on port 1234
08/22/2006 10:40:10: Waiting for incoming connections...
08/22/2006 10:42:04: Incoming connection!
08/22/2006 10:42:04: Recieved Logon Challenge!
08/22/2006 10:42:04: Cient version accepted: 1.11.2, ID = 22549!
08/22/2006 10:42:04: Recieved AUTH_CHALLENGE from user: TEST
08/22/2006 10:42:04: Logon proof!
08/22/2006 10:42:04: Client requested realmlist!
08/22/2006 10:42:08: Client requested realmlist!
08/22/2006 10:42:08: Client Redirected to Worldserver!
08/22/2006 10:42:08: Challenged client to auth again.
08/22/2006 10:42:08: Recieved 2nd auth from client!
08/22/2006 10:42:08: Account found: TEST
08/22/2006 10:42:38: Temp-Msg(for debugging purposes): Synchronized to Client...
08/22/2006 10:43:08: Temp-Msg(for debugging purposes): Synchronized to Client...
08/22/2006 10:43:38: Temp-Msg(for debugging purposes): Synchronized to Client...
08/22/2006 10:44:08: Temp-Msg(for debugging purposes): Synchronized to Client...
08/22/2006 10:44:38: Temp-Msg(for debugging purposes): Synchronized to Client...
08/22/2006 10:45:08: Temp-Msg(for debugging purposes): Synchronized to Client...
08/22/2006 10:45:38: Temp-Msg(for debugging purposes): Synchronized to Client...
08/22/2006 10:46:08: Temp-Msg(for debugging purposes): Synchronized to Client...
08/22/2006 10:46:38: Temp-Msg(for debugging purposes): Synchronized to Client...
08/22/2006 10:47:08: Temp-Msg(for debugging purposes): Synchronized to Client...
08/22/2006 10:47:38: Temp-Msg(for debugging purposes): Synchronized to Client...
08/22/2006 10:48:09: Temp-Msg(for debugging purposes): Synchronized to Client...
08/22/2006 10:48:39: Temp-Msg(for debugging purposes): Synchronized to Client...
08/22/2006 10:49:08: Temp-Msg(for debugging purposes): Synchronized to Client...
08/22/2006 10:49:38: Temp-Msg(for debugging purposes): Synchronized to Client...
08/22/2006 10:50:09: Temp-Msg(for debugging purposes): Synchronized to Client...
08/22/2006 10:50:39: Temp-Msg(for debugging purposes): Synchronized to Client...
08/22/2006 10:51:09: Temp-Msg(for debugging purposes): Synchronized to Client...
08/22/2006 10:51:39: Temp-Msg(for debugging purposes): Synchronized to Client...
08/22/2006 10:52:09: Temp-Msg(for debugging purposes): Synchronized to Client...
08/22/2006 10:52:39: Temp-Msg(for debugging purposes): Synchronized to Client...
08/22/2006 10:53:09: Temp-Msg(for debugging purposes): Synchronized to Client...
08/22/2006 10:53:39: Temp-Msg(for debugging purposes): Synchronized to Client...
08/22/2006 10:54:09: Temp-Msg(for debugging purposes): Synchronized to Client...
08/22/2006 10:54:39: Temp-Msg(for debugging purposes): Synchronized to Client...
08/22/2006 10:55:09: Temp-Msg(for debugging purposes): Synchronized to Client...
08/22/2006 10:55:39: Temp-Msg(for debugging purposes): Synchronized to Client...
08/22/2006 10:56:09: Temp-Msg(for debugging purposes): Synchronized to Client...
