!PiCaSsO! version Alpha 0.01 Copyright (C) 2006 by !PiCaSsO! Developer team
08/20/2006 19:19:57: Loading account TEST...
08/20/2006 19:19:57: Loading account 1+2+3+4+5+6...
08/20/2006 19:19:57: Loaded all accounts from database!
08/20/2006 19:19:57: Building external C# scripts, please wait...
08/20/2006 19:19:57: Global scripts successfully loaded!
08/20/2006 19:19:57: HTTPServer listening on port 8080
08/20/2006 19:19:57: Worldserver listening on port 8085
08/20/2006 19:19:58: AuthServer listening on port 1234
08/20/2006 19:19:58: Waiting for incoming connections...
08/20/2006 19:20:02: Socket Type Stream
08/20/2006 19:20:02: Client Connected!
08/20/2006 19:20:02: ==================
08/20/2006 19:20:02: Client IP 127.0.0.1:3455
08/20/2006 19:20:02: HTTPServer: method = POST
08/20/2006 19:20:02: Created new account. Username: 1 2 3 4 5 6 Password: ****
08/20/2006 19:20:02: Reloaded accounts!
08/20/2006 19:20:02: Directory Requested : http\
08/20/2006 19:20:02: File Requested : http\accountcreated.htm
08/20/2006 19:20:02: Number of bytes sent 110
08/20/2006 19:20:02: Total Bytes : 1156
08/20/2006 19:20:02: Number of bytes sent 1156
