!PiCaSsO! version Alpha 0.01 Copyright (C) 2006 by !PiCaSsO! Developer team
08/23/2006 12:15:12: Loading account TEST...
08/23/2006 12:15:12: Loading account 1+2+3+4+5+6...
08/23/2006 12:15:12: Loading account 1 2 3 4 5 6...
08/23/2006 12:15:12: Loading account T E S T...
08/23/2006 12:15:12: Loaded all accounts from database!
08/23/2006 12:15:12: Building external C# scripts, please wait...
08/23/2006 12:15:12: Global scripts successfully loaded!
08/23/2006 12:15:12: HTTPServer listening on port 8080
08/23/2006 12:15:13: Worldserver listening on port 8085
08/23/2006 12:15:13: AuthServer listening on port 1234
08/23/2006 12:15:13: Waiting for incoming connections...
08/23/2006 12:19:08: Incoming connection!
08/23/2006 12:19:08: Recieved Logon Challenge!
08/23/2006 12:19:08: Cient version accepted: 1.11.2, ID = 22549!
08/23/2006 12:19:08: Recieved AUTH_CHALLENGE from user: TEST
08/23/2006 12:19:09: Logon proof!
08/23/2006 12:19:15: Incoming connection!
08/23/2006 12:19:15: Recieved Logon Challenge!
08/23/2006 12:19:15: Cient version accepted: 1.11.2, ID = 22549!
08/23/2006 12:19:15: Recieved AUTH_CHALLENGE from user: TEST
08/23/2006 12:19:16: Logon proof!
08/23/2006 12:19:16: Client requested realmlist!
08/23/2006 12:19:16: Client Redirected to Worldserver!
08/23/2006 12:19:16: Challenged client to auth again.
08/23/2006 12:19:16: Recieved 2nd auth from client!
08/23/2006 12:19:16: Account found: TEST
08/23/2006 12:19:16: Recieved CMSG_CHAR_ENUM
