!PiCaSsO! version Alpha 0.01 Copyright (C) 2006 by !PiCaSsO! Developer team
08/20/2006 19:18:37: Loading account TEST...
08/20/2006 19:18:37: Loaded all accounts from database!
08/20/2006 19:18:37: Building external C# scripts, please wait...
08/20/2006 19:18:37: Global scripts successfully loaded!
08/20/2006 19:18:37: HTTPServer listening on port 8080
08/20/2006 19:18:38: Worldserver listening on port 8085
08/20/2006 19:18:38: AuthServer listening on port 1234
08/20/2006 19:18:38: Waiting for incoming connections...
08/20/2006 19:18:53: Socket Type Stream
08/20/2006 19:18:53: Client Connected!
08/20/2006 19:18:53: ==================
08/20/2006 19:18:53: Client IP 127.0.0.1:3453
08/20/2006 19:18:53: HTTPServer: method = POST
08/20/2006 19:18:53: Created new account. Username: 1+2+3+4+5+6 Password: ****
08/20/2006 19:18:53: Reloaded accounts!
08/20/2006 19:18:53: Directory Requested : http\
08/20/2006 19:18:53: File Requested : http\accountcreated.htm
08/20/2006 19:18:53: Number of bytes sent 110
08/20/2006 19:18:53: Total Bytes : 1156
08/20/2006 19:18:53: Number of bytes sent 1156
