!PiCaSsO! version Alpha 0.01 Copyright (C) 2006 by !PiCaSsO! Developer team
08/23/2006 12:48:44: Loading account TEST...
08/23/2006 12:48:44: Loading account 1+2+3+4+5+6...
08/23/2006 12:48:44: Loading account 1 2 3 4 5 6...
08/23/2006 12:48:44: Loading account T E S T...
08/23/2006 12:48:44: Loaded all accounts from database!
08/23/2006 12:48:44: Building external C# scripts, please wait...
08/23/2006 12:48:44: Global scripts successfully loaded!
08/23/2006 12:48:44: HTTPServer listening on port 8080
08/23/2006 12:48:44: Worldserver listening on port 8085
08/23/2006 12:48:45: AuthServer listening on port 1234
08/23/2006 12:48:45: Waiting for incoming connections...
08/23/2006 12:49:12: Incoming connection!
08/23/2006 12:49:12: Recieved Logon Challenge!
08/23/2006 12:49:12: Cient version accepted: 1.11.2, ID = 22549!
08/23/2006 12:49:12: Recieved AUTH_CHALLENGE from user: TEST
08/23/2006 12:49:12: Logon proof!
08/23/2006 12:49:12: Client requested realmlist!
08/23/2006 12:49:12: Client Redirected to Worldserver!
08/23/2006 12:49:12: Challenged client to auth again.
08/23/2006 12:49:12: Recieved 2nd auth from client!
08/23/2006 12:49:12: Account found: TEST
08/23/2006 12:49:13: Recieved CMSG_CHAR_ENUM
08/23/2006 12:49:42: Temp-Msg(for debugging purposes): Synchronized to Client...
08/23/2006 12:50:12: Temp-Msg(for debugging purposes): Synchronized to Client...
08/23/2006 12:50:42: Temp-Msg(for debugging purposes): Synchronized to Client...
