!PiCaSsO! version Alpha 0.01 Copyright (C) 2006 by !PiCaSsO! Developer team
08/20/2006 15:29:56: Loaded all accounts from database!
08/20/2006 15:29:56: Building external C# scripts, please wait...
08/20/2006 15:29:56: Global scripts successfully rebuilt!
08/20/2006 15:29:56: HTTPServer listening on port 8080
08/20/2006 15:29:57: Worldserver listening on port 8085
08/20/2006 15:29:57: AuthServer listening on port 3724
08/20/2006 15:29:57: Waiting for incoming connections...
08/20/2006 15:30:01: Socket Type Stream
08/20/2006 15:30:01: Client Connected!
08/20/2006 15:30:01: ==================
08/20/2006 15:30:01: Client IP 127.0.0.1:4348
08/20/2006 15:30:01: Directory Requested : http\
08/20/2006 15:30:01: File Requested : http\account.htm
08/20/2006 15:30:01: Number of bytes sent 110
08/20/2006 15:30:01: Total Bytes : 1547
08/20/2006 15:30:01: Number of bytes sent 1547
08/20/2006 15:30:07: Socket Type Stream
08/20/2006 15:30:07: Client Connected!
08/20/2006 15:30:07: ==================
08/20/2006 15:30:07: Client IP 127.0.0.1:4349
08/20/2006 15:30:07: HTTPServer: method = POST
08/20/2006 15:30:07: Created new account. Username: test Password: test
08/20/2006 15:30:07: Reloaded accounts!
08/20/2006 15:30:07: Directory Requested : http\
08/20/2006 15:30:07: File Requested : http\accountcreated.htm
08/20/2006 15:30:07: Number of bytes sent 110
08/20/2006 15:30:07: Total Bytes : 1156
08/20/2006 15:30:07: Number of bytes sent 1156
