!PiCaSsO! version Alpha 0.01 Copyright (C) 2006 by !PiCaSsO! Developer team
08/20/2006 21:47:45: Loading account TEST...
08/20/2006 21:47:45: Loading account 1+2+3+4+5+6...
08/20/2006 21:47:45: Loading account 1 2 3 4 5 6...
08/20/2006 21:47:45: Loading account T E S T...
08/20/2006 21:47:45: Loaded all accounts from database!
08/20/2006 21:47:45: Building external C# scripts, please wait...
08/20/2006 21:47:45: Global scripts successfully loaded!
08/20/2006 21:47:45: HTTPServer listening on port 8080
08/20/2006 21:47:46: Worldserver listening on port 8085
08/20/2006 21:47:46: AuthServer listening on port 1234
08/20/2006 21:47:46: Waiting for incoming connections...
08/20/2006 21:48:23: Incoming connection!
08/20/2006 21:48:23: Recieved Logon Challenge!
08/20/2006 21:48:23: Cient version accepted: 1.11.2, ID = 22549!
08/20/2006 21:48:23: Recieved AUTH_CHALLENGE from user: TEST
08/20/2006 21:48:23: Logon proof!
08/20/2006 21:48:23: Client requested realmlist!
08/20/2006 21:48:23: Client Redirected to Worldserver!
08/20/2006 21:48:23: Challenged client to auth again.
08/20/2006 21:48:24: Recieved 2nd auth from client!
08/20/2006 21:48:24: Account found: TEST
08/20/2006 21:48:24: Temporair message: string account = TEST
08/20/2006 21:48:24: Temporair message: int ClientSeed = -874653936
08/20/2006 21:48:24: Temporair message: int ServerSeed = 3735927486
08/20/2006 21:48:24: Temporair message: byte[] digest = 131315618467159123143208229157922259226991221191077
08/20/2006 21:48:28: Client requested realmlist!
08/20/2006 21:48:28: Client Redirected to Worldserver!
08/20/2006 21:48:28: Challenged client to auth again.
08/20/2006 21:48:28: Recieved 2nd auth from client!
08/20/2006 21:48:28: Account found: TEST
08/20/2006 21:48:28: Temporair message: string account = TEST
08/20/2006 21:48:28: Temporair message: int ClientSeed = -879380241
08/20/2006 21:48:28: Temporair message: int ServerSeed = 3735927486
08/20/2006 21:48:28: Temporair message: byte[] digest = 16861128110171682031604520320424727642434714721323857
08/20/2006 21:48:30: Client requested realmlist!
08/20/2006 21:48:33: Client Redirected to Worldserver!
08/20/2006 21:48:33: Challenged client to auth again.
08/20/2006 21:48:33: Recieved 2nd auth from client!
08/20/2006 21:48:33: Account found: TEST
08/20/2006 21:48:33: Temporair message: string account = TEST
08/20/2006 21:48:33: Temporair message: int ClientSeed = 207221229
08/20/2006 21:48:33: Temporair message: int ServerSeed = 3735927486
08/20/2006 21:48:33: Temporair message: byte[] digest = 16121012017312194174227552356823943322123764152175105
08/20/2006 21:48:35: Client requested realmlist!
08/20/2006 21:48:35: Client Redirected to Worldserver!
08/20/2006 21:48:35: Challenged client to auth again.
08/20/2006 21:48:35: Recieved 2nd auth from client!
08/20/2006 21:48:35: Account found: TEST
08/20/2006 21:48:35: Temporair message: string account = TEST
08/20/2006 21:48:35: Temporair message: int ClientSeed = 1457329150
08/20/2006 21:48:35: Temporair message: int ServerSeed = 3735927486
08/20/2006 21:48:35: Temporair message: byte[] digest = 24325310422516499118108170244123771038420759188125248
