!PiCaSsO! version Alpha 0.01 Copyright (C) 2006 by !PiCaSsO! Developer team
08/23/2006 13:12:48: Loading account TEST...
08/23/2006 13:12:48: Loading account 1+2+3+4+5+6...
08/23/2006 13:12:48: Loading account 1 2 3 4 5 6...
08/23/2006 13:12:48: Loading account T E S T...
08/23/2006 13:12:48: Loaded all accounts from database!
08/23/2006 13:12:48: Building external C# scripts, please wait...
08/23/2006 13:12:48: Global scripts successfully loaded!
08/23/2006 13:12:48: HTTPServer listening on port 8080
08/23/2006 13:12:48: Worldserver listening on port 8085
08/23/2006 13:12:49: AuthServer listening on port 1234
08/23/2006 13:12:49: Waiting for incoming connections...
08/23/2006 13:13:08: Incoming connection!
08/23/2006 13:13:08: Recieved Logon Challenge!
08/23/2006 13:13:08: Cient version accepted: 1.11.2, ID = 22549!
08/23/2006 13:13:08: Recieved AUTH_CHALLENGE from user: TEST
08/23/2006 13:13:08: Logon proof!
08/23/2006 13:13:08: Client requested realmlist!
08/23/2006 13:13:08: Client Redirected to Worldserver!
08/23/2006 13:13:08: Challenged client to auth again.
08/23/2006 13:13:08: Recieved 2nd auth from client!
08/23/2006 13:13:08: Account found: TEST
08/23/2006 13:13:09: Received CMSG_CHAR_ENUM
08/23/2006 13:13:10: Client requested realmlist!
08/23/2006 13:13:14: Recieve unknown OPCode: 0
08/23/2006 13:13:38: Synchronized to Client...
08/23/2006 13:14:08: Synchronized to Client...
08/23/2006 13:14:39: Synchronized to Client...
08/23/2006 13:15:08: Synchronized to Client...
08/23/2006 13:15:38: Synchronized to Client...
