!PiCaSsO! version Alpha 0.01 Copyright (C) 2006 by !PiCaSsO! Developer team
08/20/2006 21:11:58: Loading account TEST...
08/20/2006 21:11:58: Loading account 1+2+3+4+5+6...
08/20/2006 21:11:58: Loading account 1 2 3 4 5 6...
08/20/2006 21:11:58: Loading account T E S T...
08/20/2006 21:11:58: Loaded all accounts from database!
08/20/2006 21:11:58: Building external C# scripts, please wait...
08/20/2006 21:11:58: Global scripts successfully loaded!
08/20/2006 21:11:58: HTTPServer listening on port 8080
08/20/2006 21:11:58: Worldserver listening on port 8085
08/20/2006 21:11:58: AuthServer listening on port 1234
08/20/2006 21:11:58: Waiting for incoming connections...
08/20/2006 21:12:51: Incoming connection!
08/20/2006 21:12:52: Recieved Logon Challenge!
08/20/2006 21:12:52: Cient version accepted: 1.11.2, ID = 22549!
08/20/2006 21:12:52: Recieved AUTH_CHALLENGE from user: TEST
08/20/2006 21:12:52: Logon proof!
08/20/2006 21:12:52: Client requested realmlist!
08/20/2006 21:12:52: Client Redirected to Worldserver!
08/20/2006 21:12:52: Challenged client to auth again.
08/20/2006 21:12:52: Recieved 2nd auth from client!
08/20/2006 21:12:52: Account found: TEST
08/20/2006 21:12:52: Temporair message: string account = TEST
08/20/2006 21:12:52: Temporair message: int ClientSeed = -746792602
08/20/2006 21:12:52: Temporair message: int ServerSeed = 3735927486
08/20/2006 21:12:52: Temporair message: byte[] digest = 21624155248304616622823233102411491314415045316952
08/20/2006 21:12:52: Temporair message: the finalized has is: 
08/20/2006 21:13:00: Incoming connection!
08/20/2006 21:13:00: Recieved Logon Challenge!
08/20/2006 21:13:00: Cient version accepted: 1.11.2, ID = 22549!
08/20/2006 21:13:00: Recieved AUTH_CHALLENGE from user: TEST
08/20/2006 21:13:00: Logon proof!
08/20/2006 21:13:00: Client requested realmlist!
08/20/2006 21:13:00: Client Redirected to Worldserver!
08/20/2006 21:13:00: Challenged client to auth again.
08/20/2006 21:13:00: Recieved 2nd auth from client!
08/20/2006 21:13:00: Account found: TEST
08/20/2006 21:13:00: Temporair message: string account = TEST
08/20/2006 21:13:00: Temporair message: int ClientSeed = 213052543
08/20/2006 21:13:00: Temporair message: int ServerSeed = 3735927486
08/20/2006 21:13:00: Temporair message: byte[] digest = 652133184186581022131748020423373186100167241185182133
08/20/2006 21:13:00: Temporair message: the finalized has is: 
08/20/2006 21:13:08: Client requested realmlist!
08/20/2006 21:13:09: Client Redirected to Worldserver!
08/20/2006 21:13:09: Challenged client to auth again.
08/20/2006 21:13:09: Recieved 2nd auth from client!
08/20/2006 21:13:09: Account found: TEST
08/20/2006 21:13:09: Temporair message: string account = TEST
08/20/2006 21:13:09: Temporair message: int ClientSeed = 662288457
08/20/2006 21:13:09: Temporair message: int ServerSeed = 3735927486
08/20/2006 21:13:09: Temporair message: byte[] digest = 130144244466516302228761160196143107145123197251142148
08/20/2006 21:13:09: Temporair message: the finalized has is: 
