!PiCaSsO! version Alpha 0.01 Copyright (C) 2006 by !PiCaSsO! Developer team
08/20/2006 19:16:40: Loading account TEST...
08/20/2006 19:16:40: Loaded all accounts from database!
08/20/2006 19:16:40: Building external C# scripts, please wait...
08/20/2006 19:16:40: Global scripts successfully loaded!
08/20/2006 19:16:40: HTTPServer listening on port 8080
08/20/2006 19:16:40: Worldserver listening on port 8085
08/20/2006 19:16:40: AuthServer listening on port 1234
08/20/2006 19:16:40: Waiting for incoming connections...
08/20/2006 19:16:48: Socket Type Stream
08/20/2006 19:16:48: Client Connected!
08/20/2006 19:16:48: ==================
08/20/2006 19:16:48: Client IP 127.0.0.1:3415
08/20/2006 19:16:48: Directory Requested : http\
08/20/2006 19:16:48: File Requested : http\account.htm
08/20/2006 19:16:48: Number of bytes sent 110
08/20/2006 19:16:48: Total Bytes : 1547
08/20/2006 19:16:48: Number of bytes sent 1547
08/20/2006 19:16:48: Socket Type Stream
08/20/2006 19:16:48: Client Connected!
08/20/2006 19:16:48: ==================
08/20/2006 19:16:48: Client IP 127.0.0.1:3416
08/20/2006 19:16:48: Directory Requested : http\
08/20/2006 19:16:48: File Requested : http\favicon.ico
08/20/2006 19:16:48: Number of bytes sent 110
08/20/2006 19:16:48: Total Bytes : 33982
08/20/2006 19:16:48: Number of bytes sent 33982
08/20/2006 19:16:55: Socket Type Stream
08/20/2006 19:16:55: Client Connected!
08/20/2006 19:16:55: ==================
08/20/2006 19:16:55: Client IP 127.0.0.1:3418
08/20/2006 19:16:55: Directory Requested : http\
08/20/2006 19:16:55: File Requested : http\BrowserError.htm
08/20/2006 19:16:55: Number of bytes sent 108
08/20/2006 19:16:55: Total Bytes : 80
08/20/2006 19:16:55: Number of bytes sent 80
08/20/2006 19:17:06: Socket Type Stream
08/20/2006 19:17:06: Client Connected!
08/20/2006 19:17:06: ==================
08/20/2006 19:17:06: Client IP 127.0.0.1:3435
08/20/2006 19:17:06: Directory Requested : http\
08/20/2006 19:17:06: File Requested : http\account.htm
08/20/2006 19:17:06: Number of bytes sent 110
08/20/2006 19:17:06: Total Bytes : 1547
08/20/2006 19:17:06: Number of bytes sent 1547
08/20/2006 19:17:09: Socket Type Stream
08/20/2006 19:17:09: Client Connected!
08/20/2006 19:17:09: ==================
08/20/2006 19:17:09: Client IP 127.0.0.1:3436
08/20/2006 19:17:09: HTTPServer: method = POST
08/20/2006 19:17:09: Account already exists! Username: test Password: test
08/20/2006 19:17:09: Directory Requested : http\
08/20/2006 19:17:09: File Requested : http\accountexists.htm
08/20/2006 19:17:09: Number of bytes sent 108
08/20/2006 19:17:09: Total Bytes : 79
08/20/2006 19:17:09: Number of bytes sent 79
