!PiCaSsO! version Alpha 0.01 Copyright (C) 2006 by !PiCaSsO! Developer team
08/20/2006 23:17:32: Loading account TEST...
08/20/2006 23:17:32: Loading account 1+2+3+4+5+6...
08/20/2006 23:17:32: Loading account 1 2 3 4 5 6...
08/20/2006 23:17:32: Loading account T E S T...
08/20/2006 23:17:32: Loaded all accounts from database!
08/20/2006 23:17:32: Building external C# scripts, please wait...
08/20/2006 23:17:32: Global scripts successfully loaded!
08/20/2006 23:17:32: HTTPServer listening on port 8080
08/20/2006 23:17:32: Worldserver listening on port 8085
08/20/2006 23:17:33: AuthServer listening on port 1234
08/20/2006 23:17:33: Waiting for incoming connections...
08/20/2006 23:17:58: Incoming connection!
08/20/2006 23:17:58: Recieved Logon Challenge!
08/20/2006 23:17:58: Cient version accepted: 1.11.2, ID = 22549!
08/20/2006 23:17:58: Recieved AUTH_CHALLENGE from user: TEST
08/20/2006 23:17:58: Logon proof!
08/20/2006 23:17:58: Client requested realmlist!
08/20/2006 23:17:58: Client Redirected to Worldserver!
08/20/2006 23:17:58: Challenged client to auth again.
08/20/2006 23:17:58: Recieved 2nd auth from client!
08/20/2006 23:17:58: Account found: TEST
08/20/2006 23:17:58: Temporair message: string account = TEST
08/20/2006 23:17:58: Temporair message: int ClientSeed = 180754904
08/20/2006 23:17:58: Temporair message: int ServerSeed = 3735927486
08/20/2006 23:17:58: Temporair message: byte[] digest = 1715219733551931823818613537602056236496918034246
08/20/2006 23:18:02: Client requested realmlist!
08/20/2006 23:18:02: Client Redirected to Worldserver!
08/20/2006 23:18:02: Challenged client to auth again.
