!PiCaSsO! version Alpha 0.01 Copyright (C) 2006 by !PiCaSsO! Developer team
08/23/2006 13:34:04: Loading account TEST...
08/23/2006 13:34:04: Loading account 1+2+3+4+5+6...
08/23/2006 13:34:04: Loading account 1 2 3 4 5 6...
08/23/2006 13:34:04: Loading account T E S T...
08/23/2006 13:34:04: Loaded all accounts from database!
08/23/2006 13:34:04: Building external C# scripts, please wait...
08/23/2006 13:34:04: Global scripts successfully loaded!
08/23/2006 13:34:04: HTTPServer listening on port 8080
08/23/2006 13:34:05: Worldserver listening on port 8085
08/23/2006 13:34:05: AuthServer listening on port 1234
08/23/2006 13:34:05: Waiting for incoming connections...
08/23/2006 13:34:27: Incoming connection!
08/23/2006 13:34:27: Recieved Logon Challenge!
08/23/2006 13:34:27: Cient version accepted: 1.11.2, ID = 22549!
08/23/2006 13:34:27: Recieved AUTH_CHALLENGE from user: TEST
08/23/2006 13:34:27: Logon proof!
08/23/2006 13:34:27: Client requested realmlist!
08/23/2006 13:34:27: Client Redirected to Worldserver!
08/23/2006 13:34:27: Challenged client to auth again.
08/23/2006 13:34:27: Recieved 2nd auth from client!
08/23/2006 13:34:27: Account found: TEST
08/23/2006 13:34:28: Received CMSG_CHAR_ENUM
08/23/2006 13:34:29: Client requested realmlist!
08/23/2006 13:34:36: CMSG_CHAR_CREATE
08/23/2006 13:34:36: Created char: test :)
08/23/2006 13:34:57: Synchronized to Client...
