!PiCaSsO! version Alpha 0.01 Copyright (C) 2006 by !PiCaSsO! Developer team
08/20/2006 18:39:15: Loading account TEST...
08/20/2006 18:39:15: Loaded all accounts from database!
08/20/2006 18:39:15: Building external C# scripts, please wait...
08/20/2006 18:39:15: Global scripts successfully loaded!
08/20/2006 18:39:15: HTTPServer listening on port 8080
08/20/2006 18:39:15: Worldserver listening on port 8085
08/20/2006 18:39:16: AuthServer listening on port 1234
08/20/2006 18:39:16: Waiting for incoming connections...
08/20/2006 18:42:20: Incoming connection!
08/20/2006 18:42:20: Recieved Logon Challenge!
08/20/2006 18:42:20: Cient version accepted: 1.11.2, ID = 22549!
08/20/2006 18:42:20: Recieved AUTH_CHALLENGE from user: TEST
08/20/2006 18:42:21: Logon proof!
08/20/2006 18:42:21: Client requested realmlist!
08/20/2006 18:42:21: Client Redirected to Worldserver!
08/20/2006 18:42:21: Challenged client to auth again.
08/20/2006 18:42:21: Recieved 2nd auth from client!
08/20/2006 18:42:51: Recieve unknown OPCode: 190
08/20/2006 18:43:21: Recieve unknown OPCode: 205
08/20/2006 18:43:51: Recieve unknown OPCode: 146
08/20/2006 18:44:22: Recieve unknown OPCode: 251
08/20/2006 18:44:51: Recieve unknown OPCode: 43
