!PiCaSsO! version Alpha 0.01 Copyright (C) 2006 by !PiCaSsO! Developer team
08/20/2006 19:25:12: Loading account TEST...
08/20/2006 19:25:12: Loading account 1+2+3+4+5+6...
08/20/2006 19:25:12: Loading account 1 2 3 4 5 6...
08/20/2006 19:25:12: Loading account T E S T...
08/20/2006 19:25:12: Loaded all accounts from database!
08/20/2006 19:25:12: Building external C# scripts, please wait...
08/20/2006 19:25:12: Global scripts successfully loaded!
08/20/2006 19:25:12: HTTPServer listening on port 8080
08/20/2006 19:25:13: Worldserver listening on port 8085
08/20/2006 19:25:13: AuthServer listening on port 1234
08/20/2006 19:25:13: Waiting for incoming connections...
08/20/2006 19:25:15: Socket Type Stream
08/20/2006 19:25:15: Client Connected!
08/20/2006 19:25:15: ==================
08/20/2006 19:25:15: Client IP 127.0.0.1:3479
08/20/2006 19:25:15: Directory Requested : http\
08/20/2006 19:25:15: File Requested : http\account.htm
08/20/2006 19:25:15: Number of bytes sent 110
08/20/2006 19:25:15: Total Bytes : 1547
08/20/2006 19:25:15: Number of bytes sent 1547
08/20/2006 19:25:22: Socket Type Stream
08/20/2006 19:25:22: Client Connected!
08/20/2006 19:25:22: ==================
08/20/2006 19:25:22: Client IP 127.0.0.1:3480
08/20/2006 19:25:22: HTTPServer: method = POST
08/20/2006 19:25:22: Account already exists! Username: test Password: ****
08/20/2006 19:25:22: Directory Requested : http\
08/20/2006 19:25:22: File Requested : http\accountexists.htm
08/20/2006 19:25:22: Number of bytes sent 108
08/20/2006 19:25:22: Total Bytes : 79
08/20/2006 19:25:22: Number of bytes sent 79
