!PiCaSsO! version Alpha 0.01 Copyright (C) 2006 by !PiCaSsO! Developer team
08/20/2006 21:03:14: Loading account TEST...
08/20/2006 21:03:14: Loading account 1+2+3+4+5+6...
08/20/2006 21:03:14: Loading account 1 2 3 4 5 6...
08/20/2006 21:03:14: Loading account T E S T...
08/20/2006 21:03:14: Loaded all accounts from database!
08/20/2006 21:03:14: Building external C# scripts, please wait...
08/20/2006 21:03:14: Global scripts successfully loaded!
08/20/2006 21:03:14: HTTPServer listening on port 8080
08/20/2006 21:03:14: Worldserver listening on port 8085
08/20/2006 21:03:14: AuthServer listening on port 1234
08/20/2006 21:03:14: Waiting for incoming connections...
08/20/2006 21:04:53: Incoming connection!
08/20/2006 21:04:53: Recieved Logon Challenge!
08/20/2006 21:04:53: Cient version accepted: 1.11.2, ID = 22549!
08/20/2006 21:04:53: Recieved AUTH_CHALLENGE from user: TEST
08/20/2006 21:04:55: Logon proof!
08/20/2006 21:04:55: Client requested realmlist!
08/20/2006 21:04:55: Client Redirected to Worldserver!
08/20/2006 21:04:55: Challenged client to auth again.
08/20/2006 21:04:55: Recieved 2nd auth from client!
Account found: 
