!PiCaSsO! version Alpha 0.01 Copyright (C) 2006 by !PiCaSsO! Developer team
08/23/2006 12:51:03: Loading account TEST...
08/23/2006 12:51:03: Loading account 1+2+3+4+5+6...
08/23/2006 12:51:03: Loading account 1 2 3 4 5 6...
08/23/2006 12:51:03: Loading account T E S T...
08/23/2006 12:51:03: Loaded all accounts from database!
08/23/2006 12:51:03: Building external C# scripts, please wait...
08/23/2006 12:51:03: Global scripts successfully loaded!
08/23/2006 12:51:03: HTTPServer listening on port 8080
08/23/2006 12:51:03: Worldserver listening on port 8085
08/23/2006 12:51:03: AuthServer listening on port 1234
08/23/2006 12:51:03: Waiting for incoming connections...
08/23/2006 12:51:24: Incoming connection!
08/23/2006 12:51:24: Recieved Logon Challenge!
08/23/2006 12:51:24: Cient version accepted: 1.11.2, ID = 22549!
08/23/2006 12:51:24: Recieved AUTH_CHALLENGE from user: TEST
08/23/2006 12:51:24: Logon proof!
08/23/2006 12:51:24: Client requested realmlist!
08/23/2006 12:51:24: Client Redirected to Worldserver!
08/23/2006 12:51:24: Challenged client to auth again.
08/23/2006 12:51:24: Recieved 2nd auth from client!
08/23/2006 12:51:24: Account found: TEST
08/23/2006 12:51:25: Recieved CMSG_CHAR_ENUM
08/23/2006 12:51:54: Temp-Msg(for debugging purposes): Synchronized to Client...
08/23/2006 12:52:24: Temp-Msg(for debugging purposes): Synchronized to Client...
