!PiCaSsO! version Alpha 0.01 Copyright (C) 2006 by !PiCaSsO! Developer team
08/26/2006 19:42:13: Loaded all accounts from database!
08/26/2006 19:42:13: Building external C# scripts, please wait...
08/26/2006 19:42:13: Global scripts successfully loaded!
08/26/2006 19:42:13: HTTPServer listening on port 8080
08/26/2006 19:42:13: Worldserver listening on port 8085
08/26/2006 19:42:13: AuthServer listening on port 1234
08/26/2006 19:42:13: Waiting for incoming connections...
08/26/2006 19:44:37: Incoming connection!
08/26/2006 19:44:37: Recieved Logon Challenge!
08/26/2006 19:44:37: Wrong client version 56085. Excpected is 1.11.2, ID = 22549!
08/26/2006 19:44:37: Recieved AUTH_CHALLENGE from user: TEST
08/26/2006 19:44:37: Wrong login.
08/26/2006 19:44:40: Incoming connection!
08/26/2006 19:44:40: Recieved Logon Challenge!
08/26/2006 19:44:40: Wrong client version 56085. Excpected is 1.11.2, ID = 22549!
08/26/2006 19:44:40: Recieved AUTH_CHALLENGE from user: TEST
08/26/2006 19:44:40: Wrong login.
08/26/2006 19:44:42: Incoming connection!
08/26/2006 19:44:42: Recieved Logon Challenge!
08/26/2006 19:44:42: Wrong client version 56085. Excpected is 1.11.2, ID = 22549!
08/26/2006 19:44:42: Recieved AUTH_CHALLENGE from user: TEST
08/26/2006 19:44:42: Wrong login.
08/26/2006 19:44:43: Incoming connection!
08/26/2006 19:44:43: Recieved Logon Challenge!
08/26/2006 19:44:43: Wrong client version 56085. Excpected is 1.11.2, ID = 22549!
08/26/2006 19:44:43: Recieved AUTH_CHALLENGE from user: TEST
08/26/2006 19:44:43: Wrong login.
08/26/2006 19:45:29: Socket Type Stream
08/26/2006 19:45:29: Client Connected!
08/26/2006 19:45:29: ==================
08/26/2006 19:45:29: Client IP 127.0.0.1:1489
08/26/2006 19:45:29: Directory Requested : http\
08/26/2006 19:45:29: File Requested : http\account.htm
08/26/2006 19:45:29: Number of bytes sent 110
08/26/2006 19:45:29: Total Bytes : 1547
08/26/2006 19:45:29: Number of bytes sent 1547
08/26/2006 19:45:34: Socket Type Stream
08/26/2006 19:45:34: Client Connected!
08/26/2006 19:45:34: ==================
08/26/2006 19:45:34: Client IP 127.0.0.1:1490
08/26/2006 19:45:34: HTTPServer: method = POST
08/26/2006 19:45:34: Created new account. Username: test Password: ****
08/26/2006 19:45:34: Reloaded accounts!
08/26/2006 19:45:34: Directory Requested : http\
08/26/2006 19:45:34: File Requested : http\accountcreated.htm
08/26/2006 19:45:34: Number of bytes sent 110
08/26/2006 19:45:34: Total Bytes : 1156
08/26/2006 19:45:34: Number of bytes sent 1156
08/26/2006 19:45:56: Incoming connection!
08/26/2006 19:45:56: Recieved Logon Challenge!
08/26/2006 19:45:56: Wrong client version 56085. Excpected is 1.11.2, ID = 22549!
08/26/2006 19:45:56: Recieved AUTH_CHALLENGE from user: TEST
08/26/2006 19:45:57: Logon proof!
08/26/2006 19:45:57: Client requested realmlist!
08/26/2006 19:45:57: Client Redirected to Worldserver!
08/26/2006 19:45:57: Challenged client to auth again.
08/26/2006 19:45:57: Recieved 2nd auth from client!
08/26/2006 19:45:57: Account found: TEST
08/26/2006 19:46:02: Client requested realmlist!
08/26/2006 19:46:02: Client Redirected to Worldserver!
08/26/2006 19:46:02: Challenged client to auth again.
08/26/2006 19:46:02: Recieve unknown OPCode: 15
08/26/2006 19:46:06: Client requested realmlist!
08/26/2006 19:46:06: Client Redirected to Worldserver!
08/26/2006 19:46:06: Challenged client to auth again.
08/26/2006 19:46:08: Client requested realmlist!
08/26/2006 19:46:08: Client Redirected to Worldserver!
08/26/2006 19:46:08: Challenged client to auth again.
