!PiCaSsO! version Alpha 0.01 Copyright (C) 2006 by !PiCaSsO! Developer team
08/27/2006 11:00:28: Loading account TEST...
08/27/2006 11:00:28: Loaded all accounts from database!
08/27/2006 11:00:28: Building external C# scripts, please wait...
08/27/2006 11:00:29: Global scripts successfully loaded!
08/27/2006 11:00:29: HTTPServer listening on port 8080
08/27/2006 11:00:29: Worldserver listening on port 8085
08/27/2006 11:00:29: AuthServer listening on port 1234
08/27/2006 11:00:29: Waiting for incoming connections...
08/27/2006 11:02:19: Incoming connection!
08/27/2006 11:02:19: Recieved Logon Challenge!
08/27/2006 11:02:19: Wrong client version 59925. Excpected is 2.0.0, ID = 56085!
08/27/2006 11:02:19: Recieved AUTH_CHALLENGE from user: TEST
08/27/2006 11:02:19: Logon proof!
08/27/2006 11:02:19: Client requested realmlist!
08/27/2006 11:02:23: Client requested realmlist!
08/27/2006 11:02:23: Client Redirected to Worldserver!
08/27/2006 11:02:23: Challenged client to auth again.
08/27/2006 11:02:23: Recieved 2nd auth from client!
08/27/2006 11:02:23: Account found: TEST
08/27/2006 11:02:25: Client requested realmlist!
08/27/2006 11:02:25: Client Redirected to Worldserver!
08/27/2006 11:02:25: Challenged client to auth again.
08/27/2006 11:02:35: Incoming connection!
08/27/2006 11:02:35: Recieved Logon Challenge!
08/27/2006 11:02:35: Wrong client version 59925. Excpected is 2.0.0, ID = 56085!
08/27/2006 11:02:35: Recieved AUTH_CHALLENGE from user: TEST
08/27/2006 11:02:35: Logon proof!
08/27/2006 11:02:35: Client requested realmlist!
08/27/2006 11:02:35: Client Redirected to Worldserver!
08/27/2006 11:02:35: Challenged client to auth again.
08/27/2006 11:02:37: Client requested realmlist!
08/27/2006 11:02:37: Client Redirected to Worldserver!
08/27/2006 11:02:37: Challenged client to auth again.
08/27/2006 11:02:39: Client requested realmlist!
08/27/2006 11:02:40: Client Redirected to Worldserver!
08/27/2006 11:02:40: Challenged client to auth again.
08/27/2006 11:02:41: Client requested realmlist!
08/27/2006 11:02:41: Client Redirected to Worldserver!
08/27/2006 11:02:41: Challenged client to auth again.
08/27/2006 11:02:41: Recieve unknown OPCode: 1
