!PiCaSsO! version Alpha 0.01 Copyright (C) 2006 by !PiCaSsO! Developer team
08/27/2006 11:05:08: Loading account TEST...
08/27/2006 11:05:08: Loaded all accounts from database!
08/27/2006 11:05:08: Building external C# scripts, please wait...
08/27/2006 11:05:08: Global scripts successfully loaded!
08/27/2006 11:05:08: HTTPServer listening on port 8080
08/27/2006 11:05:08: Worldserver listening on port 8085
08/27/2006 11:05:09: AuthServer listening on port 1234
08/27/2006 11:05:09: Waiting for incoming connections...
08/27/2006 11:05:32: Incoming connection!
08/27/2006 11:05:32: Recieved Logon Challenge!
08/27/2006 11:05:32: Wrong client version 59925. Excpected is 2.0.0, ID = 56085!
08/27/2006 11:05:32: Recieved AUTH_CHALLENGE from user: TEST
08/27/2006 11:05:32: Logon proof!
08/27/2006 11:05:32: Client requested realmlist!
08/27/2006 11:05:32: Client Redirected to Worldserver!
08/27/2006 11:05:32: Challenged client to auth again.
08/27/2006 11:05:32: Recieved 2nd auth from client!
08/27/2006 11:05:32: Account found: TEST
08/27/2006 11:05:33: Received CMSG_CHAR_ENUM
08/27/2006 11:05:34: Client requested realmlist!
08/27/2006 11:06:02: Synchronized to Client...
08/27/2006 11:06:32: Synchronized to Client...
08/27/2006 11:07:03: Synchronized to Client...
08/27/2006 11:07:33: Synchronized to Client...
08/27/2006 11:08:03: Synchronized to Client...
08/27/2006 11:08:33: Synchronized to Client...
08/27/2006 11:09:03: Synchronized to Client...
08/27/2006 11:09:33: Synchronized to Client...
08/27/2006 11:10:03: Synchronized to Client...
08/27/2006 11:10:33: Synchronized to Client...
08/27/2006 11:11:03: Synchronized to Client...
08/27/2006 11:11:33: Synchronized to Client...
08/27/2006 11:12:03: Synchronized to Client...
08/27/2006 11:12:33: Synchronized to Client...
08/27/2006 11:13:04: Synchronized to Client...
08/27/2006 11:13:34: Synchronized to Client...
08/27/2006 11:14:04: Synchronized to Client...
08/27/2006 11:14:34: Synchronized to Client...
08/27/2006 11:15:05: Synchronized to Client...
08/27/2006 11:15:34: Synchronized to Client...
08/27/2006 11:16:04: Synchronized to Client...
08/27/2006 11:16:34: Synchronized to Client...
08/27/2006 11:17:04: Synchronized to Client...
08/27/2006 11:17:35: Synchronized to Client...
08/27/2006 11:18:05: Synchronized to Client...
08/27/2006 11:18:35: Synchronized to Client...
08/27/2006 11:19:05: Synchronized to Client...
08/27/2006 11:19:35: Synchronized to Client...
08/27/2006 11:20:05: Synchronized to Client...
08/27/2006 11:20:36: Synchronized to Client...
08/27/2006 11:21:06: Synchronized to Client...
08/27/2006 11:21:36: Synchronized to Client...
08/27/2006 11:22:06: Synchronized to Client...
08/27/2006 11:22:36: Synchronized to Client...
08/27/2006 11:23:06: Synchronized to Client...
08/27/2006 11:23:36: Synchronized to Client...
08/27/2006 11:24:06: Synchronized to Client...
08/27/2006 11:24:36: Synchronized to Client...
08/27/2006 11:25:06: Synchronized to Client...
08/27/2006 11:25:37: Synchronized to Client...
08/27/2006 11:26:07: Synchronized to Client...
08/27/2006 11:26:38: Synchronized to Client...
08/27/2006 11:27:07: Synchronized to Client...
08/27/2006 11:27:37: Synchronized to Client...
08/27/2006 11:28:07: Synchronized to Client...
08/27/2006 11:28:37: Synchronized to Client...
08/27/2006 11:29:08: Synchronized to Client...
08/27/2006 11:29:38: Synchronized to Client...
08/27/2006 11:30:08: Synchronized to Client...
08/27/2006 11:30:38: Synchronized to Client...
08/27/2006 11:31:08: Synchronized to Client...
08/27/2006 11:31:38: Synchronized to Client...
08/27/2006 11:32:08: Synchronized to Client...
08/27/2006 11:32:38: Synchronized to Client...
08/27/2006 11:33:08: Synchronized to Client...
08/27/2006 11:33:39: Synchronized to Client...
08/27/2006 11:34:09: Synchronized to Client...
08/27/2006 11:34:39: Synchronized to Client...
08/27/2006 11:35:09: Synchronized to Client...
08/27/2006 11:35:39: Synchronized to Client...
08/27/2006 11:36:09: Synchronized to Client...
08/27/2006 11:36:39: Synchronized to Client...
08/27/2006 11:37:09: Synchronized to Client...
08/27/2006 11:37:39: Synchronized to Client...
08/27/2006 11:38:09: Synchronized to Client...
08/27/2006 11:38:40: Synchronized to Client...
08/27/2006 11:39:10: Synchronized to Client...
