!PiCaSsO! version Alpha 0.01 Copyright (C) 2006 by !PiCaSsO! Developer team
08/23/2006 19:02:16: Loading account TEST...
08/23/2006 19:02:16: Loading account 1+2+3+4+5+6...
08/23/2006 19:02:16: Loading account 1 2 3 4 5 6...
08/23/2006 19:02:16: Loading account T E S T...
08/23/2006 19:02:16: Loaded all accounts from database!
08/23/2006 19:02:16: Building external C# scripts, please wait...
08/23/2006 19:02:16: Global scripts successfully loaded!
08/23/2006 19:02:16: HTTPServer listening on port 8080
08/23/2006 19:02:16: Worldserver listening on port 8085
08/23/2006 19:02:17: AuthServer listening on port 1234
08/23/2006 19:02:17: Waiting for incoming connections...
08/23/2006 19:02:47: Incoming connection!
08/23/2006 19:02:47: Recieved Logon Challenge!
08/23/2006 19:02:47: Cient version accepted: 1.11.2, ID = 22549!
08/23/2006 19:02:47: Recieved AUTH_CHALLENGE from user: TEST
08/23/2006 19:02:47: Logon proof!
08/23/2006 19:02:47: Client requested realmlist!
08/23/2006 19:02:47: Client Redirected to Worldserver!
08/23/2006 19:02:47: Challenged client to auth again.
08/23/2006 19:02:47: Recieved 2nd auth from client!
08/23/2006 19:02:47: Account found: TEST
08/23/2006 19:02:47: Received CMSG_CHAR_ENUM
08/23/2006 19:02:49: Client requested realmlist!
08/23/2006 19:02:55: CMSG_CHAR_CREATE
08/23/2006 19:02:55: Created char: hmm
08/23/2006 19:03:01: Received CMSG_CHAR_ENUM
08/23/2006 19:03:17: Synchronized to Client...
