!PiCaSsO! version Alpha 0.01 Copyright (C) 2006 by !PiCaSsO! Developer team
08/20/2006 21:27:22: Loading account TEST...
08/20/2006 21:27:22: Loading account 1+2+3+4+5+6...
08/20/2006 21:27:22: Loading account 1 2 3 4 5 6...
08/20/2006 21:27:22: Loading account T E S T...
08/20/2006 21:27:22: Loaded all accounts from database!
08/20/2006 21:27:22: Building external C# scripts, please wait...
08/20/2006 21:27:22: Global scripts successfully loaded!
08/20/2006 21:27:22: HTTPServer listening on port 8080
08/20/2006 21:27:22: Worldserver listening on port 8085
08/20/2006 21:27:23: AuthServer listening on port 1234
08/20/2006 21:27:23: Waiting for incoming connections...
08/20/2006 21:27:53: Incoming connection!
08/20/2006 21:27:54: Recieved Logon Challenge!
08/20/2006 21:27:54: Cient version accepted: 1.11.2, ID = 22549!
08/20/2006 21:27:54: Recieved AUTH_CHALLENGE from user: TEST
08/20/2006 21:27:54: Logon proof!
08/20/2006 21:27:54: Client requested realmlist!
08/20/2006 21:27:54: Client Redirected to Worldserver!
08/20/2006 21:27:54: Challenged client to auth again.
08/20/2006 21:27:54: Recieved 2nd auth from client!
08/20/2006 21:27:54: Account found: TEST
08/20/2006 21:27:54: Temporair message: string account = TEST
08/20/2006 21:27:54: Temporair message: int ClientSeed = -73700380
08/20/2006 21:27:54: Temporair message: int ServerSeed = 3735927486
08/20/2006 21:27:54: Temporair message: byte[] digest = 129236157982510924914831562221961331931915224114337221
08/20/2006 21:27:54: Temporair message: the account hash is: 
08/20/2006 21:27:54: Temporair message: the finalized hash is: 
08/20/2006 21:28:00: Client requested realmlist!
08/20/2006 21:28:00: Client Redirected to Worldserver!
08/20/2006 21:28:00: Challenged client to auth again.
08/20/2006 21:28:00: Recieved 2nd auth from client!
08/20/2006 21:28:00: Account found: TEST
08/20/2006 21:28:00: Temporair message: string account = TEST
08/20/2006 21:28:00: Temporair message: int ClientSeed = 279968955
08/20/2006 21:28:00: Temporair message: int ServerSeed = 3735927486
08/20/2006 21:28:00: Temporair message: byte[] digest = 87202105508814639113642252362451191611241121871322779
08/20/2006 21:28:00: Temporair message: the account hash is: 
08/20/2006 21:28:00: Temporair message: the finalized hash is: 
08/20/2006 21:28:03: Client requested realmlist!
08/20/2006 21:28:03: Client Redirected to Worldserver!
08/20/2006 21:28:03: Challenged client to auth again.
08/20/2006 21:28:03: Recieved 2nd auth from client!
08/20/2006 21:28:03: Account found: TEST
08/20/2006 21:28:03: Temporair message: string account = TEST
08/20/2006 21:28:03: Temporair message: int ClientSeed = 1770940444
08/20/2006 21:28:03: Temporair message: int ServerSeed = 3735927486
08/20/2006 21:28:03: Temporair message: byte[] digest = 5128201196137311957338909118910666199176144825061
08/20/2006 21:28:03: Temporair message: the account hash is: 
08/20/2006 21:28:03: Temporair message: the finalized hash is: 
