!PiCaSsO! version Alpha 0.01 Copyright (C) 2006 by !PiCaSsO! Developer team
08/23/2006 18:56:05: Loading account TEST...
08/23/2006 18:56:05: Loading account 1+2+3+4+5+6...
08/23/2006 18:56:05: Loading account 1 2 3 4 5 6...
08/23/2006 18:56:05: Loading account T E S T...
08/23/2006 18:56:05: Loaded all accounts from database!
08/23/2006 18:56:05: Building external C# scripts, please wait...
08/23/2006 18:56:05: Global scripts successfully loaded!
08/23/2006 18:56:05: HTTPServer listening on port 8080
08/23/2006 18:56:05: Worldserver listening on port 8085
08/23/2006 18:56:06: AuthServer listening on port 1234
08/23/2006 18:56:06: Waiting for incoming connections...
08/23/2006 18:57:13: Incoming connection!
08/23/2006 18:57:14: Recieved Logon Challenge!
08/23/2006 18:57:14: Cient version accepted: 1.11.2, ID = 22549!
08/23/2006 18:57:14: Recieved AUTH_CHALLENGE from user: TEST
08/23/2006 18:57:14: Logon proof!
08/23/2006 18:57:14: Client requested realmlist!
08/23/2006 18:57:14: Client Redirected to Worldserver!
08/23/2006 18:57:14: Challenged client to auth again.
08/23/2006 18:57:14: Recieved 2nd auth from client!
08/23/2006 18:57:14: Account found: TEST
08/23/2006 18:57:14: Received CMSG_CHAR_ENUM
08/23/2006 18:57:16: Client requested realmlist!
08/23/2006 18:57:19: 08/23/2006 18:57:19: 08/23/2006 18:57:19: Received CMSG_CHAR_ENUM
Client requested realmlist!
08/23/2006 18:57:25: CMSG_CHAR_CREATE
08/23/2006 18:57:25: Created char: test
08/23/2006 18:57:44: Synchronized to Client...
08/23/2006 18:57:50: Received CMSG_CHAR_ENUM
08/23/2006 18:57:52: Client requested realmlist!
08/23/2006 18:58:14: Synchronized to Client...
