!PiCaSsO! version Alpha 0.01 Copyright (C) 2006 by !PiCaSsO! Developer team
08/23/2006 11:08:36: Loading account TEST...
08/23/2006 11:08:36: Loading account 1+2+3+4+5+6...
08/23/2006 11:08:36: Loading account 1 2 3 4 5 6...
08/23/2006 11:08:36: Loading account T E S T...
08/23/2006 11:08:36: Loaded all accounts from database!
08/23/2006 11:08:36: Building external C# scripts, please wait...
08/23/2006 11:08:36: Global scripts successfully loaded!
08/23/2006 11:08:36: HTTPServer listening on port 8080
08/23/2006 11:08:36: Worldserver listening on port 8085
08/23/2006 11:08:37: AuthServer listening on port 1234
08/23/2006 11:08:37: Waiting for incoming connections...
08/23/2006 11:09:46: Incoming connection!
08/23/2006 11:09:47: Recieved Logon Challenge!
08/23/2006 11:09:47: Cient version accepted: 1.11.2, ID = 22549!
08/23/2006 11:09:47: Recieved AUTH_CHALLENGE from user: TEST
08/23/2006 11:09:47: Logon proof!
08/23/2006 11:09:47: Client requested realmlist!
08/23/2006 11:09:47: Client Redirected to Worldserver!
08/23/2006 11:09:47: Challenged client to auth again.
08/23/2006 11:09:47: Recieved 2nd auth from client!
08/23/2006 11:09:47: Account found: TEST
08/23/2006 11:09:51: Recieved CMSG_CHAR_ENUM
08/23/2006 11:09:51: Client requested realmlist!
08/23/2006 11:09:51: Client Redirected to Worldserver!
08/23/2006 11:09:51: Challenged client to auth again.
08/23/2006 11:09:51: Eine bestehende Verbindung wurde softwaregesteuert
durch den Hostcomputer abgebrochen
08/23/2006 11:09:57: Client requested realmlist!
08/23/2006 11:09:57: Client Redirected to Worldserver!
08/23/2006 11:09:57: Challenged client to auth again.
08/23/2006 11:10:10: Client requested realmlist!
08/23/2006 11:10:15: Client requested realmlist!
08/23/2006 11:10:20: Client requested realmlist!
08/23/2006 11:10:25: Client requested realmlist!
08/23/2006 11:10:30: Client requested realmlist!
08/23/2006 11:10:35: Client requested realmlist!
08/23/2006 11:10:41: Client requested realmlist!
08/23/2006 11:10:46: Client requested realmlist!
08/23/2006 11:10:51: Client requested realmlist!
08/23/2006 11:10:56: Client requested realmlist!
08/23/2006 11:11:01: Client requested realmlist!
08/23/2006 11:11:06: Client requested realmlist!
08/23/2006 11:11:11: Client requested realmlist!
08/23/2006 11:11:16: Client requested realmlist!
08/23/2006 11:11:21: Client requested realmlist!
08/23/2006 11:11:26: Client requested realmlist!
08/23/2006 11:11:31: Client requested realmlist!
08/23/2006 11:11:36: Client requested realmlist!
08/23/2006 11:11:41: Client requested realmlist!
08/23/2006 11:11:46: Client requested realmlist!
08/23/2006 11:11:51: Client requested realmlist!
08/23/2006 11:11:56: Client requested realmlist!
08/23/2006 11:12:01: Client requested realmlist!
08/23/2006 11:12:06: Client requested realmlist!
08/23/2006 11:12:11: Client requested realmlist!
08/23/2006 11:12:16: Client requested realmlist!
08/23/2006 11:12:21: Client requested realmlist!
08/23/2006 11:12:26: Client requested realmlist!
08/23/2006 11:12:31: Client requested realmlist!
08/23/2006 11:12:36: Client requested realmlist!
08/23/2006 11:12:41: Client requested realmlist!
08/23/2006 11:12:46: Client requested realmlist!
08/23/2006 11:12:51: Client requested realmlist!
08/23/2006 11:12:56: Client requested realmlist!
08/23/2006 11:13:01: Client requested realmlist!
08/23/2006 11:13:06: Client requested realmlist!
