!PiCaSsO! version Alpha 0.01 Copyright (C) 2006 by !PiCaSsO! Developer team
08/23/2006 13:11:15: Loading account TEST...
08/23/2006 13:11:15: Loading account 1+2+3+4+5+6...
08/23/2006 13:11:15: Loading account 1 2 3 4 5 6...
08/23/2006 13:11:15: Loading account T E S T...
08/23/2006 13:11:15: Loaded all accounts from database!
08/23/2006 13:11:15: Building external C# scripts, please wait...
08/23/2006 13:11:15: Global scripts successfully loaded!
08/23/2006 13:11:15: HTTPServer listening on port 8080
08/23/2006 13:11:15: Worldserver listening on port 8085
08/23/2006 13:11:16: AuthServer listening on port 1234
08/23/2006 13:11:16: Waiting for incoming connections...
08/23/2006 13:11:34: Incoming connection!
08/23/2006 13:11:34: Recieved Logon Challenge!
08/23/2006 13:11:34: Cient version accepted: 1.11.2, ID = 22549!
08/23/2006 13:11:34: Recieved AUTH_CHALLENGE from user: TEST
08/23/2006 13:11:35: Logon proof!
08/23/2006 13:11:35: Client requested realmlist!
08/23/2006 13:11:35: Client Redirected to Worldserver!
08/23/2006 13:11:35: Challenged client to auth again.
08/23/2006 13:11:35: Recieved 2nd auth from client!
08/23/2006 13:11:35: Account found: TEST
08/23/2006 13:11:35: Received CMSG_CHAR_ENUM
08/23/2006 13:11:38: Client requested realmlist!
08/23/2006 13:11:44: Recieve unknown OPCode: 0
08/23/2006 13:12:05: Synchronized to Client...
08/23/2006 13:12:35: Synchronized to Client...
