!PiCaSsO! version Alpha 0.01 Copyright (C) 2006 by !PiCaSsO! Developer team
08/20/2006 21:19:05: Loading account TEST...
08/20/2006 21:19:05: Loading account 1+2+3+4+5+6...
08/20/2006 21:19:05: Loading account 1 2 3 4 5 6...
08/20/2006 21:19:05: Loading account T E S T...
08/20/2006 21:19:05: Loaded all accounts from database!
08/20/2006 21:19:05: Building external C# scripts, please wait...
08/20/2006 21:19:05: Global scripts successfully loaded!
08/20/2006 21:19:05: HTTPServer listening on port 8080
08/20/2006 21:19:05: Worldserver listening on port 8085
08/20/2006 21:19:05: AuthServer listening on port 1234
08/20/2006 21:19:05: Waiting for incoming connections...
08/20/2006 21:19:28: Incoming connection!
08/20/2006 21:19:28: Recieved Logon Challenge!
08/20/2006 21:19:28: Cient version accepted: 1.11.2, ID = 22549!
08/20/2006 21:19:28: Recieved AUTH_CHALLENGE from user: TEST
08/20/2006 21:19:28: Logon proof!
08/20/2006 21:19:28: Client requested realmlist!
08/20/2006 21:19:28: Client Redirected to Worldserver!
08/20/2006 21:19:28: Challenged client to auth again.
08/20/2006 21:19:28: Recieved 2nd auth from client!
08/20/2006 21:19:28: Account found: TEST
08/20/2006 21:19:28: Temporair message: string account = TEST
08/20/2006 21:19:28: Temporair message: int ClientSeed = 249324199
08/20/2006 21:19:28: Temporair message: int ServerSeed = 3735927486
08/20/2006 21:19:28: Temporair message: byte[] digest = 114137194208211123107147561711827204194110416186154
08/20/2006 21:19:28: Temporair message: the account hash is: 
08/20/2006 21:19:28: Temporair message: the finalized hash is: 
08/20/2006 21:19:32: Client requested realmlist!
08/20/2006 21:19:32: Client Redirected to Worldserver!
08/20/2006 21:19:32: Challenged client to auth again.
08/20/2006 21:19:32: Recieved 2nd auth from client!
08/20/2006 21:19:32: Account found: TEST
08/20/2006 21:19:32: Temporair message: string account = TEST
08/20/2006 21:19:32: Temporair message: int ClientSeed = 1823567197
08/20/2006 21:19:32: Temporair message: int ServerSeed = 3735927486
08/20/2006 21:19:32: Temporair message: byte[] digest = 1642421368721589515714512521351265419180887135233
08/20/2006 21:19:32: Temporair message: the account hash is: 
08/20/2006 21:19:32: Temporair message: the finalized hash is: 
