!PiCaSsO! version Alpha 0.01 Copyright (C) 2006 by !PiCaSsO! Developer team
08/23/2006 13:28:45: Loading account TEST...
08/23/2006 13:28:45: Loading account 1+2+3+4+5+6...
08/23/2006 13:28:45: Loading account 1 2 3 4 5 6...
08/23/2006 13:28:45: Loading account T E S T...
08/23/2006 13:28:45: Loaded all accounts from database!
08/23/2006 13:28:45: Building external C# scripts, please wait...
08/23/2006 13:28:45: Global scripts successfully loaded!
08/23/2006 13:28:45: HTTPServer listening on port 8080
08/23/2006 13:28:45: Worldserver listening on port 8085
08/23/2006 13:28:45: AuthServer listening on port 1234
08/23/2006 13:28:45: Waiting for incoming connections...
08/23/2006 13:29:12: Incoming connection!
08/23/2006 13:29:12: Recieved Logon Challenge!
08/23/2006 13:29:12: Cient version accepted: 1.11.2, ID = 22549!
08/23/2006 13:29:12: Recieved AUTH_CHALLENGE from user: TEST
08/23/2006 13:29:12: Logon proof!
08/23/2006 13:29:13: Client requested realmlist!
08/23/2006 13:29:13: Client Redirected to Worldserver!
08/23/2006 13:29:13: Challenged client to auth again.
08/23/2006 13:29:13: Recieved 2nd auth from client!
08/23/2006 13:29:13: Account found: TEST
08/23/2006 13:29:13: Received CMSG_CHAR_ENUM
08/23/2006 13:29:15: Client requested realmlist!
08/23/2006 13:29:24: CMSG_CHAR_CREATE
08/23/2006 13:29:24: Created char: 1161011151169910497114 :)
08/23/2006 13:29:43: Synchronized to Client...
