!PiCaSsO! version Alpha 0.01 Copyright (C) 2006 by !PiCaSsO! Developer team
08/21/2006 19:06:07: Loading account TEST...
08/21/2006 19:06:07: Loading account 1+2+3+4+5+6...
08/21/2006 19:06:07: Loading account 1 2 3 4 5 6...
08/21/2006 19:06:07: Loading account T E S T...
08/21/2006 19:06:07: Loaded all accounts from database!
08/21/2006 19:06:07: Building external C# scripts, please wait...
08/21/2006 19:06:07: Global scripts successfully loaded!
08/21/2006 19:06:07: HTTPServer listening on port 8080
08/21/2006 19:06:07: Worldserver listening on port 8085
08/21/2006 19:06:07: AuthServer listening on port 1234
08/21/2006 19:06:07: Waiting for incoming connections...
08/21/2006 19:06:28: Incoming connection!
08/21/2006 19:06:29: Recieved Logon Challenge!
08/21/2006 19:06:29: Cient version accepted: 1.11.2, ID = 22549!
08/21/2006 19:06:29: Recieved AUTH_CHALLENGE from user: TEST
08/21/2006 19:06:29: Logon proof!
08/21/2006 19:06:29: Client requested realmlist!
08/21/2006 19:06:29: Client Redirected to Worldserver!
08/21/2006 19:06:29: Challenged client to auth again.
08/21/2006 19:06:29: Recieved 2nd auth from client!
08/21/2006 19:06:29: Account found: TEST
08/21/2006 19:06:59: Temp-Msg (for debugging purposes): Synchronized to Client...
