!PiCaSsO! version Alpha 0.01 Copyright (C) 2006 by !PiCaSsO! Developer team
08/20/2006 21:16:14: Loading account TEST...
08/20/2006 21:16:14: Loading account 1+2+3+4+5+6...
08/20/2006 21:16:14: Loading account 1 2 3 4 5 6...
08/20/2006 21:16:14: Loading account T E S T...
08/20/2006 21:16:14: Loaded all accounts from database!
08/20/2006 21:16:14: Building external C# scripts, please wait...
08/20/2006 21:16:14: Global scripts successfully loaded!
08/20/2006 21:16:14: HTTPServer listening on port 8080
08/20/2006 21:16:15: Worldserver listening on port 8085
08/20/2006 21:16:15: AuthServer listening on port 1234
08/20/2006 21:16:15: Waiting for incoming connections...
08/20/2006 21:18:06: Incoming connection!
08/20/2006 21:18:06: Recieved Logon Challenge!
08/20/2006 21:18:06: Cient version accepted: 1.11.2, ID = 22549!
08/20/2006 21:18:06: Recieved AUTH_CHALLENGE from user: TEST
08/20/2006 21:18:06: Logon proof!
08/20/2006 21:18:06: Client requested realmlist!
08/20/2006 21:18:06: Client Redirected to Worldserver!
08/20/2006 21:18:06: Challenged client to auth again.
08/20/2006 21:18:06: Recieved 2nd auth from client!
08/20/2006 21:18:06: Account found: TEST
08/20/2006 21:18:06: Temporair message: string account = TEST
08/20/2006 21:18:06: Temporair message: int ClientSeed = 284946475
08/20/2006 21:18:06: Temporair message: int ServerSeed = 3735927486
08/20/2006 21:18:06: Temporair message: byte[] digest = 701265016717770142599912518085832941012012425582
08/20/2006 21:18:06: Temporair message: the account hash is: 
08/20/2006 21:18:06: Temporair message: the finalized hash is: 
08/20/2006 21:18:19: Client requested realmlist!
08/20/2006 21:18:19: Client Redirected to Worldserver!
08/20/2006 21:18:19: Challenged client to auth again.
08/20/2006 21:18:19: Recieved 2nd auth from client!
08/20/2006 21:18:19: Account found: TEST
08/20/2006 21:18:19: Temporair message: string account = TEST
08/20/2006 21:18:19: Temporair message: int ClientSeed = 966885274
08/20/2006 21:18:19: Temporair message: int ServerSeed = 3735927486
08/20/2006 21:18:19: Temporair message: byte[] digest = 2719735361911518818120618211041217246117218199184171223
08/20/2006 21:18:19: Temporair message: the account hash is: 
08/20/2006 21:18:19: Temporair message: the finalized hash is: 
