!PiCaSsO! version Alpha 0.01 Copyright (C) 2006 by !PiCaSsO! Developer team
08/20/2006 22:24:11: Loading account TEST...
08/20/2006 22:24:11: Loading account 1+2+3+4+5+6...
08/20/2006 22:24:11: Loading account 1 2 3 4 5 6...
08/20/2006 22:24:11: Loading account T E S T...
08/20/2006 22:24:11: Loaded all accounts from database!
08/20/2006 22:24:11: Building external C# scripts, please wait...
08/20/2006 22:24:11: Global scripts successfully loaded!
08/20/2006 22:24:11: HTTPServer listening on port 8080
08/20/2006 22:24:11: Worldserver listening on port 8085
08/20/2006 22:24:12: AuthServer listening on port 1234
08/20/2006 22:24:12: Waiting for incoming connections...
08/20/2006 22:24:34: Incoming connection!
08/20/2006 22:24:34: Recieved Logon Challenge!
08/20/2006 22:24:34: Cient version accepted: 1.11.2, ID = 22549!
08/20/2006 22:24:34: Recieved AUTH_CHALLENGE from user: TEST
08/20/2006 22:24:34: Logon proof!
08/20/2006 22:24:34: Client requested realmlist!
08/20/2006 22:24:34: Client Redirected to Worldserver!
08/20/2006 22:24:34: Challenged client to auth again.
08/20/2006 22:24:34: Recieved 2nd auth from client!
08/20/2006 22:24:34: Account found: TEST
08/20/2006 22:24:34: Temporair message: string account = TEST
08/20/2006 22:24:34: Temporair message: int ClientSeed = -1918895086
08/20/2006 22:24:34: Temporair message: int ServerSeed = 3735927486
08/20/2006 22:24:34: Temporair message: byte[] digest = 497917386952511221551452810716168191462019020786251
08/20/2006 22:24:38: Client requested realmlist!
08/20/2006 22:24:38: Client Redirected to Worldserver!
08/20/2006 22:24:38: Challenged client to auth again.
08/20/2006 22:24:38: Recieved 2nd auth from client!
08/20/2006 22:24:38: Account found: TEST
08/20/2006 22:24:38: Temporair message: string account = TEST
08/20/2006 22:24:38: Temporair message: int ClientSeed = -520937609
08/20/2006 22:24:38: Temporair message: int ServerSeed = 3735927486
08/20/2006 22:24:38: Temporair message: byte[] digest = 14517399245169129149122351175939611414537277995165
