!PiCaSsO! version Alpha 0.01 Copyright (C) 2006 by !PiCaSsO! Developer team
08/20/2006 15:30:30: Loading account TEST...
08/20/2006 15:30:30: Loaded all accounts from database!
08/20/2006 15:30:30: Building external C# scripts, please wait...
08/20/2006 15:30:30: Global scripts successfully loaded!
08/20/2006 15:30:30: HTTPServer listening on port 8080
08/20/2006 15:30:31: Worldserver listening on port 8085
08/20/2006 15:30:31: AuthServer listening on port 3724
08/20/2006 15:30:31: Waiting for incoming connections...
08/20/2006 15:30:44: Socket Type Stream
08/20/2006 15:30:44: Client Connected!
08/20/2006 15:30:44: ==================
08/20/2006 15:30:44: Client IP 127.0.0.1:4351
08/20/2006 15:30:44: Directory Requested : http\
08/20/2006 15:30:44: File Requested : http\account.htm
08/20/2006 15:30:44: Number of bytes sent 110
08/20/2006 15:30:44: Total Bytes : 1547
08/20/2006 15:30:44: Number of bytes sent 1547
08/20/2006 15:30:48: Socket Type Stream
08/20/2006 15:30:48: Client Connected!
08/20/2006 15:30:48: ==================
08/20/2006 15:30:48: Client IP 127.0.0.1:4352
08/20/2006 15:30:48: HTTPServer: method = POST
08/20/2006 15:30:48: Account already exists! Username: test Password: test
08/20/2006 15:30:48: Directory Requested : http\
08/20/2006 15:30:48: File Requested : http\accountexists.htm
08/20/2006 15:30:48: Number of bytes sent 108
08/20/2006 15:30:48: Total Bytes : 79
08/20/2006 15:30:48: Number of bytes sent 79
