!PiCaSsO! version Alpha 0.01 Copyright (C) 2006 by !PiCaSsO! Developer team
09/19/2006 17:36:32: Loading account TEST...
09/19/2006 17:36:32: Loaded all accounts from database!
09/19/2006 17:36:32: Building external C# scripts, please wait...
09/19/2006 17:36:32: Global scripts successfully loaded!
09/19/2006 17:36:32: HTTPServer listening on port 8080
09/19/2006 17:36:32: Worldserver listening on port 8085
09/19/2006 17:36:32: AuthServer listening on port 1234
09/19/2006 17:36:32: Waiting for incoming connections...
09/19/2006 17:36:53: Incoming connection!
09/19/2006 17:36:53: Recieved Logon Challenge!
09/19/2006 17:36:53: Cient version accepted: 2.0.0, ID = 56085!
09/19/2006 17:36:53: Recieved AUTH_CHALLENGE from user: TEST
09/19/2006 17:36:53: Logon proof!
09/19/2006 17:36:53: Client requested realmlist!
09/19/2006 17:36:53: Client Redirected to Worldserver!
09/19/2006 17:36:53: Challenged client to auth again.
09/19/2006 17:36:53: Recieved 2nd auth from client!
09/19/2006 17:36:53: Account found: TEST
09/19/2006 17:36:54: Received CMSG_CHAR_ENUM
09/19/2006 17:37:07: Player entered World.
09/19/2006 17:37:23: Synchronized to Client...
09/19/2006 17:37:53: Synchronized to Client...
09/19/2006 17:38:23: Synchronized to Client...
09/19/2006 17:38:53: Synchronized to Client...
09/19/2006 17:39:23: Synchronized to Client...
09/19/2006 17:39:53: Synchronized to Client...
09/19/2006 17:40:23: Synchronized to Client...
09/19/2006 17:40:53: Synchronized to Client...
09/19/2006 17:41:23: Synchronized to Client...
09/19/2006 17:41:53: Synchronized to Client...
09/19/2006 17:42:23: Synchronized to Client...
09/19/2006 17:42:53: Synchronized to Client...
09/19/2006 17:43:23: Synchronized to Client...
09/19/2006 17:43:53: Synchronized to Client...
09/19/2006 17:44:23: Synchronized to Client...
09/19/2006 17:44:53: Synchronized to Client...
09/19/2006 17:45:23: Synchronized to Client...
09/19/2006 17:45:53: Synchronized to Client...
09/19/2006 17:46:23: Synchronized to Client...
09/19/2006 17:46:53: Synchronized to Client...
09/19/2006 17:47:23: Synchronized to Client...
09/19/2006 17:47:53: Synchronized to Client...
09/19/2006 17:48:23: Synchronized to Client...
09/19/2006 17:48:53: Synchronized to Client...
09/19/2006 17:49:23: Synchronized to Client...
09/19/2006 17:49:53: Synchronized to Client...
09/19/2006 17:50:23: Synchronized to Client...
09/19/2006 17:50:53: Synchronized to Client...
09/19/2006 17:51:23: Synchronized to Client...
09/19/2006 17:51:53: Synchronized to Client...
09/19/2006 17:52:23: Synchronized to Client...
09/19/2006 17:52:53: Synchronized to Client...
09/19/2006 17:53:23: Synchronized to Client...
09/19/2006 17:53:53: Synchronized to Client...
09/19/2006 17:54:23: Synchronized to Client...
09/19/2006 17:54:53: Synchronized to Client...
09/19/2006 17:55:23: Synchronized to Client...
09/19/2006 17:55:53: Synchronized to Client...
09/19/2006 17:56:23: Synchronized to Client...
09/19/2006 17:56:53: Synchronized to Client...
09/19/2006 17:57:23: Synchronized to Client...
09/19/2006 17:57:53: Synchronized to Client...
09/19/2006 17:58:23: Synchronized to Client...
09/19/2006 17:58:53: Synchronized to Client...
09/19/2006 17:59:23: Synchronized to Client...
09/19/2006 17:59:53: Synchronized to Client...
09/19/2006 18:00:23: Synchronized to Client...
09/19/2006 18:00:53: Synchronized to Client...
09/19/2006 18:01:23: Synchronized to Client...
09/19/2006 18:01:53: Synchronized to Client...
09/19/2006 18:02:23: Synchronized to Client...
09/19/2006 18:02:53: Synchronized to Client...
09/19/2006 18:03:23: Synchronized to Client...
09/19/2006 18:03:53: Synchronized to Client...
09/19/2006 18:04:23: Synchronized to Client...
09/19/2006 18:04:53: Synchronized to Client...
09/19/2006 18:05:23: Synchronized to Client...
09/19/2006 18:05:53: Synchronized to Client...
