!PiCaSsO! version Alpha 0.01 Copyright (C) 2006 by !PiCaSsO! Developer team
09/18/2006 22:27:32: Loading account TEST...
09/18/2006 22:27:32: Loaded all accounts from database!
09/18/2006 22:27:32: Building external C# scripts, please wait...
09/18/2006 22:27:32: Global scripts successfully loaded!
09/18/2006 22:27:32: HTTPServer listening on port 8080
09/18/2006 22:27:32: Worldserver listening on port 8085
09/18/2006 22:27:32: AuthServer listening on port 1234
09/18/2006 22:27:32: Waiting for incoming connections...
09/18/2006 22:27:56: Incoming connection!
09/18/2006 22:27:56: Recieved Logon Challenge!
09/18/2006 22:27:56: Cient version accepted: 2.0.0, ID = 56085!
09/18/2006 22:27:56: Recieved AUTH_CHALLENGE from user: TEST
09/18/2006 22:27:56: Logon proof!
09/18/2006 22:27:56: Client requested realmlist!
09/18/2006 22:27:56: Client Redirected to Worldserver!
09/18/2006 22:27:56: Challenged client to auth again.
09/18/2006 22:27:57: Recieved 2nd auth from client!
09/18/2006 22:27:57: Account found: TEST
09/18/2006 22:27:57: Received CMSG_CHAR_ENUM
09/18/2006 22:28:26: Synchronized to Client...
