!PiCaSsO! version Alpha 0.01 Copyright (C) 2006 by !PiCaSsO! Developer team
09/18/2006 22:02:03: Loading account TEST...
09/18/2006 22:02:03: Loaded all accounts from database!
09/18/2006 22:02:03: Building external C# scripts, please wait...
09/18/2006 22:02:03: Global scripts successfully loaded!
09/18/2006 22:02:03: HTTPServer listening on port 8080
09/18/2006 22:02:03: Worldserver listening on port 8085
09/18/2006 22:02:03: AuthServer listening on port 1234
09/18/2006 22:02:03: Waiting for incoming connections...
09/18/2006 22:02:23: Incoming connection!
09/18/2006 22:02:23: Recieved Logon Challenge!
09/18/2006 22:02:23: Cient version accepted: 2.0.0, ID = 56085!
09/18/2006 22:02:23: Recieved AUTH_CHALLENGE from user: TEST
09/18/2006 22:02:23: Logon proof!
09/18/2006 22:02:23: Client requested realmlist!
09/18/2006 22:02:23: Client Redirected to Worldserver!
09/18/2006 22:02:23: Challenged client to auth again.
09/18/2006 22:02:23: Recieved 2nd auth from client!
09/18/2006 22:02:23: Account found: TEST
09/18/2006 22:02:24: Received CMSG_CHAR_ENUM
09/18/2006 22:02:37: CMSG_CHAR_CREATE
09/18/2006 22:02:37: Created char: testhum, race= 1
09/18/2006 22:02:44: CMSG_CHAR_CREATE
09/18/2006 22:02:44: Created char: testdwarf, race= 3
09/18/2006 22:02:50: CMSG_CHAR_CREATE
09/18/2006 22:02:50: Created char: testne, race= 4
09/18/2006 22:02:53: Synchronized to Client...
09/18/2006 22:02:56: CMSG_CHAR_CREATE
09/18/2006 22:02:56: Created char: testgno, race= 7
09/18/2006 22:03:05: CMSG_CHAR_CREATE
09/18/2006 22:03:05: Created char: testdrae, race= 11
09/18/2006 22:03:12: CMSG_CHAR_CREATE
09/18/2006 22:03:12: Created char: testorc, race= 2
09/18/2006 22:03:18: CMSG_CHAR_CREATE
09/18/2006 22:03:18: Created char: testundead, race= 5
09/18/2006 22:03:23: Synchronized to Client...
09/18/2006 22:03:27: CMSG_CHAR_CREATE
09/18/2006 22:03:27: Created char: testtaurem, race= 6
09/18/2006 22:03:33: CMSG_CHAR_CREATE
09/18/2006 22:03:33: Created char: testtroll, race= 8
09/18/2006 22:03:41: CMSG_CHAR_CREATE
09/18/2006 22:03:41: Created char: testbloodelf, race= 10
09/18/2006 22:03:53: Synchronized to Client...
09/18/2006 22:04:23: Synchronized to Client...
09/18/2006 22:04:53: Synchronized to Client...
09/18/2006 22:05:23: Synchronized to Client...
09/18/2006 22:05:53: Synchronized to Client...
09/18/2006 22:06:23: Synchronized to Client...
09/18/2006 22:06:53: Synchronized to Client...
09/18/2006 22:07:23: Synchronized to Client...
09/18/2006 22:07:53: Synchronized to Client...
09/18/2006 22:08:23: Synchronized to Client...
09/18/2006 22:08:53: Synchronized to Client...
09/18/2006 22:09:23: Synchronized to Client...
09/18/2006 22:09:53: Synchronized to Client...
09/18/2006 22:10:23: Synchronized to Client...
09/18/2006 22:10:53: Synchronized to Client...
09/18/2006 22:11:23: Synchronized to Client...
09/18/2006 22:11:53: Synchronized to Client...
09/18/2006 22:12:23: Synchronized to Client...
09/18/2006 22:12:53: Synchronized to Client...
09/18/2006 22:13:23: Synchronized to Client...
09/18/2006 22:13:53: Synchronized to Client...
09/18/2006 22:14:23: Synchronized to Client...
09/18/2006 22:14:53: Synchronized to Client...
09/18/2006 22:15:23: Synchronized to Client...
09/18/2006 22:15:53: Synchronized to Client...
09/18/2006 22:16:23: Synchronized to Client...
09/18/2006 22:16:53: Synchronized to Client...
09/18/2006 22:17:23: Synchronized to Client...
09/18/2006 22:17:53: Synchronized to Client...
09/18/2006 22:18:23: Synchronized to Client...
09/18/2006 22:18:53: Synchronized to Client...
09/18/2006 22:19:23: Synchronized to Client...
09/18/2006 22:19:53: Synchronized to Client...
09/18/2006 22:20:23: Synchronized to Client...
09/18/2006 22:20:53: Synchronized to Client...
09/18/2006 22:21:23: Synchronized to Client...
09/18/2006 22:21:53: Synchronized to Client...
09/18/2006 22:22:23: Synchronized to Client...
09/18/2006 22:22:53: Synchronized to Client...
