!PiCaSsO! version Alpha 0.01 Copyright (C) 2006 by !PiCaSsO! Developer team
09/19/2006 21:49:19: Loading account TEST...
09/19/2006 21:49:19: Loaded all accounts from database!
09/19/2006 21:49:19: Building external C# scripts, please wait...
09/19/2006 21:49:19: Global scripts successfully loaded!
09/19/2006 21:49:19: HTTPServer listening on port 8080
09/19/2006 21:49:19: Worldserver listening on port 8085
09/19/2006 21:49:20: AuthServer listening on port 1234
09/19/2006 21:49:20: Waiting for incoming connections...
09/19/2006 21:50:08: Incoming connection!
09/19/2006 21:50:08: Recieved Logon Challenge!
09/19/2006 21:50:08: Cient version accepted: 2.0.0, ID = 56085!
09/19/2006 21:50:08: Recieved AUTH_CHALLENGE from user: TEST
09/19/2006 21:50:11: Logon proof!
09/19/2006 21:50:11: Client requested realmlist!
09/19/2006 21:50:11: Client Redirected to Worldserver!
09/19/2006 21:50:11: Challenged client to auth again.
09/19/2006 21:50:11: Recieved 2nd auth from client!
09/19/2006 21:50:11: Account found: TEST
09/19/2006 21:50:12: Received CMSG_CHAR_ENUM
09/19/2006 21:50:44: Synchronized to Client...
09/19/2006 21:50:44: Player entered World.
09/19/2006 21:51:14: Synchronized to Client...
09/19/2006 21:51:46: Synchronized to Client...
09/19/2006 21:52:14: Synchronized to Client...
09/19/2006 21:52:44: Synchronized to Client...
09/19/2006 21:53:14: Synchronized to Client...
09/19/2006 21:53:38: Recieve unknown OPCode: 284
