!PiCaSsO! version Alpha 0.01 Copyright (C) 2006 by !PiCaSsO! Developer team
09/18/2006 20:48:29: Loading account TEST...
09/18/2006 20:48:29: Loaded all accounts from database!
09/18/2006 20:48:29: Building external C# scripts, please wait...
09/18/2006 20:48:29: Global scripts successfully loaded!
09/18/2006 20:48:29: HTTPServer listening on port 8080
09/18/2006 20:48:29: Worldserver listening on port 8085
09/18/2006 20:48:29: AuthServer listening on port 1234
09/18/2006 20:48:29: Waiting for incoming connections...
09/18/2006 20:48:48: Incoming connection!
09/18/2006 20:48:48: Recieved Logon Challenge!
09/18/2006 20:48:48: Cient version accepted: 2.0.0, ID = 56085!
09/18/2006 20:48:48: Recieved AUTH_CHALLENGE from user: TEST
09/18/2006 20:48:48: Logon proof!
09/18/2006 20:48:48: Client requested realmlist!
09/18/2006 20:48:48: Client Redirected to Worldserver!
09/18/2006 20:48:48: Challenged client to auth again.
09/18/2006 20:48:48: Recieved 2nd auth from client!
09/18/2006 20:48:48: Account found: TEST
09/18/2006 20:48:48: Received CMSG_CHAR_ENUM
