!PiCaSsO! version Alpha 0.01 Copyright (C) 2006 by !PiCaSsO! Developer team
09/18/2006 21:21:41: Loading account TEST...
09/18/2006 21:21:41: Loaded all accounts from database!
09/18/2006 21:21:41: Building external C# scripts, please wait...
09/18/2006 21:21:41: Global scripts successfully loaded!
09/18/2006 21:21:41: HTTPServer listening on port 8080
09/18/2006 21:21:41: Worldserver listening on port 8085
09/18/2006 21:21:41: AuthServer listening on port 1234
09/18/2006 21:21:41: Waiting for incoming connections...
09/18/2006 21:22:01: Incoming connection!
09/18/2006 21:22:01: Recieved Logon Challenge!
09/18/2006 21:22:01: Cient version accepted: 2.0.0, ID = 56085!
09/18/2006 21:22:01: Recieved AUTH_CHALLENGE from user: TEST
09/18/2006 21:22:01: Logon proof!
09/18/2006 21:22:01: Client requested realmlist!
09/18/2006 21:22:01: Client Redirected to Worldserver!
09/18/2006 21:22:01: Challenged client to auth again.
09/18/2006 21:22:01: Recieved 2nd auth from client!
09/18/2006 21:22:01: Account found: TEST
09/18/2006 21:22:02: Received CMSG_CHAR_ENUM
09/18/2006 21:22:31: Synchronized to Client...
09/18/2006 21:23:01: Synchronized to Client...
09/18/2006 21:23:31: Synchronized to Client...
09/18/2006 21:24:01: Synchronized to Client...
09/18/2006 21:24:31: Synchronized to Client...
09/18/2006 21:25:01: Synchronized to Client...
09/18/2006 21:25:31: Synchronized to Client...
09/18/2006 21:26:01: Synchronized to Client...
09/18/2006 21:26:31: Synchronized to Client...
09/18/2006 21:27:01: Synchronized to Client...
09/18/2006 21:27:31: Synchronized to Client...
