!PiCaSsO! version Alpha 0.01 Copyright (C) 2006 by !PiCaSsO! Developer team
09/19/2006 17:10:46: Loading account TEST...
09/19/2006 17:10:46: Loaded all accounts from database!
09/19/2006 17:10:46: Building external C# scripts, please wait...
09/19/2006 17:10:46: Global scripts successfully loaded!
09/19/2006 17:10:46: HTTPServer listening on port 8080
09/19/2006 17:10:46: Worldserver listening on port 8085
09/19/2006 17:10:46: AuthServer listening on port 1234
09/19/2006 17:10:46: Waiting for incoming connections...
09/19/2006 17:11:10: Incoming connection!
09/19/2006 17:11:10: Recieved Logon Challenge!
09/19/2006 17:11:10: Wrong client version 55574. Excpected is 2.0.0, ID = 56085!
09/19/2006 17:11:10: Recieved AUTH_CHALLENGE from user: TEST
09/19/2006 17:11:10: Logon proof!
09/19/2006 17:11:10: Client requested realmlist!
09/19/2006 17:11:10: Client Redirected to Worldserver!
09/19/2006 17:11:10: Challenged client to auth again.
09/19/2006 17:11:10: Recieved 2nd auth from client!
09/19/2006 17:11:10: Account found: TEST
09/19/2006 17:11:11: Received CMSG_CHAR_ENUM
09/19/2006 17:11:21: Player entered World.
09/19/2006 17:11:21: Updated account data.
09/19/2006 17:11:40: Recieve unknown OPCode: 61656
