!PiCaSsO! version Alpha 0.01 Copyright (C) 2006 by !PiCaSsO! Developer team
09/18/2006 22:37:20: Loading account TEST...
09/18/2006 22:37:20: Loaded all accounts from database!
09/18/2006 22:37:20: Building external C# scripts, please wait...
09/18/2006 22:37:20: Global scripts successfully loaded!
09/18/2006 22:37:20: HTTPServer listening on port 8080
09/18/2006 22:37:20: Worldserver listening on port 8085
09/18/2006 22:37:20: AuthServer listening on port 1234
09/18/2006 22:37:20: Waiting for incoming connections...
09/18/2006 22:37:44: Incoming connection!
09/18/2006 22:37:44: Recieved Logon Challenge!
09/18/2006 22:37:44: Cient version accepted: 2.0.0, ID = 56085!
09/18/2006 22:37:44: Recieved AUTH_CHALLENGE from user: TEST
09/18/2006 22:37:44: Logon proof!
09/18/2006 22:37:44: Client requested realmlist!
09/18/2006 22:37:44: Client Redirected to Worldserver!
09/18/2006 22:37:44: Challenged client to auth again.
09/18/2006 22:37:44: Recieved 2nd auth from client!
09/18/2006 22:37:44: Account found: TEST
09/18/2006 22:37:44: Received CMSG_CHAR_ENUM
09/18/2006 22:37:54: Player entered World.
09/18/2006 22:37:54: Recieve unknown OPCode: 0
