!PiCaSsO! version Alpha 0.01 Copyright (C) 2006 by !PiCaSsO! Developer team
09/19/2006 17:29:32: Loading account TEST...
09/19/2006 17:29:32: Loaded all accounts from database!
09/19/2006 17:29:32: Building external C# scripts, please wait...
09/19/2006 17:29:32: Global scripts successfully loaded!
09/19/2006 17:29:32: HTTPServer listening on port 8080
09/19/2006 17:29:32: Worldserver listening on port 8085
09/19/2006 17:29:33: AuthServer listening on port 1234
09/19/2006 17:29:33: Waiting for incoming connections...
09/19/2006 17:29:57: Incoming connection!
09/19/2006 17:29:57: Recieved Logon Challenge!
09/19/2006 17:29:57: Wrong client version 55574. Excpected is 2.0.0, ID = 56085!
09/19/2006 17:29:57: Recieved AUTH_CHALLENGE from user: TEST
09/19/2006 17:29:57: Logon proof!
09/19/2006 17:29:57: Client requested realmlist!
09/19/2006 17:29:57: Client Redirected to Worldserver!
09/19/2006 17:29:57: Challenged client to auth again.
09/19/2006 17:29:57: Recieved 2nd auth from client!
09/19/2006 17:29:57: Account found: TEST
09/19/2006 17:29:58: Received CMSG_CHAR_ENUM
09/19/2006 17:30:05: Player entered World.
09/19/2006 17:30:05: Updated account data.
