!PiCaSsO! version Alpha 0.01 Copyright (C) 2006 by !PiCaSsO! Developer team
09/19/2006 22:13:57: Loading account TEST...
09/19/2006 22:13:57: Loaded all accounts from database!
09/19/2006 22:13:57: Building external C# scripts, please wait...
09/19/2006 22:13:57: Global scripts successfully loaded!
09/19/2006 22:13:57: HTTPServer listening on port 8080
09/19/2006 22:13:57: Worldserver listening on port 8085
09/19/2006 22:13:58: AuthServer listening on port 1234
09/19/2006 22:13:58: Waiting for incoming connections...
09/19/2006 22:14:43: Incoming connection!
09/19/2006 22:14:43: Recieved Logon Challenge!
09/19/2006 22:14:43: Cient version accepted: 2.0.0, ID = 56085!
09/19/2006 22:14:43: Recieved AUTH_CHALLENGE from user: TEST
09/19/2006 22:14:44: Logon proof!
09/19/2006 22:14:44: Client requested realmlist!
09/19/2006 22:14:44: Client Redirected to Worldserver!
09/19/2006 22:14:44: Challenged client to auth again.
09/19/2006 22:14:44: Recieved 2nd auth from client!
09/19/2006 22:14:44: Account found: TEST
09/19/2006 22:14:44: Received CMSG_CHAR_ENUM
09/19/2006 22:15:11: Player entered World.
09/19/2006 22:15:11: Updated account data.
09/19/2006 22:15:11: Updated account data.
09/19/2006 22:15:14: Synchronized to Client...
09/19/2006 22:15:26: Recieve unknown OPCode: 284
