!PiCaSsO! version Alpha 0.01 Copyright (C) 2006 by !PiCaSsO! Developer team
09/18/2006 21:19:45: Loading account TEST...
09/18/2006 21:19:45: Loaded all accounts from database!
09/18/2006 21:19:45: Building external C# scripts, please wait...
09/18/2006 21:19:45: Global scripts successfully loaded!
09/18/2006 21:19:45: HTTPServer listening on port 8080
09/18/2006 21:19:45: Worldserver listening on port 8085
09/18/2006 21:19:45: AuthServer listening on port 1234
09/18/2006 21:19:45: Waiting for incoming connections...
09/18/2006 21:20:08: Incoming connection!
09/18/2006 21:20:08: Recieved Logon Challenge!
09/18/2006 21:20:08: Cient version accepted: 2.0.0, ID = 56085!
09/18/2006 21:20:08: Recieved AUTH_CHALLENGE from user: TEST
09/18/2006 21:20:08: Logon proof!
09/18/2006 21:20:08: Client requested realmlist!
09/18/2006 21:20:08: Client Redirected to Worldserver!
09/18/2006 21:20:08: Challenged client to auth again.
09/18/2006 21:20:08: Recieved 2nd auth from client!
09/18/2006 21:20:08: Account found: TEST
09/18/2006 21:20:09: Received CMSG_CHAR_ENUM
09/18/2006 21:20:38: Synchronized to Client...
09/18/2006 21:21:08: Synchronized to Client...
