!PiCaSsO! version Alpha 0.01 Copyright (C) 2006 by !PiCaSsO! Developer team
09/19/2006 17:21:51: Loading account TEST...
09/19/2006 17:21:51: Loaded all accounts from database!
09/19/2006 17:21:51: Building external C# scripts, please wait...
09/19/2006 17:21:51: Global scripts successfully loaded!
09/19/2006 17:21:51: HTTPServer listening on port 8080
09/19/2006 17:21:51: Worldserver listening on port 8085
09/19/2006 17:21:51: AuthServer listening on port 1234
09/19/2006 17:21:51: Waiting for incoming connections...
09/19/2006 17:22:19: Incoming connection!
09/19/2006 17:22:19: Recieved Logon Challenge!
09/19/2006 17:22:19: Wrong client version 55574. Excpected is 2.0.0, ID = 56085!
09/19/2006 17:22:19: Recieved AUTH_CHALLENGE from user: TEST
09/19/2006 17:22:19: Logon proof!
09/19/2006 17:22:19: Client requested realmlist!
09/19/2006 17:22:19: Client Redirected to Worldserver!
09/19/2006 17:22:19: Challenged client to auth again.
09/19/2006 17:22:19: Recieved 2nd auth from client!
09/19/2006 17:22:19: Account found: TEST
09/19/2006 17:22:20: Received CMSG_CHAR_ENUM
09/19/2006 17:22:27: Player entered World.
09/19/2006 17:22:27: Updated account data.
