!PiCaSsO! version Alpha 0.01 Copyright (C) 2006 by !PiCaSsO! Developer team
09/19/2006 17:00:43: Loading account TEST...
09/19/2006 17:00:43: Loaded all accounts from database!
09/19/2006 17:00:43: Building external C# scripts, please wait...
09/19/2006 17:00:43: Global scripts successfully loaded!
09/19/2006 17:00:43: HTTPServer listening on port 8080
09/19/2006 17:00:43: Worldserver listening on port 8085
09/19/2006 17:00:44: AuthServer listening on port 1234
09/19/2006 17:00:44: Waiting for incoming connections...
09/19/2006 17:01:10: Incoming connection!
09/19/2006 17:01:10: Recieved Logon Challenge!
09/19/2006 17:01:10: Wrong client version 55574. Excpected is 2.0.0, ID = 56085!
09/19/2006 17:01:10: Recieved AUTH_CHALLENGE from user: TEST
09/19/2006 17:01:10: Logon proof!
09/19/2006 17:01:10: Client requested realmlist!
09/19/2006 17:01:10: Client Redirected to Worldserver!
09/19/2006 17:01:10: Challenged client to auth again.
09/19/2006 17:01:10: Recieved 2nd auth from client!
09/19/2006 17:01:10: Account found: TEST
09/19/2006 17:01:11: Received CMSG_CHAR_ENUM
09/19/2006 17:01:24: Player entered World.
09/19/2006 17:01:24: Updated account data.
09/19/2006 17:02:10: Recieve unknown OPCode: 60603
