!PiCaSsO! version Alpha 0.01 Copyright (C) 2006 by !PiCaSsO! Developer team
09/19/2006 22:21:19: Loading account TEST...
09/19/2006 22:21:19: Loaded all accounts from database!
09/19/2006 22:21:19: Building external C# scripts, please wait...
09/19/2006 22:21:19: Global scripts successfully loaded!
09/19/2006 22:21:19: HTTPServer listening on port 8080
09/19/2006 22:21:19: Worldserver listening on port 8085
09/19/2006 22:21:20: AuthServer listening on port 1234
09/19/2006 22:21:20: Waiting for incoming connections...
09/19/2006 22:28:55: Incoming connection!
09/19/2006 22:28:56: Recieved Logon Challenge!
09/19/2006 22:28:56: Cient version accepted: 2.0.0, ID = 56085!
09/19/2006 22:28:56: Recieved AUTH_CHALLENGE from user: TEST
09/19/2006 22:28:56: Logon proof!
09/19/2006 22:28:56: Client requested realmlist!
09/19/2006 22:28:56: Client Redirected to Worldserver!
09/19/2006 22:28:56: Challenged client to auth again.
09/19/2006 22:28:56: Recieved 2nd auth from client!
09/19/2006 22:28:56: Account found: TEST
09/19/2006 22:28:57: Received CMSG_CHAR_ENUM
09/19/2006 22:29:07: Player entered World.
09/19/2006 22:29:07: Updated account data.
