!PiCaSsO! version Alpha 0.01 Copyright (C) 2006 by !PiCaSsO! Developer team
09/18/2006 21:53:28: Loading account TEST...
09/18/2006 21:53:28: Loaded all accounts from database!
09/18/2006 21:53:28: Building external C# scripts, please wait...
09/18/2006 21:53:28: Global scripts successfully loaded!
09/18/2006 21:53:28: HTTPServer listening on port 8080
09/18/2006 21:53:28: Worldserver listening on port 8085
09/18/2006 21:53:28: AuthServer listening on port 1234
09/18/2006 21:53:28: Waiting for incoming connections...
09/18/2006 21:53:49: Incoming connection!
09/18/2006 21:53:49: Recieved Logon Challenge!
09/18/2006 21:53:49: Cient version accepted: 2.0.0, ID = 56085!
09/18/2006 21:53:49: Recieved AUTH_CHALLENGE from user: TEST
09/18/2006 21:53:49: Logon proof!
09/18/2006 21:53:52: Incoming connection!
09/18/2006 21:53:52: Recieved Logon Challenge!
09/18/2006 21:53:52: Cient version accepted: 2.0.0, ID = 56085!
09/18/2006 21:53:52: Recieved AUTH_CHALLENGE from user: TEST
09/18/2006 21:53:52: Logon proof!
09/18/2006 21:53:52: Client requested realmlist!
09/18/2006 21:53:52: Client Redirected to Worldserver!
09/18/2006 21:53:52: Challenged client to auth again.
09/18/2006 21:53:52: Recieved 2nd auth from client!
09/18/2006 21:53:52: Account found: TEST
