!PiCaSsO! version Alpha 0.01 Copyright (C) 2006 by !PiCaSsO! Developer team
09/18/2006 20:47:24: Loading account TEST...
09/18/2006 20:47:24: Loaded all accounts from database!
09/18/2006 20:47:24: Building external C# scripts, please wait...
09/18/2006 20:47:24: Global scripts successfully loaded!
09/18/2006 20:47:24: HTTPServer listening on port 8080
09/18/2006 20:47:25: Worldserver listening on port 8085
09/18/2006 20:47:25: AuthServer listening on port 1234
09/18/2006 20:47:25: Waiting for incoming connections...
09/18/2006 20:47:44: Incoming connection!
09/18/2006 20:47:44: Recieved Logon Challenge!
09/18/2006 20:47:44: Cient version accepted: 2.0.0, ID = 56085!
09/18/2006 20:47:44: Recieved AUTH_CHALLENGE from user: TEST
09/18/2006 20:47:44: Logon proof!
09/18/2006 20:47:44: Client requested realmlist!
09/18/2006 20:47:44: Client Redirected to Worldserver!
09/18/2006 20:47:44: Challenged client to auth again.
09/18/2006 20:47:44: Recieved 2nd auth from client!
09/18/2006 20:47:44: Account found: TEST
09/18/2006 20:47:44: Received CMSG_CHAR_ENUM
