!PiCaSsO! version Alpha 0.01 Copyright (C) 2006 by !PiCaSsO! Developer team
09/18/2006 21:50:58: Loading account TEST...
09/18/2006 21:50:58: Loaded all accounts from database!
09/18/2006 21:50:58: Building external C# scripts, please wait...
09/18/2006 21:50:58: Global scripts successfully loaded!
09/18/2006 21:50:58: HTTPServer listening on port 8080
09/18/2006 21:50:58: Worldserver listening on port 8085
09/18/2006 21:50:58: AuthServer listening on port 1234
09/18/2006 21:50:58: Waiting for incoming connections...
09/18/2006 21:51:25: Incoming connection!
09/18/2006 21:51:25: Recieved Logon Challenge!
09/18/2006 21:51:25: Cient version accepted: 2.0.0, ID = 56085!
09/18/2006 21:51:25: Recieved AUTH_CHALLENGE from user: TEST
09/18/2006 21:51:25: Logon proof!
09/18/2006 21:51:25: Client requested realmlist!
09/18/2006 21:51:25: Client Redirected to Worldserver!
09/18/2006 21:51:25: Challenged client to auth again.
09/18/2006 21:51:25: Recieved 2nd auth from client!
09/18/2006 21:51:25: Account found: TEST
09/18/2006 21:51:26: Received CMSG_CHAR_ENUM
09/18/2006 21:51:39: CMSG_CHAR_CREATE
09/18/2006 21:51:39: Created char: test
