!PiCaSsO! version Alpha 0.01 Copyright (C) 2006 by !PiCaSsO! Developer team
09/19/2006 17:15:12: Loading account TEST...
09/19/2006 17:15:12: Loaded all accounts from database!
09/19/2006 17:15:12: Building external C# scripts, please wait...
09/19/2006 17:15:12: Global scripts successfully loaded!
09/19/2006 17:15:12: HTTPServer listening on port 8080
09/19/2006 17:15:12: Worldserver listening on port 8085
09/19/2006 17:15:12: AuthServer listening on port 1234
09/19/2006 17:15:12: Waiting for incoming connections...
09/19/2006 17:16:03: Incoming connection!
09/19/2006 17:16:03: Recieved Logon Challenge!
09/19/2006 17:16:03: Wrong client version 55574. Excpected is 2.0.0, ID = 56085!
09/19/2006 17:16:03: Recieved AUTH_CHALLENGE from user: TEST
09/19/2006 17:16:03: Logon proof!
09/19/2006 17:16:03: Client requested realmlist!
09/19/2006 17:16:03: Client Redirected to Worldserver!
09/19/2006 17:16:03: Challenged client to auth again.
09/19/2006 17:16:03: Recieved 2nd auth from client!
09/19/2006 17:16:03: Account found: TEST
09/19/2006 17:16:04: Received CMSG_CHAR_ENUM
09/19/2006 17:16:12: Player entered World.
09/19/2006 17:16:12: Updated account data.
