!PiCaSsO! version Alpha 0.01 Copyright (C) 2006 by !PiCaSsO! Developer team
09/18/2006 21:33:33: Loading account TEST...
09/18/2006 21:33:33: Loaded all accounts from database!
09/18/2006 21:33:33: Building external C# scripts, please wait...
09/18/2006 21:33:33: Global scripts successfully loaded!
09/18/2006 21:33:33: HTTPServer listening on port 8080
09/18/2006 21:33:33: Worldserver listening on port 8085
09/18/2006 21:33:34: AuthServer listening on port 1234
09/18/2006 21:33:34: Waiting for incoming connections...
09/18/2006 21:33:53: Incoming connection!
09/18/2006 21:33:53: Recieved Logon Challenge!
09/18/2006 21:33:53: Cient version accepted: 2.0.0, ID = 56085!
09/18/2006 21:33:53: Recieved AUTH_CHALLENGE from user: TEST
09/18/2006 21:33:54: Logon proof!
09/18/2006 21:33:54: Client requested realmlist!
09/18/2006 21:33:54: Client Redirected to Worldserver!
09/18/2006 21:33:54: Challenged client to auth again.
09/18/2006 21:33:54: Recieved 2nd auth from client!
09/18/2006 21:33:54: Account found: TEST
09/18/2006 21:33:54: Received CMSG_CHAR_ENUM
09/18/2006 21:34:24: Synchronized to Client...
09/18/2006 21:34:54: Synchronized to Client...
09/18/2006 21:34:57: Received CMSG_CHAR_ENUM
09/18/2006 21:34:59: Client requested realmlist!
09/18/2006 21:35:00: Client requested realmlist!
09/18/2006 21:35:00: Client Redirected to Worldserver!
09/18/2006 21:35:00: Challenged client to auth again.
09/18/2006 21:35:08: Incoming connection!
09/18/2006 21:35:08: Recieved Logon Challenge!
09/18/2006 21:35:08: Cient version accepted: 2.0.0, ID = 56085!
09/18/2006 21:35:08: Recieved AUTH_CHALLENGE from user: TEST
09/18/2006 21:35:08: Logon proof!
09/18/2006 21:35:08: Client requested realmlist!
09/18/2006 21:35:08: Client Redirected to Worldserver!
09/18/2006 21:35:08: Challenged client to auth again.
