!PiCaSsO! version Alpha 0.01 Copyright (C) 2006 by !PiCaSsO! Developer team
10/03/2006 21:46:16: Loading account TEST...
10/03/2006 21:46:16: Loaded all accounts from database!
10/03/2006 21:46:16: Building external C# scripts, please wait...
10/03/2006 21:46:16: Global scripts successfully loaded!
10/03/2006 21:46:16: HTTPServer listening on port 8080
10/03/2006 21:46:17: Worldserver listening on port 8085
10/03/2006 21:46:17: AuthServer listening on port 3724
10/03/2006 21:46:17: Waiting for incoming connections...
10/03/2006 21:47:17: Incoming connection!
10/03/2006 21:47:17: Recieved Logon Challenge!
10/03/2006 21:47:17: Wrong client version 8471. Excpected is 2.0.0, ID = 56085!
10/03/2006 21:47:17: Recieved AUTH_CHALLENGE from user: TEST
10/03/2006 21:47:17: Logon proof!
10/03/2006 21:47:17: Client requested realmlist!
10/03/2006 21:47:17: Client Redirected to Worldserver!
10/03/2006 21:47:17: Challenged client to auth again.
10/03/2006 21:47:17: Recieved 2nd auth from client!
10/03/2006 21:47:17: Account found: TEST
10/03/2006 21:47:18: Received CMSG_CHAR_ENUM
10/03/2006 21:47:22: Recieve unknown OPCode: 862
10/03/2006 21:47:22: Recieve unknown OPCode: 860
10/03/2006 21:47:25: Recieve unknown OPCode: 284
10/03/2006 21:47:26: Received CMSG_CHAR_ENUM
10/03/2006 21:47:35: Recieve unknown OPCode: 862
10/03/2006 21:47:35: Recieve unknown OPCode: 860
10/03/2006 21:47:37: Recieve unknown OPCode: 284
10/03/2006 21:47:37: Received CMSG_CHAR_ENUM
