!PiCaSsO! version Alpha 0.01 Copyright (C) 2006 by !PiCaSsO! Developer team
10/03/2006 21:44:10: Loading account TEST...
10/03/2006 21:44:10: Loaded all accounts from database!
10/03/2006 21:44:10: Building external C# scripts, please wait...
10/03/2006 21:44:10: Global scripts successfully loaded!
10/03/2006 21:44:10: HTTPServer listening on port 8080
10/03/2006 21:44:10: Worldserver listening on port 8085
10/03/2006 21:44:11: AuthServer listening on port 3724
10/03/2006 21:44:11: Waiting for incoming connections...
10/03/2006 21:44:23: Incoming connection!
10/03/2006 21:44:23: Recieved Logon Challenge!
10/03/2006 21:44:23: Wrong client version 8471. Excpected is 2.0.0, ID = 56085!
10/03/2006 21:44:23: Recieved AUTH_CHALLENGE from user: TEST
10/03/2006 21:44:23: Logon proof!
10/03/2006 21:44:23: Client requested realmlist!
10/03/2006 21:44:23: Client Redirected to Worldserver!
10/03/2006 21:44:23: Challenged client to auth again.
10/03/2006 21:44:23: Recieved 2nd auth from client!
10/03/2006 21:44:23: Account found: TEST
10/03/2006 21:44:24: Received CMSG_CHAR_ENUM
10/03/2006 21:44:30: Recieve unknown OPCode: 862
10/03/2006 21:44:30: Recieve unknown OPCode: 860
10/03/2006 21:44:35: Player entered World.
10/03/2006 21:44:35: Updated account data.
