!PiCaSsO! version Alpha 0.01 Copyright (C) 2006 by !PiCaSsO! Developer team
10/03/2006 22:09:26: Loading account TEST...
10/03/2006 22:09:26: Loaded all accounts from database!
10/03/2006 22:09:26: Building external C# scripts, please wait...
10/03/2006 22:09:26: Global scripts successfully loaded!
10/03/2006 22:09:26: HTTPServer listening on port 8080
10/03/2006 22:09:26: Worldserver listening on port 8085
10/03/2006 22:09:26: AuthServer listening on port 3724
10/03/2006 22:09:26: Waiting for incoming connections...
10/03/2006 22:09:35: Incoming connection!
10/03/2006 22:09:35: Recieved Logon Challenge!
10/03/2006 22:09:35: Wrong client version 8471. Excpected is 2.0.0, ID = 56085!
10/03/2006 22:09:35: Recieved AUTH_CHALLENGE from user: TEST
10/03/2006 22:09:35: Logon proof!
10/03/2006 22:09:35: Client requested realmlist!
10/03/2006 22:09:35: Client Redirected to Worldserver!
10/03/2006 22:09:35: Challenged client to auth again.
10/03/2006 22:09:35: Recieved 2nd auth from client!
10/03/2006 22:09:35: Account found: TEST
10/03/2006 22:09:36: Received CMSG_CHAR_ENUM
10/03/2006 22:09:40: Recieve unknown OPCode: 862
10/03/2006 22:09:40: Recieve unknown OPCode: 860
10/03/2006 22:09:43: Player entered World.
10/03/2006 22:10:05: Synchronized to Client...
