!PiCaSsO! version Alpha 0.01 Copyright (C) 2006 by !PiCaSsO! Developer team
10/03/2006 21:59:38: Loading account TEST...
10/03/2006 21:59:38: Loaded all accounts from database!
10/03/2006 21:59:38: Building external C# scripts, please wait...
10/03/2006 21:59:38: Global scripts successfully loaded!
10/03/2006 21:59:38: HTTPServer listening on port 8080
10/03/2006 21:59:38: Worldserver listening on port 8085
10/03/2006 21:59:38: AuthServer listening on port 3724
10/03/2006 21:59:38: Waiting for incoming connections...
10/03/2006 21:59:49: Incoming connection!
10/03/2006 21:59:49: Recieved Logon Challenge!
10/03/2006 21:59:49: Wrong client version 8471. Excpected is 2.0.0, ID = 56085!
10/03/2006 21:59:49: Recieved AUTH_CHALLENGE from user: TEST
10/03/2006 21:59:49: Logon proof!
10/03/2006 21:59:49: Client requested realmlist!
10/03/2006 21:59:49: Client Redirected to Worldserver!
10/03/2006 21:59:49: Challenged client to auth again.
10/03/2006 21:59:49: Recieved 2nd auth from client!
10/03/2006 21:59:49: Account found: TEST
10/03/2006 21:59:49: Received CMSG_CHAR_ENUM
10/03/2006 21:59:53: Recieve unknown OPCode: 862
10/03/2006 21:59:53: Recieve unknown OPCode: 860
10/03/2006 21:59:56: Player entered World.
