!PiCaSsO! version Alpha 0.01 Copyright (C) 2006 by !PiCaSsO! Developer team
10/03/2006 22:02:19: Loading account TEST...
10/03/2006 22:02:19: Loaded all accounts from database!
10/03/2006 22:02:19: Building external C# scripts, please wait...
10/03/2006 22:02:19: Global scripts successfully loaded!
10/03/2006 22:02:19: HTTPServer listening on port 8080
10/03/2006 22:02:19: Worldserver listening on port 8085
10/03/2006 22:02:20: AuthServer listening on port 3724
10/03/2006 22:02:20: Waiting for incoming connections...
10/03/2006 22:02:25: Incoming connection!
10/03/2006 22:02:25: Recieved Logon Challenge!
10/03/2006 22:02:25: Wrong client version 8471. Excpected is 2.0.0, ID = 56085!
10/03/2006 22:02:25: Recieved AUTH_CHALLENGE from user: TEST
10/03/2006 22:02:25: Logon proof!
10/03/2006 22:02:25: Client requested realmlist!
10/03/2006 22:02:25: Client Redirected to Worldserver!
10/03/2006 22:02:25: Challenged client to auth again.
10/03/2006 22:02:25: Recieved 2nd auth from client!
10/03/2006 22:02:25: Account found: TEST
10/03/2006 22:02:26: Received CMSG_CHAR_ENUM
10/03/2006 22:02:29: Recieve unknown OPCode: 862
10/03/2006 22:02:29: Recieve unknown OPCode: 860
10/03/2006 22:02:32: Player entered World.
