!PiCaSsO! version Alpha 0.01 Copyright (C) 2006 by !PiCaSsO! Developer team
10/03/2006 21:35:24: Loading account TEST...
10/03/2006 21:35:24: Loaded all accounts from database!
10/03/2006 21:35:24: Building external C# scripts, please wait...
10/03/2006 21:35:24: Global scripts successfully loaded!
10/03/2006 21:35:24: HTTPServer listening on port 8080
10/03/2006 21:35:24: Worldserver listening on port 8085
10/03/2006 21:35:24: AuthServer listening on port 3724
10/03/2006 21:35:24: Waiting for incoming connections...
10/03/2006 21:35:37: Incoming connection!
10/03/2006 21:35:37: Recieved Logon Challenge!
10/03/2006 21:35:37: Wrong client version 8471. Excpected is 2.0.0, ID = 56085!
10/03/2006 21:35:37: Recieved AUTH_CHALLENGE from user: TEST
10/03/2006 21:35:37: Logon proof!
10/03/2006 21:35:37: Client requested realmlist!
10/03/2006 21:35:37: Client Redirected to Worldserver!
10/03/2006 21:35:37: Challenged client to auth again.
10/03/2006 21:35:37: Recieved 2nd auth from client!
10/03/2006 21:35:37: Account found: TEST
10/03/2006 21:35:38: Received CMSG_CHAR_ENUM
10/03/2006 21:35:49: Recieve unknown OPCode: 862
10/03/2006 21:35:49: Recieve unknown OPCode: 860
10/03/2006 21:36:13: Synchronized to Client...
10/03/2006 21:36:13: Player entered World.
10/03/2006 21:36:43: Synchronized to Client...
10/03/2006 21:37:13: Synchronized to Client...
10/03/2006 21:37:43: Synchronized to Client...
10/03/2006 21:38:13: Synchronized to Client...
10/03/2006 21:38:43: Synchronized to Client...
10/03/2006 21:39:13: Synchronized to Client...
10/03/2006 21:39:43: Synchronized to Client...
10/03/2006 21:40:13: Synchronized to Client...
