!PiCaSsO! version Alpha 0.01 Copyright (C) 2006 by !PiCaSsO! Developer team
10/03/2006 21:51:25: Loading account TEST...
10/03/2006 21:51:25: Loaded all accounts from database!
10/03/2006 21:51:25: Building external C# scripts, please wait...
10/03/2006 21:51:25: Global scripts successfully loaded!
10/03/2006 21:51:25: HTTPServer listening on port 8080
10/03/2006 21:51:25: Worldserver listening on port 8085
10/03/2006 21:51:25: AuthServer listening on port 3724
10/03/2006 21:51:25: Waiting for incoming connections...
10/03/2006 21:51:28: Incoming connection!
10/03/2006 21:51:28: Recieved Logon Challenge!
10/03/2006 21:51:28: Wrong client version 8471. Excpected is 2.0.0, ID = 56085!
10/03/2006 21:51:28: Recieved AUTH_CHALLENGE from user: TEST
10/03/2006 21:51:29: Logon proof!
10/03/2006 21:51:29: Client requested realmlist!
10/03/2006 21:51:29: Client Redirected to Worldserver!
10/03/2006 21:51:29: Challenged client to auth again.
10/03/2006 21:51:29: Recieved 2nd auth from client!
10/03/2006 21:51:29: Account found: TEST
10/03/2006 21:51:29: Received CMSG_CHAR_ENUM
10/03/2006 21:51:32: Recieve unknown OPCode: 862
10/03/2006 21:51:33: Recieve unknown OPCode: 860
10/03/2006 21:51:36: Recieve unknown OPCode: 284
10/03/2006 21:51:37: Received CMSG_CHAR_ENUM
10/03/2006 21:51:45: Recieve unknown OPCode: 862
10/03/2006 21:51:45: Recieve unknown OPCode: 860
10/03/2006 21:51:47: Recieve unknown OPCode: 284
10/03/2006 21:51:47: Received CMSG_CHAR_ENUM
