!PiCaSsO! version Alpha 0.01 Copyright (C) 2006 by !PiCaSsO! Developer team
10/03/2006 21:48:13: Loading account TEST...
10/03/2006 21:48:13: Loaded all accounts from database!
10/03/2006 21:48:13: Building external C# scripts, please wait...
10/03/2006 21:48:13: Global scripts successfully loaded!
10/03/2006 21:48:13: HTTPServer listening on port 8080
10/03/2006 21:48:13: Worldserver listening on port 8085
10/03/2006 21:48:14: AuthServer listening on port 3724
10/03/2006 21:48:14: Waiting for incoming connections...
10/03/2006 21:48:39: Incoming connection!
10/03/2006 21:48:39: Recieved Logon Challenge!
10/03/2006 21:48:39: Wrong client version 8471. Excpected is 2.0.0, ID = 56085!
10/03/2006 21:48:39: Recieved AUTH_CHALLENGE from user: TEST
10/03/2006 21:48:39: Logon proof!
10/03/2006 21:48:39: Client requested realmlist!
10/03/2006 21:48:39: Client Redirected to Worldserver!
10/03/2006 21:48:39: Challenged client to auth again.
10/03/2006 21:48:39: Recieved 2nd auth from client!
10/03/2006 21:48:39: Account found: TEST
10/03/2006 21:48:40: Received CMSG_CHAR_ENUM
10/03/2006 21:48:44: Recieve unknown OPCode: 862
