!PiCaSsO! version Alpha 0.01 Copyright (C) 2006 by !PiCaSsO! Developer team
10/03/2006 21:25:31: Loading account TEST...
10/03/2006 21:25:31: Loaded all accounts from database!
10/03/2006 21:25:31: Building external C# scripts, please wait...
10/03/2006 21:25:31: Global scripts successfully loaded!
10/03/2006 21:25:31: HTTPServer listening on port 8080
10/03/2006 21:25:31: Worldserver listening on port 8085
10/03/2006 21:25:31: AuthServer listening on port 3724
10/03/2006 21:25:31: Waiting for incoming connections...
10/03/2006 21:25:53: Incoming connection!
10/03/2006 21:25:54: Recieved Logon Challenge!
10/03/2006 21:25:54: Wrong client version 8471. Excpected is 2.0.0, ID = 56085!
10/03/2006 21:25:54: Recieved AUTH_CHALLENGE from user: TEST
10/03/2006 21:25:55: Logon proof!
10/03/2006 21:25:56: Client requested realmlist!
10/03/2006 21:26:04: Client requested realmlist!
10/03/2006 21:26:04: Client Redirected to Worldserver!
10/03/2006 21:26:04: Challenged client to auth again.
10/03/2006 21:26:05: Recieved 2nd auth from client!
10/03/2006 21:26:05: Account found: TEST
10/03/2006 21:26:05: Received CMSG_CHAR_ENUM
10/03/2006 21:26:45: Recieve unknown OPCode: 862
10/03/2006 21:26:45: Recieve unknown OPCode: 860
10/03/2006 21:27:27: Synchronized to Client...
10/03/2006 21:27:27: Player entered World.
10/03/2006 21:27:57: Synchronized to Client...
10/03/2006 21:28:27: Synchronized to Client...
10/03/2006 21:28:57: Synchronized to Client...
10/03/2006 21:29:27: Synchronized to Client...
10/03/2006 21:29:57: Synchronized to Client...
10/03/2006 21:30:27: Synchronized to Client...
