==3515== Massif, a space profiler.
==3515== Copyright (C) 2003, Nicholas Nethercote
==3515== Using LibVEX rev 1367, a library for dynamic binary translation.
==3515== Copyright (C) 2004-2005, and GNU GPL'd, by OpenWorks LLP.
==3515== Using valgrind-3.0.1, a dynamic binary instrumentation framework.
==3515== Copyright (C) 2000-2005, and GNU GPL'd, by Julian Seward et al.
==3515== 
==3515== My PID = 3515, parent PID = 3282.  Prog and args are:
==3515==    ./TownHall
--3515-- 
--3515-- Valgrind library directory: /usr/lib/valgrind
--3515-- Command line
--3515--    ./TownHall
--3515-- Startup, with flags:
--3515--    --log-file=/home/burlex/cachegrind.log
--3515--    -v
--3515--    --tool=massif
--3515-- Contents of /proc/version:
--3515--   Linux version 2.6.15-1.1826.2.10_FC5 (bhcompile@hs20-bc1-1.build.redhat.com) (gcc version 4.1.0 20060106 (Red Hat 4.1.0-0.14)) #1 Wed Jan 11 18:12:42 EST 2006
==3515== census: 0 ms (took 0 ms)
--3515-- Reading syms from /home/burlex/TownHall/TownHall (0x8048000)
--3515-- Reading syms from /lib/ld-2.3.90.so (0x3A965000)
--3515-- Reading syms from /usr/lib/valgrind/stage2 (0xB0000000)
==3515== Warning: zero-sized CIE/FDE but not at section end in DWARF2 CFI reading
==3515== 
--3515-- Reading syms from /usr/lib/valgrind/vg_preload_core.so (0x3A981000)
==3515== Warning: zero-sized CIE/FDE but not at section end in DWARF2 CFI reading
--3515-- Reading syms from /usr/lib/valgrind/vgpreload_massif.so (0x3A983000)
==3515== Warning: zero-sized CIE/FDE but not at section end in DWARF2 CFI reading
--3515-- Reading syms from /lib/libssl.so.0.9.8a (0x3A9A0000)
--3515--    object doesn't have a symbol table
==3515== Warning: zero-sized CIE/FDE but not at section end in DWARF2 CFI reading
--3515-- Reading syms from /usr/lib/libz.so.1.2.3 (0x3A9E3000)
--3515--    object doesn't have a symbol table
==3515== Warning: zero-sized CIE/FDE but not at section end in DWARF2 CFI reading
--3515-- Reading syms from /usr/lib/libgthread-2.0.so.0.902.0 (0x3A9F6000)
--3515--    object doesn't have a symbol table
--3515-- Reading syms from /usr/lib/libstdc++.so.6.0.7 (0x3A9FB000)
--3515--    object doesn't have a symbol table
--3515-- Reading syms from /lib/libm-2.3.90.so (0x3AADE000)
--3515-- Reading syms from /lib/libgcc_s-4.1.0-20060106.so.1 (0x3AB04000)
--3515--    object doesn't have a symbol table
--3515-- Reading syms from /lib/libc-2.3.90.so (0x3AB0F000)
--3515-- Reading syms from /lib/libcrypto.so.0.9.8a (0x3AC36000)
--3515--    object doesn't have a symbol table
==3515== Warning: zero-sized CIE/FDE but not at section end in DWARF2 CFI reading
--3515-- Reading syms from /lib/libpthread-2.3.90.so (0x3AD5B000)
--3515-- Reading syms from /lib/libdl-2.3.90.so (0x3AD6D000)
--3515-- Reading syms from /usr/lib/libgssapi_krb5.so.2.2 (0x3AD71000)
--3515--    object doesn't have a symbol table
==3515== Warning: zero-sized CIE/FDE but not at section end in DWARF2 CFI reading
--3515-- Reading syms from /usr/lib/libkrb5.so.3.2 (0x3AD8A000)
--3515--    object doesn't have a symbol table
==3515== Warning: zero-sized CIE/FDE but not at section end in DWARF2 CFI reading
--3515-- Reading syms from /lib/libcom_err.so.2.1 (0x3ADFA000)
--3515--    object doesn't have a symbol table
--3515-- Reading syms from /usr/lib/libk5crypto.so.3.0 (0x3ADFD000)
--3515--    object doesn't have a symbol table
==3515== Warning: zero-sized CIE/FDE but not at section end in DWARF2 CFI reading
--3515-- Reading syms from /lib/libresolv-2.3.90.so (0x3AE21000)
--3515-- Reading syms from /usr/lib/libglib-2.0.so.0.902.0 (0x3AE34000)
--3515--    object doesn't have a symbol table
--3515-- Reading syms from /usr/lib/libkrb5support.so.0.0 (0x3AEC3000)
--3515--    object doesn't have a symbol table
==3515== Warning: zero-sized CIE/FDE but not at section end in DWARF2 CFI reading
--3515-- REDIR: 0x3A9657F0 (_dl_sysinfo_int80) redirected to 0xB00226AF (???)
--3515-- REDIR: 0x3AB74638 (malloc) redirected to 0x3A984DC4 (malloc)
==3515== census: 466 ms (took 0 ms)
--3515-- REDIR: 0x3AAA99F0 (operator new(unsigned)) redirected to 0x3A9854AE (operator new(unsigned))
==3515== census: 467 ms (took 0 ms)
==3515== census: 468 ms (took 0 ms)
==3515== census: 469 ms (took 0 ms)
--3515-- REDIR: 0x3AAA84F8 (operator delete(void*)) redirected to 0x3A98479C (operator delete(void*))
==3515== census: 470 ms (took 0 ms)
==3515== census: 471 ms (took 0 ms)
==3515== census: 474 ms (took 0 ms)
==3515== census: 475 ms (took 0 ms)
==3515== census: 476 ms (took 0 ms)
==3515== census: 477 ms (took 0 ms)
==3515== census: 479 ms (took 0 ms)
==3515== census: 485 ms (took 0 ms)
==3515== census: 486 ms (took 0 ms)
==3515== census: 487 ms (took 0 ms)
==3515== census: 488 ms (took 0 ms)
==3515== census: 489 ms (took 0 ms)
==3515== census: 490 ms (took 0 ms)
==3515== census: 491 ms (took 0 ms)
==3515== census: 492 ms (took 0 ms)
==3515== census: 493 ms (took 0 ms)
==3515== census: 494 ms (took 0 ms)
==3515== census: 495 ms (took 0 ms)
==3515== census: 496 ms (took 0 ms)
==3515== census: 497 ms (took 0 ms)
==3515== census: 498 ms (took 0 ms)
==3515== census: 499 ms (took 0 ms)
==3515== census: 500 ms (took 0 ms)
==3515== census: 501 ms (took 0 ms)
==3515== census: 502 ms (took 0 ms)
==3515== census: 503 ms (took 0 ms)
==3515== census: 504 ms (took 0 ms)
==3515== census: 505 ms (took 0 ms)
==3515== census: 506 ms (took 0 ms)
==3515== census: 507 ms (took 0 ms)
==3515== census: 508 ms (took 0 ms)
==3515== census: 509 ms (took 0 ms)
==3515== census: 510 ms (took 0 ms)
==3515== census: 511 ms (took 0 ms)
==3515== census: 512 ms (took 0 ms)
==3515== census: 513 ms (took 0 ms)
==3515== census: 514 ms (took 0 ms)
==3515== census: 515 ms (took 0 ms)
==3515== census: 516 ms (took 0 ms)
==3515== census: 517 ms (took 0 ms)
==3515== census: 518 ms (took 0 ms)
==3515== census: 519 ms (took 0 ms)
==3515== census: 520 ms (took 0 ms)
==3515== census: 521 ms (took 0 ms)
==3515== census: 522 ms (took 0 ms)
==3515== census: 523 ms (took 0 ms)
==3515== census: 524 ms (took 0 ms)
==3515== census: 525 ms (took 0 ms)
==3515== census: 526 ms (took 0 ms)
==3515== census: 527 ms (took 0 ms)
==3515== census: 528 ms (took 0 ms)
==3515== census: 529 ms (took 0 ms)
==3515== census: 530 ms (took 0 ms)
==3515== census: 531 ms (took 0 ms)
==3515== census: 532 ms (took 0 ms)
==3515== census: 533 ms (took 0 ms)
==3515== census: 534 ms (took 0 ms)
==3515== census: 535 ms (took 0 ms)
==3515== census: 536 ms (took 0 ms)
==3515== census: 537 ms (took 0 ms)
==3515== census: 538 ms (took 0 ms)
==3515== census: 539 ms (took 0 ms)
==3515== census: 540 ms (took 0 ms)
==3515== census: 541 ms (took 0 ms)
==3515== census: 542 ms (took 0 ms)
==3515== census: 543 ms (took 0 ms)
==3515== census: 544 ms (took 0 ms)
==3515== census: 545 ms (took 0 ms)
==3515== census: 546 ms (took 0 ms)
==3515== census: 547 ms (took 0 ms)
==3515== census: 548 ms (took 0 ms)
==3515== census: 549 ms (took 0 ms)
==3515== census: 550 ms (took 0 ms)
==3515== census: 551 ms (took 0 ms)
==3515== census: 552 ms (took 0 ms)
==3515== census: 553 ms (took 0 ms)
==3515== census: 554 ms (took 0 ms)
==3515== census: 564 ms (took 0 ms)
==3515== census: 565 ms (took 0 ms)
==3515== census: 566 ms (took 0 ms)
==3515== census: 567 ms (took 0 ms)
==3515== census: 568 ms (took 0 ms)
==3515== census: 569 ms (took 0 ms)
==3515== census: 570 ms (took 0 ms)
==3515== census: 571 ms (took 0 ms)
==3515== census: 572 ms (took 0 ms)
==3515== census: 573 ms (took 0 ms)
==3515== census: 574 ms (took 0 ms)
==3515== census: 575 ms (took 0 ms)
==3515== census: 576 ms (took 0 ms)
==3515== census: 577 ms (took 0 ms)
==3515== census: 578 ms (took 0 ms)
==3515== census: 579 ms (took 0 ms)
==3515== census: 580 ms (took 0 ms)
==3515== census: 581 ms (took 0 ms)
==3515== census: 582 ms (took 0 ms)
==3515== census: 583 ms (took 0 ms)
==3515== census: 584 ms (took 0 ms)
==3515== census: 585 ms (took 0 ms)
==3515== census: 586 ms (took 0 ms)
==3515== census: 587 ms (took 0 ms)
==3515== census: 588 ms (took 0 ms)
==3515== census: 589 ms (took 0 ms)
==3515== census: 590 ms (took 0 ms)
==3515== census: 591 ms (took 0 ms)
==3515== census: 592 ms (took 0 ms)
==3515== census: 593 ms (took 0 ms)
==3515== census: 594 ms (took 0 ms)
==3515== census: 595 ms (took 0 ms)
==3515== census: 596 ms (took 0 ms)
==3515== census: 597 ms (took 0 ms)
==3515== census: 598 ms (took 0 ms)
==3515== census: 599 ms (took 0 ms)
==3515== census: 600 ms (took 0 ms)
==3515== census: 601 ms (took 0 ms)
==3515== census: 602 ms (took 0 ms)
==3515== census: 603 ms (took 0 ms)
==3515== census: 604 ms (took 0 ms)
==3515== census: 605 ms (took 0 ms)
==3515== census: 606 ms (took 0 ms)
==3515== census: 607 ms (took 0 ms)
==3515== census: 608 ms (took 0 ms)
==3515== census: 609 ms (took 0 ms)
==3515== census: 610 ms (took 0 ms)
==3515== census: 611 ms (took 0 ms)
==3515== census: 612 ms (took 0 ms)
==3515== census: 613 ms (took 0 ms)
==3515== census: 614 ms (took 0 ms)
==3515== census: 615 ms (took 0 ms)
==3515== census: 616 ms (took 0 ms)
==3515== census: 617 ms (took 0 ms)
==3515== census: 618 ms (took 0 ms)
==3515== census: 619 ms (took 0 ms)
==3515== census: 620 ms (took 0 ms)
==3515== census: 621 ms (took 0 ms)
==3515== census: 622 ms (took 0 ms)
==3515== census: 623 ms (took 0 ms)
==3515== census: 624 ms (took 0 ms)
==3515== census: 625 ms (took 0 ms)
==3515== census: 626 ms (took 0 ms)
==3515== census: 627 ms (took 0 ms)
==3515== census: 628 ms (took 0 ms)
==3515== census: 629 ms (took 0 ms)
==3515== census: 630 ms (took 0 ms)
==3515== census: 631 ms (took 0 ms)
==3515== census: 632 ms (took 0 ms)
==3515== census: 633 ms (took 0 ms)
==3515== census: 634 ms (took 0 ms)
==3515== census: 635 ms (took 0 ms)
==3515== census: 636 ms (took 0 ms)
==3515== census: 637 ms (took 0 ms)
==3515== census: 638 ms (took 0 ms)
==3515== census: 639 ms (took 0 ms)
==3515== census: 640 ms (took 0 ms)
==3515== census: 641 ms (took 0 ms)
==3515== census: 642 ms (took 0 ms)
==3515== census: 643 ms (took 0 ms)
==3515== census: 644 ms (took 0 ms)
==3515== census: 645 ms (took 0 ms)
==3515== census: 646 ms (took 0 ms)
==3515== census: 647 ms (took 0 ms)
==3515== census: 648 ms (took 0 ms)
==3515== census: 649 ms (took 0 ms)
==3515== census: 650 ms (took 0 ms)
==3515== census: 651 ms (took 0 ms)
==3515== census: 652 ms (took 0 ms)
==3515== census: 653 ms (took 0 ms)
==3515== census: 654 ms (took 0 ms)
==3515== census: 655 ms (took 0 ms)
==3515== census: 656 ms (took 0 ms)
==3515== census: 657 ms (took 0 ms)
==3515== census: 658 ms (took 0 ms)
==3515== census: 659 ms (took 0 ms)
==3515== census: 660 ms (took 0 ms)
==3515== census: 661 ms (took 0 ms)
==3515== census: 662 ms (took 0 ms)
==3515== census: 663 ms (took 0 ms)
==3515== census: 664 ms (took 0 ms)
==3515== census: 665 ms (took 0 ms)
==3515== census: 666 ms (took 0 ms)
==3515== census: 667 ms (took 0 ms)
==3515== census: 668 ms (took 0 ms)
==3515== census: 669 ms (took 0 ms)
==3515== census: 670 ms (took 0 ms)
==3515== census: 671 ms (took 0 ms)
==3515== census: 672 ms (took 0 ms)
==3515== census: 673 ms (took 0 ms)
==3515== census: 674 ms (took 0 ms)
==3515== census: 675 ms (took 0 ms)
==3515== census: 676 ms (took 0 ms)
==3515== census: 677 ms (took 0 ms)
==3515== census: 678 ms (took 0 ms)
==3515== census: 679 ms (took 0 ms)
==3515== census: 680 ms (took 0 ms)
==3515== Halving censi...
==3515== ...done
==3515== census: 681 ms (took 1 ms)
==3515== census: 683 ms (took 0 ms)
==3515== census: 685 ms (took 0 ms)
==3515== census: 687 ms (took 0 ms)
==3515== census: 689 ms (took 0 ms)
==3515== census: 691 ms (took 0 ms)
==3515== census: 693 ms (took 0 ms)
==3515== census: 695 ms (took 0 ms)
==3515== census: 697 ms (took 0 ms)
==3515== census: 699 ms (took 0 ms)
==3515== census: 701 ms (took 0 ms)
==3515== census: 703 ms (took 0 ms)
==3515== census: 705 ms (took 0 ms)
==3515== census: 707 ms (took 0 ms)
==3515== census: 709 ms (took 0 ms)
==3515== census: 711 ms (took 0 ms)
==3515== census: 713 ms (took 0 ms)
==3515== census: 715 ms (took 0 ms)
==3515== census: 717 ms (took 0 ms)
==3515== census: 719 ms (took 0 ms)
==3515== census: 721 ms (took 0 ms)
==3515== census: 723 ms (took 0 ms)
==3515== census: 725 ms (took 0 ms)
==3515== census: 727 ms (took 0 ms)
==3515== census: 729 ms (took 0 ms)
==3515== census: 731 ms (took 0 ms)
==3515== census: 733 ms (took 0 ms)
==3515== census: 735 ms (took 0 ms)
==3515== census: 737 ms (took 0 ms)
==3515== census: 739 ms (took 0 ms)
==3515== census: 741 ms (took 0 ms)
==3515== census: 743 ms (took 0 ms)
==3515== census: 745 ms (took 0 ms)
==3515== census: 747 ms (took 0 ms)
==3515== census: 749 ms (took 0 ms)
==3515== census: 751 ms (took 0 ms)
==3515== census: 753 ms (took 0 ms)
==3515== census: 755 ms (took 0 ms)
==3515== census: 757 ms (took 0 ms)
==3515== census: 759 ms (took 0 ms)
==3515== census: 761 ms (took 0 ms)
==3515== census: 763 ms (took 0 ms)
==3515== census: 765 ms (took 0 ms)
==3515== census: 767 ms (took 0 ms)
==3515== census: 769 ms (took 0 ms)
==3515== census: 771 ms (took 0 ms)
==3515== census: 773 ms (took 0 ms)
==3515== census: 775 ms (took 0 ms)
==3515== census: 777 ms (took 0 ms)
==3515== census: 779 ms (took 0 ms)
==3515== census: 781 ms (took 0 ms)
==3515== census: 783 ms (took 0 ms)
==3515== census: 785 ms (took 0 ms)
==3515== census: 787 ms (took 0 ms)
==3515== census: 789 ms (took 0 ms)
==3515== census: 791 ms (took 0 ms)
==3515== census: 793 ms (took 0 ms)
==3515== census: 797 ms (took 0 ms)
==3515== census: 799 ms (took 0 ms)
==3515== census: 801 ms (took 0 ms)
==3515== census: 803 ms (took 0 ms)
==3515== census: 805 ms (took 0 ms)
==3515== census: 807 ms (took 0 ms)
==3515== census: 809 ms (took 0 ms)
==3515== census: 811 ms (took 0 ms)
==3515== census: 813 ms (took 0 ms)
==3515== census: 815 ms (took 0 ms)
==3515== census: 817 ms (took 0 ms)
==3515== census: 819 ms (took 0 ms)
==3515== census: 821 ms (took 0 ms)
==3515== census: 823 ms (took 0 ms)
==3515== census: 825 ms (took 0 ms)
==3515== census: 827 ms (took 0 ms)
==3515== census: 829 ms (took 0 ms)
==3515== census: 831 ms (took 0 ms)
==3515== census: 833 ms (took 0 ms)
==3515== census: 835 ms (took 0 ms)
==3515== census: 837 ms (took 0 ms)
==3515== census: 839 ms (took 0 ms)
==3515== census: 841 ms (took 0 ms)
==3515== census: 843 ms (took 0 ms)
==3515== census: 845 ms (took 0 ms)
==3515== census: 847 ms (took 0 ms)
==3515== census: 849 ms (took 0 ms)
==3515== census: 851 ms (took 0 ms)
==3515== census: 856 ms (took 0 ms)
==3515== census: 858 ms (took 0 ms)
==3515== census: 860 ms (took 0 ms)
==3515== census: 862 ms (took 0 ms)
==3515== census: 864 ms (took 0 ms)
==3515== census: 866 ms (took 0 ms)
==3515== census: 868 ms (took 0 ms)
==3515== census: 870 ms (took 0 ms)
==3515== census: 872 ms (took 0 ms)
==3515== census: 874 ms (took 0 ms)
==3515== census: 876 ms (took 0 ms)
==3515== census: 878 ms (took 0 ms)
==3515== census: 880 ms (took 0 ms)
==3515== census: 882 ms (took 0 ms)
==3515== Halving censi...
==3515== ...done
==3515== census: 884 ms (took 0 ms)
==3515== census: 888 ms (took 0 ms)
==3515== census: 892 ms (took 0 ms)
==3515== census: 896 ms (took 0 ms)
==3515== census: 900 ms (took 0 ms)
==3515== census: 904 ms (took 0 ms)
==3515== census: 908 ms (took 0 ms)
==3515== census: 912 ms (took 0 ms)
==3515== census: 916 ms (took 0 ms)
==3515== census: 920 ms (took 0 ms)
==3515== census: 924 ms (took 0 ms)
==3515== census: 928 ms (took 0 ms)
==3515== census: 932 ms (took 0 ms)
==3515== census: 936 ms (took 0 ms)
==3515== census: 940 ms (took 0 ms)
==3515== census: 944 ms (took 0 ms)
==3515== census: 948 ms (took 0 ms)
==3515== census: 952 ms (took 0 ms)
==3515== census: 956 ms (took 0 ms)
==3515== census: 960 ms (took 0 ms)
==3515== census: 964 ms (took 0 ms)
==3515== census: 968 ms (took 0 ms)
==3515== census: 972 ms (took 0 ms)
==3515== census: 976 ms (took 0 ms)
==3515== census: 980 ms (took 0 ms)
==3515== census: 984 ms (took 0 ms)
==3515== census: 988 ms (took 0 ms)
==3515== census: 992 ms (took 0 ms)
==3515== census: 996 ms (took 0 ms)
==3515== census: 1000 ms (took 0 ms)
==3515== census: 1004 ms (took 0 ms)
==3515== census: 1008 ms (took 0 ms)
==3515== census: 1012 ms (took 0 ms)
==3515== census: 1016 ms (took 0 ms)
==3515== census: 1020 ms (took 0 ms)
==3515== census: 1024 ms (took 0 ms)
==3515== census: 1028 ms (took 0 ms)
==3515== census: 1032 ms (took 0 ms)
==3515== census: 1036 ms (took 0 ms)
==3515== census: 1040 ms (took 0 ms)
==3515== census: 1044 ms (took 0 ms)
==3515== census: 1048 ms (took 0 ms)
==3515== census: 1052 ms (took 0 ms)
==3515== census: 1056 ms (took 0 ms)
==3515== census: 1060 ms (took 0 ms)
==3515== census: 1064 ms (took 0 ms)
==3515== census: 1068 ms (took 0 ms)
==3515== census: 1072 ms (took 0 ms)
==3515== census: 1076 ms (took 0 ms)
==3515== census: 1080 ms (took 0 ms)
==3515== census: 1084 ms (took 0 ms)
==3515== census: 1088 ms (took 0 ms)
==3515== census: 1092 ms (took 0 ms)
==3515== census: 1096 ms (took 0 ms)
==3515== census: 1100 ms (took 0 ms)
==3515== census: 1104 ms (took 0 ms)
==3515== census: 1108 ms (took 0 ms)
==3515== census: 1112 ms (took 0 ms)
==3515== census: 1116 ms (took 0 ms)
==3515== census: 1120 ms (took 0 ms)
==3515== census: 1124 ms (took 0 ms)
==3515== census: 1128 ms (took 0 ms)
==3515== census: 1132 ms (took 0 ms)
==3515== census: 1136 ms (took 0 ms)
==3515== census: 1140 ms (took 0 ms)
==3515== census: 1144 ms (took 0 ms)
==3515== census: 1148 ms (took 0 ms)
==3515== census: 1152 ms (took 0 ms)
==3515== census: 1156 ms (took 0 ms)
==3515== census: 1160 ms (took 0 ms)
==3515== census: 1164 ms (took 0 ms)
==3515== census: 1168 ms (took 0 ms)
==3515== census: 1172 ms (took 0 ms)
==3515== census: 1176 ms (took 0 ms)
==3515== census: 1180 ms (took 0 ms)
==3515== census: 1184 ms (took 0 ms)
==3515== census: 1188 ms (took 0 ms)
==3515== census: 1192 ms (took 0 ms)
==3515== census: 1196 ms (took 0 ms)
==3515== census: 1200 ms (took 0 ms)
==3515== census: 1204 ms (took 0 ms)
==3515== census: 1208 ms (took 0 ms)
==3515== census: 1212 ms (took 0 ms)
==3515== census: 1216 ms (took 0 ms)
==3515== census: 1220 ms (took 0 ms)
==3515== census: 1224 ms (took 0 ms)
==3515== census: 1228 ms (took 0 ms)
==3515== census: 1232 ms (took 0 ms)
==3515== census: 1236 ms (took 0 ms)
==3515== census: 1240 ms (took 0 ms)
==3515== census: 1244 ms (took 0 ms)
==3515== census: 1248 ms (took 0 ms)
==3515== census: 1252 ms (took 0 ms)
==3515== census: 1256 ms (took 0 ms)
==3515== census: 1260 ms (took 0 ms)
==3515== census: 1264 ms (took 0 ms)
==3515== census: 1268 ms (took 0 ms)
==3515== census: 1272 ms (took 0 ms)
==3515== census: 1280 ms (took 0 ms)
==3515== Halving censi...
==3515== ...done
==3515== census: 1289 ms (took 0 ms)
==3515== census: 1298 ms (took 0 ms)
==3515== census: 1306 ms (took 0 ms)
==3515== census: 1314 ms (took 0 ms)
==3515== census: 1322 ms (took 0 ms)
==3515== census: 1330 ms (took 0 ms)
==3515== census: 1340 ms (took 0 ms)
==3515== census: 1348 ms (took 0 ms)
==3515== census: 1356 ms (took 0 ms)
==3515== census: 1364 ms (took 0 ms)
==3515== census: 1372 ms (took 0 ms)
==3515== census: 1380 ms (took 0 ms)
==3515== census: 1388 ms (took 0 ms)
==3515== census: 1396 ms (took 0 ms)
==3515== census: 1404 ms (took 0 ms)
==3515== census: 1413 ms (took 0 ms)
==3515== census: 1421 ms (took 0 ms)
==3515== census: 1429 ms (took 0 ms)
==3515== census: 1437 ms (took 0 ms)
==3515== census: 1445 ms (took 0 ms)
==3515== census: 1453 ms (took 0 ms)
==3515== census: 1461 ms (took 0 ms)
==3515== census: 1469 ms (took 0 ms)
==3515== census: 1477 ms (took 0 ms)
==3515== census: 1485 ms (took 0 ms)
==3515== census: 1493 ms (took 0 ms)
==3515== census: 1501 ms (took 0 ms)
==3515== census: 1509 ms (took 0 ms)
==3515== census: 1517 ms (took 0 ms)
==3515== census: 1525 ms (took 0 ms)
==3515== census: 1533 ms (took 0 ms)
==3515== census: 1541 ms (took 0 ms)
==3515== census: 1549 ms (took 0 ms)
==3515== census: 1557 ms (took 0 ms)
==3515== census: 1565 ms (took 0 ms)
==3515== census: 1573 ms (took 0 ms)
==3515== census: 1581 ms (took 0 ms)
==3515== census: 1589 ms (took 0 ms)
==3515== census: 1597 ms (took 0 ms)
==3515== census: 1605 ms (took 0 ms)
==3515== census: 1613 ms (took 0 ms)
==3515== census: 1621 ms (took 0 ms)
==3515== census: 1629 ms (took 0 ms)
==3515== census: 1637 ms (took 0 ms)
==3515== census: 1645 ms (took 0 ms)
==3515== census: 1653 ms (took 0 ms)
==3515== census: 1661 ms (took 0 ms)
==3515== census: 1669 ms (took 0 ms)
==3515== census: 1677 ms (took 0 ms)
==3515== census: 1685 ms (took 0 ms)
==3515== census: 1693 ms (took 0 ms)
==3515== census: 1701 ms (took 0 ms)
==3515== census: 1709 ms (took 0 ms)
==3515== census: 1717 ms (took 0 ms)
==3515== census: 1725 ms (took 0 ms)
==3515== census: 1733 ms (took 0 ms)
==3515== census: 1741 ms (took 0 ms)
==3515== census: 1749 ms (took 0 ms)
==3515== census: 1757 ms (took 0 ms)
==3515== census: 1765 ms (took 0 ms)
==3515== census: 1773 ms (took 0 ms)
==3515== census: 1781 ms (took 0 ms)
==3515== census: 1789 ms (took 0 ms)
==3515== census: 1797 ms (took 0 ms)
==3515== census: 1805 ms (took 0 ms)
==3515== census: 1813 ms (took 0 ms)
==3515== census: 1821 ms (took 0 ms)
==3515== census: 1829 ms (took 0 ms)
==3515== census: 1837 ms (took 0 ms)
==3515== census: 1845 ms (took 0 ms)
==3515== census: 1853 ms (took 0 ms)
==3515== census: 1861 ms (took 0 ms)
==3515== census: 1869 ms (took 0 ms)
==3515== census: 1878 ms (took 0 ms)
==3515== census: 1886 ms (took 0 ms)
==3515== census: 1894 ms (took 0 ms)
==3515== census: 1902 ms (took 0 ms)
==3515== census: 1910 ms (took 0 ms)
==3515== census: 1918 ms (took 0 ms)
==3515== census: 1926 ms (took 0 ms)
==3515== census: 1934 ms (took 0 ms)
==3515== census: 1942 ms (took 0 ms)
==3515== census: 1950 ms (took 0 ms)
==3515== census: 1958 ms (took 0 ms)
==3515== census: 1966 ms (took 0 ms)
==3515== census: 1974 ms (took 0 ms)
==3515== census: 1982 ms (took 0 ms)
==3515== census: 1990 ms (took 0 ms)
==3515== census: 1998 ms (took 0 ms)
==3515== census: 2006 ms (took 0 ms)
==3515== census: 2014 ms (took 0 ms)
==3515== census: 2022 ms (took 0 ms)
==3515== census: 2030 ms (took 0 ms)
==3515== census: 2038 ms (took 0 ms)
==3515== census: 2046 ms (took 0 ms)
==3515== census: 2054 ms (took 0 ms)
==3515== census: 2062 ms (took 0 ms)
==3515== census: 2070 ms (took 0 ms)
==3515== census: 2078 ms (took 0 ms)
==3515== Halving censi...
==3515== ...done
==3515== census: 2086 ms (took 0 ms)
==3515== census: 2102 ms (took 0 ms)
==3515== census: 2118 ms (took 0 ms)
==3515== census: 2134 ms (took 0 ms)
==3515== census: 2150 ms (took 0 ms)
==3515== census: 2166 ms (took 0 ms)
==3515== census: 2182 ms (took 0 ms)
==3515== census: 2198 ms (took 0 ms)
==3515== census: 2214 ms (took 0 ms)
==3515== census: 2230 ms (took 0 ms)
==3515== census: 2246 ms (took 0 ms)
==3515== census: 2262 ms (took 0 ms)
==3515== census: 2278 ms (took 0 ms)
==3515== census: 2294 ms (took 0 ms)
==3515== census: 2310 ms (took 0 ms)
==3515== census: 2326 ms (took 0 ms)
==3515== census: 2342 ms (took 0 ms)
==3515== census: 2361 ms (took 0 ms)
==3515== census: 2377 ms (took 0 ms)
==3515== census: 2393 ms (took 0 ms)
==3515== census: 2409 ms (took 0 ms)
==3515== census: 2425 ms (took 0 ms)
==3515== census: 2441 ms (took 0 ms)
==3515== census: 2457 ms (took 0 ms)
==3515== census: 2473 ms (took 0 ms)
==3515== census: 2489 ms (took 0 ms)
==3515== census: 2505 ms (took 0 ms)
==3515== census: 2521 ms (took 0 ms)
==3515== census: 2537 ms (took 0 ms)
==3515== census: 2553 ms (took 0 ms)
==3515== census: 2569 ms (took 0 ms)
==3515== census: 2585 ms (took 0 ms)
==3515== census: 2601 ms (took 0 ms)
==3515== census: 2617 ms (took 0 ms)
==3515== census: 2633 ms (took 0 ms)
==3515== census: 2649 ms (took 0 ms)
==3515== census: 2665 ms (took 0 ms)
==3515== census: 2709 ms (took 0 ms)
==3515== census: 2725 ms (took 0 ms)
==3515== census: 2741 ms (took 0 ms)
==3515== census: 2777 ms (took 0 ms)
==3515== census: 2793 ms (took 0 ms)
==3515== census: 2809 ms (took 0 ms)
==3515== census: 2825 ms (took 0 ms)
==3515== census: 2841 ms (took 0 ms)
==3515== census: 2857 ms (took 0 ms)
==3515== census: 2873 ms (took 0 ms)
==3515== census: 2889 ms (took 0 ms)
==3515== census: 2905 ms (took 0 ms)
==3515== census: 2921 ms (took 0 ms)
==3515== census: 2937 ms (took 0 ms)
==3515== census: 2953 ms (took 0 ms)
==3515== census: 2969 ms (took 0 ms)
==3515== census: 2985 ms (took 0 ms)
==3515== census: 3001 ms (took 0 ms)
==3515== census: 3017 ms (took 0 ms)
==3515== census: 3033 ms (took 0 ms)
==3515== census: 3049 ms (took 0 ms)
==3515== census: 3065 ms (took 0 ms)
==3515== census: 3081 ms (took 0 ms)
==3515== census: 3097 ms (took 0 ms)
==3515== census: 3113 ms (took 0 ms)
==3515== census: 3129 ms (took 0 ms)
==3515== census: 3145 ms (took 0 ms)
==3515== census: 3161 ms (took 0 ms)
==3515== census: 3177 ms (took 0 ms)
==3515== census: 3193 ms (took 0 ms)
==3515== census: 3209 ms (took 0 ms)
==3515== census: 3225 ms (took 0 ms)
==3515== census: 3241 ms (took 0 ms)
==3515== census: 3257 ms (took 0 ms)
==3515== census: 3273 ms (took 0 ms)
==3515== census: 3289 ms (took 0 ms)
==3515== census: 3305 ms (took 0 ms)
==3515== census: 3321 ms (took 0 ms)
==3515== census: 3337 ms (took 0 ms)
==3515== census: 3353 ms (took 0 ms)
==3515== census: 3369 ms (took 0 ms)
==3515== census: 3385 ms (took 0 ms)
==3515== census: 3401 ms (took 0 ms)
==3515== census: 3417 ms (took 0 ms)
==3515== census: 3433 ms (took 0 ms)
==3515== census: 3449 ms (took 0 ms)
==3515== census: 3465 ms (took 0 ms)
==3515== census: 3481 ms (took 0 ms)
==3515== census: 3497 ms (took 0 ms)
==3515== census: 3513 ms (took 0 ms)
==3515== census: 3529 ms (took 0 ms)
==3515== census: 3545 ms (took 0 ms)
==3515== census: 3561 ms (took 0 ms)
==3515== census: 3577 ms (took 0 ms)
==3515== census: 3593 ms (took 0 ms)
==3515== census: 3609 ms (took 0 ms)
==3515== census: 3625 ms (took 0 ms)
==3515== census: 3641 ms (took 0 ms)
==3515== census: 3657 ms (took 0 ms)
==3515== census: 3673 ms (took 0 ms)
==3515== census: 3689 ms (took 0 ms)
==3515== census: 3705 ms (took 0 ms)
==3515== Halving censi...
==3515== ...done
==3515== census: 3721 ms (took 0 ms)
==3515== census: 3753 ms (took 0 ms)
==3515== census: 3785 ms (took 0 ms)
==3515== census: 3817 ms (took 0 ms)
==3515== census: 3849 ms (took 0 ms)
==3515== census: 3881 ms (took 0 ms)
==3515== census: 3913 ms (took 0 ms)
==3515== census: 3945 ms (took 0 ms)
==3515== census: 3977 ms (took 0 ms)
==3515== census: 4009 ms (took 0 ms)
==3515== census: 4041 ms (took 0 ms)
==3515== census: 4073 ms (took 0 ms)
==3515== census: 4105 ms (took 0 ms)
==3515== census: 4137 ms (took 0 ms)
==3515== census: 4169 ms (took 0 ms)
==3515== census: 4201 ms (took 0 ms)
==3515== census: 4233 ms (took 0 ms)
==3515== census: 4265 ms (took 0 ms)
==3515== census: 4297 ms (took 0 ms)
==3515== census: 4329 ms (took 0 ms)
==3515== census: 4361 ms (took 0 ms)
==3515== census: 4393 ms (took 0 ms)
==3515== census: 4425 ms (took 0 ms)
==3515== census: 4457 ms (took 0 ms)
==3515== census: 4489 ms (took 0 ms)
==3515== census: 4521 ms (took 0 ms)
==3515== census: 4553 ms (took 0 ms)
==3515== census: 4585 ms (took 0 ms)
==3515== census: 4617 ms (took 0 ms)
==3515== census: 4649 ms (took 0 ms)
==3515== census: 4681 ms (took 0 ms)
==3515== census: 4713 ms (took 0 ms)
==3515== census: 4745 ms (took 0 ms)
==3515== census: 4781 ms (took 0 ms)
==3515== census: 4813 ms (took 0 ms)
==3515== census: 4845 ms (took 0 ms)
==3515== census: 4877 ms (took 0 ms)
==3515== census: 4909 ms (took 0 ms)
==3515== census: 4941 ms (took 0 ms)
==3515== census: 4973 ms (took 0 ms)
==3515== census: 5005 ms (took 0 ms)
==3515== census: 5037 ms (took 0 ms)
==3515== census: 5069 ms (took 0 ms)
==3515== census: 5101 ms (took 0 ms)
==3515== census: 5133 ms (took 0 ms)
==3515== census: 5165 ms (took 0 ms)
==3515== census: 5197 ms (took 0 ms)
==3515== census: 5229 ms (took 0 ms)
==3515== census: 5261 ms (took 0 ms)
==3515== census: 5293 ms (took 0 ms)
==3515== census: 5325 ms (took 0 ms)
==3515== census: 5357 ms (took 0 ms)
==3515== census: 5389 ms (took 0 ms)
==3515== census: 5421 ms (took 0 ms)
==3515== census: 5453 ms (took 0 ms)
==3515== census: 5485 ms (took 0 ms)
==3515== census: 5517 ms (took 0 ms)
==3515== census: 5549 ms (took 0 ms)
==3515== census: 5581 ms (took 0 ms)
==3515== census: 5613 ms (took 0 ms)
==3515== census: 5645 ms (took 0 ms)
==3515== census: 5707 ms (took 0 ms)
==3515== census: 5739 ms (took 0 ms)
==3515== census: 5771 ms (took 0 ms)
==3515== census: 5803 ms (took 0 ms)
==3515== census: 5844 ms (took 0 ms)
--3515-- REDIR: 0x3AB75F78 (realloc) redirected to 0x3A984E67 (realloc)
--3515-- REDIR: 0x3AB75DD4 (free) redirected to 0x3A984A30 (free)
==3515== census: 5876 ms (took 0 ms)
==3515== census: 5916 ms (took 0 ms)
==3515== census: 5948 ms (took 0 ms)
==3515== census: 5980 ms (took 0 ms)
==3515== census: 6012 ms (took 0 ms)
==3515== census: 6044 ms (took 0 ms)
==3515== census: 6076 ms (took 0 ms)
==3515== census: 6108 ms (took 0 ms)
==3515== census: 6140 ms (took 0 ms)
==3515== census: 6172 ms (took 0 ms)
==3515== census: 6204 ms (took 0 ms)
==3515== census: 6236 ms (took 0 ms)
==3515== census: 6268 ms (took 0 ms)
==3515== census: 6300 ms (took 0 ms)
==3515== census: 6332 ms (took 0 ms)
==3515== census: 6364 ms (took 0 ms)
==3515== census: 6396 ms (took 0 ms)
==3515== census: 6428 ms (took 0 ms)
==3515== census: 6460 ms (took 0 ms)
==3515== census: 6492 ms (took 0 ms)
==3515== census: 6524 ms (took 0 ms)
==3515== census: 6556 ms (took 0 ms)
==3515== census: 6588 ms (took 0 ms)
==3515== census: 6620 ms (took 0 ms)
==3515== census: 6652 ms (took 0 ms)
==3515== census: 6684 ms (took 0 ms)
==3515== census: 6716 ms (took 0 ms)
==3515== census: 6748 ms (took 0 ms)
==3515== census: 6780 ms (took 0 ms)
==3515== census: 6812 ms (took 0 ms)
==3515== census: 6844 ms (took 0 ms)
==3515== census: 6876 ms (took 0 ms)
==3515== census: 6908 ms (took 0 ms)
==3515== Halving censi...
==3515== ...done
==3515== census: 6940 ms (took 0 ms)
==3515== census: 7004 ms (took 0 ms)
==3515== census: 7068 ms (took 0 ms)
==3515== census: 7132 ms (took 0 ms)
==3515== census: 7196 ms (took 0 ms)
==3515== census: 7260 ms (took 0 ms)
==3515== census: 7324 ms (took 0 ms)
==3515== census: 7388 ms (took 0 ms)
==3515== census: 7452 ms (took 0 ms)
==3515== census: 7516 ms (took 0 ms)
==3515== census: 7580 ms (took 0 ms)
==3515== census: 7644 ms (took 0 ms)
==3515== census: 7708 ms (took 0 ms)
==3515== census: 7772 ms (took 0 ms)
==3515== census: 7836 ms (took 0 ms)
==3515== census: 7900 ms (took 0 ms)
==3515== census: 7964 ms (took 0 ms)
==3515== census: 8028 ms (took 0 ms)
==3515== census: 8092 ms (took 0 ms)
==3515== census: 8156 ms (took 0 ms)
==3515== census: 8220 ms (took 0 ms)
==3515== census: 8284 ms (took 0 ms)
==3515== census: 8348 ms (took 0 ms)
==3515== census: 8412 ms (took 0 ms)
==3515== census: 8478 ms (took 0 ms)
==3515== census: 8542 ms (took 0 ms)
==3515== census: 8606 ms (took 0 ms)
==3515== census: 8670 ms (took 0 ms)
==3515== census: 8734 ms (took 0 ms)
==3515== census: 8798 ms (took 0 ms)
==3515== census: 8862 ms (took 0 ms)
==3515== census: 8926 ms (took 0 ms)
==3515== census: 8990 ms (took 0 ms)
==3515== census: 9054 ms (took 0 ms)
==3515== census: 9118 ms (took 0 ms)
==3515== census: 9182 ms (took 0 ms)
==3515== census: 9246 ms (took 0 ms)
==3515== census: 9310 ms (took 0 ms)
==3515== census: 9374 ms (took 0 ms)
==3515== census: 9438 ms (took 0 ms)
==3515== census: 9518 ms (took 0 ms)
==3515== census: 9582 ms (took 0 ms)
==3515== census: 9646 ms (took 0 ms)
==3515== census: 9710 ms (took 0 ms)
==3515== census: 9774 ms (took 0 ms)
==3515== census: 9838 ms (took 0 ms)
==3515== census: 9902 ms (took 0 ms)
==3515== census: 9966 ms (took 0 ms)
==3515== census: 10030 ms (took 0 ms)
==3515== census: 10094 ms (took 0 ms)
==3515== census: 10158 ms (took 0 ms)
==3515== census: 10222 ms (took 0 ms)
==3515== census: 10286 ms (took 0 ms)
==3515== census: 10350 ms (took 0 ms)
==3515== census: 10414 ms (took 0 ms)
==3515== census: 10478 ms (took 0 ms)
==3515== census: 10542 ms (took 0 ms)
==3515== census: 10606 ms (took 0 ms)
==3515== census: 10670 ms (took 0 ms)
==3515== census: 10734 ms (took 0 ms)
==3515== census: 10798 ms (took 0 ms)
==3515== census: 10862 ms (took 0 ms)
==3515== census: 10926 ms (took 0 ms)
==3515== census: 10990 ms (took 0 ms)
==3515== census: 11054 ms (took 0 ms)
==3515== census: 11118 ms (took 0 ms)
==3515== census: 11182 ms (took 0 ms)
==3515== census: 11246 ms (took 0 ms)
==3515== census: 11310 ms (took 0 ms)
==3515== census: 11374 ms (took 0 ms)
==3515== census: 11438 ms (took 0 ms)
==3515== census: 11502 ms (took 0 ms)
==3515== census: 11566 ms (took 0 ms)
==3515== census: 11630 ms (took 0 ms)
==3515== census: 11694 ms (took 0 ms)
==3515== census: 11758 ms (took 0 ms)
==3515== census: 11822 ms (took 0 ms)
==3515== census: 11886 ms (took 0 ms)
==3515== census: 11950 ms (took 0 ms)
==3515== census: 12014 ms (took 0 ms)
==3515== census: 12078 ms (took 0 ms)
==3515== census: 12142 ms (took 0 ms)
==3515== census: 12206 ms (took 0 ms)
==3515== census: 12270 ms (took 0 ms)
==3515== census: 12334 ms (took 0 ms)
==3515== census: 12398 ms (took 0 ms)
==3515== census: 12462 ms (took 0 ms)
==3515== census: 12526 ms (took 0 ms)
==3515== census: 12590 ms (took 0 ms)
==3515== census: 12654 ms (took 0 ms)
==3515== census: 12718 ms (took 0 ms)
==3515== census: 12782 ms (took 0 ms)
==3515== census: 12846 ms (took 0 ms)
==3515== census: 12910 ms (took 0 ms)
==3515== census: 12974 ms (took 0 ms)
==3515== census: 13038 ms (took 0 ms)
==3515== census: 13102 ms (took 0 ms)
==3515== census: 13166 ms (took 0 ms)
==3515== census: 13230 ms (took 0 ms)
==3515== Halving censi...
==3515== ...done
==3515== census: 13294 ms (took 0 ms)
==3515== census: 13422 ms (took 0 ms)
==3515== census: 13550 ms (took 0 ms)
==3515== census: 13678 ms (took 0 ms)
==3515== census: 13806 ms (took 0 ms)
==3515== census: 13934 ms (took 0 ms)
==3515== census: 14062 ms (took 0 ms)
==3515== census: 14191 ms (took 0 ms)
==3515== census: 14319 ms (took 0 ms)
==3515== census: 14447 ms (took 0 ms)
==3515== census: 14575 ms (took 0 ms)
==3515== census: 14703 ms (took 0 ms)
==3515== census: 14831 ms (took 0 ms)
==3515== census: 14959 ms (took 0 ms)
==3515== census: 15087 ms (took 0 ms)
==3515== census: 15215 ms (took 0 ms)
==3515== census: 15343 ms (took 0 ms)
==3515== census: 15471 ms (took 0 ms)
==3515== census: 15599 ms (took 0 ms)
==3515== census: 15727 ms (took 0 ms)
==3515== census: 15856 ms (took 0 ms)
==3515== census: 15984 ms (took 0 ms)
==3515== census: 16112 ms (took 0 ms)
==3515== census: 16240 ms (took 0 ms)
==3515== census: 16368 ms (took 0 ms)
==3515== census: 16511 ms (took 0 ms)
==3515== census: 16639 ms (took 0 ms)
==3515== census: 16767 ms (took 0 ms)
==3515== census: 16895 ms (took 0 ms)
==3515== census: 17023 ms (took 0 ms)
==3515== census: 17151 ms (took 0 ms)
==3515== census: 17279 ms (took 0 ms)
==3515== census: 17407 ms (took 0 ms)
==3515== census: 17535 ms (took 0 ms)
==3515== census: 17663 ms (took 0 ms)
==3515== census: 17791 ms (took 0 ms)
==3515== census: 17929 ms (took 0 ms)
==3515== census: 18057 ms (took 0 ms)
==3515== census: 18185 ms (took 0 ms)
==3515== census: 18313 ms (took 0 ms)
==3515== census: 18442 ms (took 0 ms)
==3515== census: 18572 ms (took 0 ms)
==3515== census: 18700 ms (took 0 ms)
==3515== census: 18828 ms (took 0 ms)
==3515== census: 18956 ms (took 0 ms)
==3515== census: 19084 ms (took 0 ms)
==3515== census: 19212 ms (took 0 ms)
==3515== census: 19341 ms (took 0 ms)
==3515== census: 19469 ms (took 0 ms)
==3515== census: 19597 ms (took 0 ms)
==3515== census: 19725 ms (took 0 ms)
==3515== census: 19853 ms (took 0 ms)
==3515== census: 19981 ms (took 0 ms)
==3515== census: 20109 ms (took 0 ms)
==3515== census: 20237 ms (took 0 ms)
==3515== census: 20365 ms (took 0 ms)
==3515== census: 20493 ms (took 0 ms)
==3515== census: 20621 ms (took 0 ms)
==3515== census: 20749 ms (took 0 ms)
==3515== census: 20877 ms (took 0 ms)
==3515== census: 21005 ms (took 0 ms)
==3515== census: 21133 ms (took 0 ms)
==3515== census: 21261 ms (took 0 ms)
==3515== census: 21389 ms (took 0 ms)
==3515== census: 21517 ms (took 0 ms)
==3515== census: 21645 ms (took 0 ms)
==3515== census: 21773 ms (took 0 ms)
==3515== census: 21901 ms (took 0 ms)
==3515== census: 22029 ms (took 0 ms)
==3515== census: 22157 ms (took 0 ms)
==3515== census: 22285 ms (took 0 ms)
==3515== census: 22413 ms (took 0 ms)
==3515== census: 22541 ms (took 0 ms)
==3515== census: 22669 ms (took 0 ms)
==3515== census: 22797 ms (took 0 ms)
==3515== census: 22925 ms (took 0 ms)
==3515== census: 23053 ms (took 0 ms)
==3515== census: 23181 ms (took 0 ms)
==3515== census: 23309 ms (took 0 ms)
==3515== census: 23437 ms (took 0 ms)
==3515== census: 23565 ms (took 0 ms)
==3515== census: 23693 ms (took 0 ms)
==3515== census: 23821 ms (took 0 ms)
==3515== census: 23949 ms (took 0 ms)
==3515== census: 24077 ms (took 0 ms)
==3515== census: 24205 ms (took 0 ms)
==3515== census: 24333 ms (took 0 ms)
==3515== census: 24461 ms (took 0 ms)
==3515== census: 24589 ms (took 0 ms)
==3515== census: 24717 ms (took 0 ms)
==3515== census: 24845 ms (took 0 ms)
==3515== census: 24973 ms (took 0 ms)
==3515== census: 25101 ms (took 0 ms)
==3515== census: 25229 ms (took 0 ms)
==3515== census: 25357 ms (took 0 ms)
==3515== census: 25485 ms (took 0 ms)
==3515== census: 25613 ms (took 0 ms)
==3515== census: 25741 ms (took 0 ms)
==3515== census: 25869 ms (took 0 ms)
==3515== Halving censi...
==3515== ...done
==3515== census: 25997 ms (took 0 ms)
==3515== census: 26253 ms (took 0 ms)
==3515== census: 26509 ms (took 0 ms)
==3515== census: 26765 ms (took 0 ms)
==3515== census: 27021 ms (took 0 ms)
==3515== census: 27277 ms (took 0 ms)
==3515== census: 27533 ms (took 0 ms)
==3515== census: 27789 ms (took 0 ms)
==3515== census: 28045 ms (took 0 ms)
==3515== census: 28301 ms (took 0 ms)
==3515== census: 28557 ms (took 0 ms)
==3515== census: 28824 ms (took 0 ms)
==3515== census: 29080 ms (took 0 ms)
==3515== census: 29336 ms (took 0 ms)
==3515== census: 29592 ms (took 0 ms)
==3515== census: 29848 ms (took 0 ms)
==3515== census: 30104 ms (took 0 ms)
==3515== census: 30360 ms (took 0 ms)
==3515== census: 30616 ms (took 0 ms)
==3515== census: 30872 ms (took 0 ms)
==3515== census: 31128 ms (took 0 ms)
==3515== census: 31384 ms (took 0 ms)
==3515== census: 31640 ms (took 0 ms)
==3515== census: 31896 ms (took 0 ms)
==3515== census: 32152 ms (took 0 ms)
==3515== census: 32408 ms (took 0 ms)
==3515== census: 32664 ms (took 0 ms)
==3515== census: 32920 ms (took 0 ms)
==3515== census: 33176 ms (took 1 ms)
==3515== census: 33432 ms (took 0 ms)
==3515== census: 33688 ms (took 0 ms)
==3515== census: 33944 ms (took 0 ms)
==3515== census: 34200 ms (took 0 ms)
==3515== census: 34456 ms (took 0 ms)
==3515== census: 34712 ms (took 0 ms)
==3515== census: 34968 ms (took 0 ms)
==3515== census: 35224 ms (took 0 ms)
==3515== census: 35480 ms (took 0 ms)
==3515== census: 35736 ms (took 0 ms)
==3515== census: 35992 ms (took 0 ms)
==3515== census: 36248 ms (took 0 ms)
==3515== census: 36504 ms (took 0 ms)
==3515== census: 36760 ms (took 0 ms)
==3515== census: 37016 ms (took 0 ms)
==3515== census: 37272 ms (took 0 ms)
==3515== census: 37528 ms (took 0 ms)
==3515== census: 37784 ms (took 0 ms)
==3515== census: 38041 ms (took 0 ms)
==3515== census: 38297 ms (took 0 ms)
==3515== census: 38553 ms (took 0 ms)
==3515== census: 38809 ms (took 0 ms)
==3515== census: 39065 ms (took 0 ms)
==3515== census: 39321 ms (took 0 ms)
==3515== census: 39577 ms (took 0 ms)
==3515== census: 39833 ms (took 0 ms)
==3515== census: 40089 ms (took 0 ms)
==3515== census: 40345 ms (took 0 ms)
==3515== census: 40601 ms (took 0 ms)
==3515== census: 40857 ms (took 0 ms)
==3515== census: 41113 ms (took 0 ms)
==3515== census: 41369 ms (took 0 ms)
==3515== census: 41625 ms (took 0 ms)
==3515== census: 41881 ms (took 0 ms)
==3515== census: 42137 ms (took 0 ms)
==3515== census: 42393 ms (took 0 ms)
==3515== census: 42649 ms (took 0 ms)
==3515== census: 42905 ms (took 0 ms)
==3515== census: 43161 ms (took 0 ms)
==3515== census: 43417 ms (took 0 ms)
==3515== census: 43673 ms (took 0 ms)
==3515== census: 43929 ms (took 0 ms)
==3515== census: 44185 ms (took 0 ms)
==3515== census: 44441 ms (took 0 ms)
==3515== census: 44697 ms (took 0 ms)
==3515== census: 44953 ms (took 0 ms)
==3515== census: 45209 ms (took 0 ms)
==3515== census: 45465 ms (took 0 ms)
==3515== census: 45721 ms (took 0 ms)
==3515== census: 45977 ms (took 0 ms)
==3515== census: 46233 ms (took 0 ms)
==3515== census: 46490 ms (took 0 ms)
==3515== census: 46746 ms (took 0 ms)
==3515== census: 47002 ms (took 0 ms)
==3515== census: 47258 ms (took 0 ms)
==3515== census: 47514 ms (took 0 ms)
==3515== census: 47770 ms (took 0 ms)
==3515== census: 48026 ms (took 0 ms)
==3515== census: 48282 ms (took 0 ms)
==3515== census: 48538 ms (took 0 ms)
==3515== census: 48794 ms (took 0 ms)
==3515== census: 49050 ms (took 0 ms)
==3515== census: 49306 ms (took 0 ms)
==3515== census: 49562 ms (took 0 ms)
==3515== census: 49818 ms (took 0 ms)
==3515== census: 50074 ms (took 0 ms)
==3515== census: 50330 ms (took 0 ms)
==3515== census: 50586 ms (took 0 ms)
==3515== census: 50842 ms (took 0 ms)
==3515== census: 51098 ms (took 0 ms)
--3515-- REDIR: 0x3AB74344 (calloc) redirected to 0x3A98424D (calloc)
--3515-- REDIR: 0x3AAA9B18 (operator new[](unsigned)) redirected to 0x3A9851B6 (operator new[](unsigned))
==3515== Halving censi...
==3515== ...done
==3515== census: 70413 ms (took 1 ms)
--3515-- REDIR: 0x3AAA8548 (operator delete[](void*)) redirected to 0x3A984484 (operator delete[](void*))
==3515== census: 70925 ms (took 0 ms)
==3515== census: 71437 ms (took 0 ms)
==3515== census: 71949 ms (took 0 ms)
==3515== census: 72461 ms (took 0 ms)
==3515== census: 72973 ms (took 0 ms)
==3515== census: 73485 ms (took 0 ms)
==3515== census: 73997 ms (took 0 ms)
==3515== census: 74509 ms (took 0 ms)
==3515== census: 75021 ms (took 0 ms)
==3515== census: 75533 ms (took 0 ms)
==3515== census: 76045 ms (took 0 ms)
==3515== census: 76557 ms (took 0 ms)
==3515== census: 77069 ms (took 0 ms)
==3515== census: 77581 ms (took 0 ms)
==3515== census: 78093 ms (took 0 ms)
==3515== census: 78605 ms (took 0 ms)
==3515== census: 79117 ms (took 0 ms)
==3515== census: 79629 ms (took 0 ms)
==3515== census: 80141 ms (took 0 ms)
==3515== census: 80653 ms (took 0 ms)
==3515== census: 81165 ms (took 0 ms)
==3515== census: 81677 ms (took 0 ms)
==3515== 
==3515== Total spacetime:   868,597,693,535 ms.B
==3515== heap:              86.0%
==3515== heap admin:        13.8%
==3515== stack(s):           0.0%
--3515--     allocs: 825355
--3515-- zeroallocs: 0 (0%)
--3515--      frees: 808424
--3515--       XPts: 845 (33800 B)
--3515--   bot-XPts: 371 (43%)
--3515--   top-XPts: 189 (22%)
--3515-- c-reallocs: 31
--3515-- snap-frees: 3783
--3515-- atmp censi: 0
--3515-- fake censi: 1632767
--3515-- real censi: 1014
--3515--   halvings: 9
--3515--     tt/tc: 26887 tt lookups requiring 33490 probes
--3515--     tt/tc: 26887 fast-cache updates, 2 flushes
--3515-- translate: new        8409 (204246 -> 943203; ratio 46:10) [0 scs]
--3515-- translate: dumped     0 (0 -> ??)
--3515-- translate: discarded  0 (0 -> ??)
--3515-- scheduler: 200576298 jumps (bb entries).
--3515-- scheduler: 4011/1902837 major/minor sched events.
--3515--    sanity: 4012 cheap, 161 expensive checks.
--3515--    exectx: 4999 lists, 0 contexts (avg 0 per list)
--3515--    exectx: 0 searches, 0 full compares (0 per 1000)
--3515--    exectx: 0 cmp2, 0 cmp4, 0 cmpAll
