!PiCaSsO! version Alpha 0.01 Copyright (C) 2006 by !PiCaSsO! Developer team
08/19/2006 23:53:41: Loaded all accounts from database!
08/19/2006 23:53:41: Building external C# scripts, please wait...
08/19/2006 23:53:41: Global scripts successfully loaded!
08/19/2006 23:53:41: HTTPServer listening on port 8080
08/19/2006 23:53:41: Worldserver listening on port 8085
08/19/2006 23:53:41: AuthServer listening on port 3724
08/19/2006 23:53:41: Waiting for incoming connections...
08/19/2006 23:53:52: Incoming connection!
08/19/2006 23:53:52: Recieve unknown OPCode: 71
08/19/2006 23:53:58: Eine vorhandene Verbindung wurde vom Remotehost geschlossen
08/19/2006 23:53:58: Incoming connection!
08/19/2006 23:53:58: Recieve unknown OPCode: 71
08/19/2006 23:53:59: Eine vorhandene Verbindung wurde vom Remotehost geschlossen
08/19/2006 23:53:59: Incoming connection!
08/19/2006 23:53:59: Recieve unknown OPCode: 71
08/19/2006 23:53:59: Eine vorhandene Verbindung wurde vom Remotehost geschlossen
08/19/2006 23:53:59: Incoming connection!
08/19/2006 23:53:59: Recieve unknown OPCode: 71
08/19/2006 23:54:00: Eine vorhandene Verbindung wurde vom Remotehost geschlossen
08/19/2006 23:54:00: Incoming connection!
08/19/2006 23:54:00: Recieve unknown OPCode: 71
08/19/2006 23:54:04: Eine vorhandene Verbindung wurde vom Remotehost geschlossen
