!PiCaSsO! version Alpha 0.01 Copyright (C) 2006 by !PiCaSsO! Developer team
08/19/2006 23:52:03: Loaded all accounts from database!
08/19/2006 23:52:03: Building external C# scripts, please wait...
08/19/2006 23:52:03: Global scripts successfully loaded!
08/19/2006 23:52:03: HTTPServer listening on port 8080
08/19/2006 23:52:03: Worldserver listening on port 8085
08/19/2006 23:52:03: AuthServer listening on port 3724
08/19/2006 23:52:03: Waiting for incoming connections...
08/19/2006 23:52:17: Client Redirected to Worldserver!
08/19/2006 23:52:17: Challenged client to auth again.
08/19/2006 23:52:17: Recieve unknown OPCode: 71
08/19/2006 23:52:21: Eine vorhandene Verbindung wurde vom Remotehost geschlossen
08/19/2006 23:52:21: Socket Type Stream
08/19/2006 23:52:21: Client Connected!
08/19/2006 23:52:21: ==================
08/19/2006 23:52:21: Client IP 127.0.0.1:2359
08/19/2006 23:52:21: Directory Requested : http\
08/19/2006 23:52:21: File Requested : http\account.htm
08/19/2006 23:52:21: Number of bytes sent 110
08/19/2006 23:52:21: Total Bytes : 1547
08/19/2006 23:52:21: Number of bytes sent 1547
08/19/2006 23:52:25: Incoming connection!
08/19/2006 23:52:25: Recieve unknown OPCode: 71
08/19/2006 23:52:46: Eine vorhandene Verbindung wurde vom Remotehost geschlossen
