!PiCaSsO! version Alpha 0.01 Copyright (C) 2006 by !PiCaSsO! Developer team
08/20/2006 00:02:37: Loaded all accounts from database!
08/20/2006 00:02:37: Building external C# scripts, please wait...
08/20/2006 00:02:37: Global scripts successfully loaded!
08/20/2006 00:02:37: HTTPServer listening on port 8080
08/20/2006 00:02:38: Worldserver listening on port 8085
08/20/2006 00:02:38: AuthServer listening on port 3724
08/20/2006 00:02:38: Waiting for incoming connections...
08/20/2006 00:02:44: Socket Type Stream
08/20/2006 00:02:44: Client Connected!
08/20/2006 00:02:44: ==================
08/20/2006 00:02:44: Client IP 127.0.0.1:2415
08/20/2006 00:02:44: Directory Requested : http\
08/20/2006 00:02:44: File Requested : http\account.htm
08/20/2006 00:02:44: Number of bytes sent 110
08/20/2006 00:02:44: Total Bytes : 1547
08/20/2006 00:02:44: Number of bytes sent 1547
08/20/2006 00:02:48: Socket Type Stream
08/20/2006 00:02:48: Client Connected!
08/20/2006 00:02:48: ==================
08/20/2006 00:02:48: Client IP 127.0.0.1:2416
08/20/2006 00:02:48: HTTPServer: method = POST
08/20/2006 00:02:48: Created new account. Username: test Password: test
08/20/2006 00:02:48: Directory Requested : http\
08/20/2006 00:02:48: File Requested : http\accountcreated.htm
08/20/2006 00:02:48: Number of bytes sent 110
08/20/2006 00:02:48: Total Bytes : 1156
08/20/2006 00:02:48: Number of bytes sent 1156
